[2026-03-09 20:40:12] [main/ INFO] (BlossomLib): BlossomLib mixins loading
[2026-03-09 20:44:48] [main/ INFO] (BlossomLib): BlossomLib mixins loading
[2026-03-09 20:45:01] [main/TRACE] (BlossomLib): register config manager BlossomHomes.json
[2026-03-09 20:45:01] [main/TRACE] (BlossomLib): loading config BlossomHomes.json
[2026-03-09 20:45:01] [main/TRACE] (BlossomLib): saving config BlossomHomes.json
[2026-03-09 20:45:01] [main/TRACE] (BlossomLib): register BlossomHomes
[2026-03-09 20:45:02] [main/ INFO] (BlossomLib): BlossomLib has starting
[2026-03-09 20:45:40] [main/ INFO] (BlossomLib): BlossomLib mixins loading
[2026-03-09 20:46:01] [main/TRACE] (BlossomLib): register config manager BlossomHomes.json
[2026-03-09 20:46:01] [main/TRACE] (BlossomLib): loading config BlossomHomes.json
[2026-03-09 20:46:01] [main/TRACE] (BlossomLib): saving config BlossomHomes.json
[2026-03-09 20:46:01] [main/TRACE] (BlossomLib): register BlossomHomes
[2026-03-09 20:46:01] [main/ INFO] (BlossomLib): BlossomLib has starting
[2026-03-09 20:46:30] [Server thread/TRACE] (BlossomLib): reading BlossomHomes
[2026-03-09 20:46:30] [Server thread/ INFO] (BlossomLib): ./world/./data/BlossomHomes.json (No such file or directory)
[2026-03-09 20:46:30] [Server thread/TRACE] (BlossomLib): writing BlossomHomes
[2026-03-09 20:48:57] [main/ INFO] (BlossomLib): BlossomLib mixins loading
[2026-03-09 20:49:12] [main/TRACE] (BlossomLib): register config manager BlossomHomes.json
[2026-03-09 20:49:12] [main/TRACE] (BlossomLib): loading config BlossomHomes.json
[2026-03-09 20:49:12] [main/TRACE] (BlossomLib): saving config BlossomHomes.json
[2026-03-09 20:49:12] [main/TRACE] (BlossomLib): register BlossomHomes
[2026-03-09 20:49:12] [main/ INFO] (BlossomLib): BlossomLib has starting
[2026-03-09 20:49:42] [Server thread/TRACE] (BlossomLib): reading BlossomHomes
[2026-03-09 20:49:42] [Server thread/ INFO] (BlossomLib): ./world/./data/BlossomHomes.json (No such file or directory)
[2026-03-09 20:49:42] [Server thread/TRACE] (BlossomLib): writing BlossomHomes
[2026-03-09 20:49:42] [Server thread/ERROR] (BlossomLib): Throwing
java.io.FileNotFoundException: ./world/./data/BlossomHomes.json (No such file or directory)
	at java.base/java.io.FileOutputStream.open0(Native Method)
	at java.base/java.io.FileOutputStream.open(FileOutputStream.java:289)
	at java.base/java.io.FileOutputStream.<init>(FileOutputStream.java:230)
	at java.base/java.io.FileOutputStream.<init>(FileOutputStream.java:179)
	at knot//dev.codedsakura.blossom.lib.data.DataController.getWriter(DataController.java:64)
	at knot//dev.codedsakura.blossom.lib.data.DataController.write(DataController.java:74)
	at knot//dev.codedsakura.blossom.lib.data.DataController.lambda$new$0(DataController.java:30)
	at knot//net.fabricmc.fabric.api.event.lifecycle.v1.ServerLifecycleEvents.lambda$static$0(ServerLifecycleEvents.java:38)
	at knot//net.minecraft.server.MinecraftServer.handler$bbi000$fabric-lifecycle-events-v1$beforeSetupServer(MinecraftServer.java:6197)
	at knot//net.minecraft.server.MinecraftServer.method_29741(MinecraftServer.java:672)
	at knot//net.minecraft.server.MinecraftServer.method_29739(MinecraftServer.java:291)
	at java.base/java.lang.Thread.run(Thread.java:1583)
[2026-03-09 21:26:18] [Server thread/ INFO] (BlossomHomes): adding home Home{name='home', world='minecraft:overworld', x=-343.5444066152006, y=64.0, z=250.99137067980604, yaw=60.14972, pitch=32.400013} to class_3222['FewerSteak1914'/15378, l='ServerLevel[world]', x=-343.54, y=64.00, z=250.99]
[2026-03-09 21:26:18] [Server thread/TRACE] (BlossomLib): writing BlossomHomes
[2026-03-09 21:26:30] [Server thread/DEBUG] (BlossomHomes): removing home Home{name='home', world='minecraft:overworld', x=-343.5444066152006, y=64.0, z=250.99137067980604, yaw=60.14972, pitch=32.400013} from class_3222['FewerSteak1914'/15378, l='ServerLevel[world]', x=-338.50, y=66.00, z=153.50]
[2026-03-09 21:26:30] [Server thread/TRACE] (BlossomLib): writing BlossomHomes
[2026-03-09 21:33:31] [Server thread/TRACE] (BlossomLib): writing BlossomHomes
[2026-03-10 08:16:18] [main/ INFO] (BlossomLib): BlossomLib mixins loading
[2026-03-10 08:16:40] [main/TRACE] (BlossomLib): register config manager BlossomHomes.json
[2026-03-10 08:16:40] [main/TRACE] (BlossomLib): loading config BlossomHomes.json
[2026-03-10 08:16:40] [main/TRACE] (BlossomLib): saving config BlossomHomes.json
[2026-03-10 08:16:40] [main/TRACE] (BlossomLib): register BlossomHomes
[2026-03-10 08:16:40] [main/ INFO] (BlossomLib): BlossomLib has starting
[2026-03-10 08:17:04] [Server thread/TRACE] (BlossomLib): reading BlossomHomes
[2026-03-10 08:17:04] [Server thread/TRACE] (BlossomLib): writing BlossomHomes
[2026-03-10 08:38:56] [Server thread/TRACE] (BlossomLib): writing BlossomHomes
[2026-03-10 10:41:42] [main/ INFO] (BlossomLib): BlossomLib mixins loading
[2026-03-10 10:41:56] [main/TRACE] (BlossomLib): register config manager BlossomHomes.json
[2026-03-10 10:41:56] [main/TRACE] (BlossomLib): loading config BlossomHomes.json
[2026-03-10 10:41:56] [main/TRACE] (BlossomLib): saving config BlossomHomes.json
[2026-03-10 10:41:56] [main/TRACE] (BlossomLib): register BlossomHomes
[2026-03-10 10:41:56] [main/ INFO] (BlossomLib): BlossomLib has starting
[2026-03-10 10:42:29] [Server thread/TRACE] (BlossomLib): reading BlossomHomes
[2026-03-10 10:42:29] [Server thread/TRACE] (BlossomLib): writing BlossomHomes
[2026-03-10 10:45:29] [main/ INFO] (BlossomLib): BlossomLib mixins loading
[2026-03-10 10:45:56] [main/TRACE] (BlossomLib): register config manager BlossomHomes.json
[2026-03-10 10:45:56] [main/TRACE] (BlossomLib): loading config BlossomHomes.json
[2026-03-10 10:45:56] [main/TRACE] (BlossomLib): saving config BlossomHomes.json
[2026-03-10 10:45:56] [main/TRACE] (BlossomLib): register BlossomHomes
[2026-03-10 10:45:56] [main/ INFO] (BlossomLib): BlossomLib has starting
[2026-03-10 10:46:32] [Server thread/TRACE] (BlossomLib): reading BlossomHomes
[2026-03-10 10:46:32] [Server thread/ INFO] (BlossomLib): ./world/./data/BlossomHomes.json (No such file or directory)
[2026-03-10 10:46:32] [Server thread/TRACE] (BlossomLib): writing BlossomHomes
[2026-03-10 10:46:32] [Server thread/ERROR] (BlossomLib): Throwing
java.io.FileNotFoundException: ./world/./data/BlossomHomes.json (No such file or directory)
	at java.base/java.io.FileOutputStream.open0(Native Method)
	at java.base/java.io.FileOutputStream.open(FileOutputStream.java:289)
	at java.base/java.io.FileOutputStream.<init>(FileOutputStream.java:230)
	at java.base/java.io.FileOutputStream.<init>(FileOutputStream.java:179)
	at knot//dev.codedsakura.blossom.lib.data.DataController.getWriter(DataController.java:64)
	at knot//dev.codedsakura.blossom.lib.data.DataController.write(DataController.java:74)
	at knot//dev.codedsakura.blossom.lib.data.DataController.lambda$new$0(DataController.java:30)
	at knot//net.fabricmc.fabric.api.event.lifecycle.v1.ServerLifecycleEvents.lambda$static$0(ServerLifecycleEvents.java:38)
	at knot//net.minecraft.server.MinecraftServer.handler$bbi000$fabric-lifecycle-events-v1$beforeSetupServer(MinecraftServer.java:6197)
	at knot//net.minecraft.server.MinecraftServer.method_29741(MinecraftServer.java:672)
	at knot//net.minecraft.server.MinecraftServer.method_29739(MinecraftServer.java:291)
	at java.base/java.lang.Thread.run(Thread.java:1583)
[2026-03-10 10:54:59] [Server thread/TRACE] (BlossomLib): writing BlossomHomes
[2026-03-10 09:15:55] [main/ INFO] (BlossomLib): BlossomLib mixins loading
[2026-03-10 09:16:07] [main/TRACE] (BlossomLib): register config manager BlossomHomes.json
[2026-03-10 09:16:07] [main/TRACE] (BlossomLib): loading config BlossomHomes.json
[2026-03-10 09:16:07] [main/TRACE] (BlossomLib): saving config BlossomHomes.json
[2026-03-10 09:16:07] [main/TRACE] (BlossomLib): register BlossomHomes
[2026-03-10 09:16:07] [main/ INFO] (BlossomLib): BlossomLib has starting
[2026-03-10 09:16:25] [Server thread/TRACE] (BlossomLib): reading BlossomHomes
[2026-03-10 09:16:25] [Server thread/TRACE] (BlossomLib): writing BlossomHomes
[2026-03-10 09:21:17] [main/ INFO] (BlossomLib): BlossomLib mixins loading
[2026-03-10 09:21:28] [main/TRACE] (BlossomLib): register config manager BlossomHomes.json
[2026-03-10 09:21:28] [main/TRACE] (BlossomLib): loading config BlossomHomes.json
[2026-03-10 09:21:28] [main/TRACE] (BlossomLib): saving config BlossomHomes.json
[2026-03-10 09:21:28] [main/TRACE] (BlossomLib): register BlossomHomes
[2026-03-10 09:21:28] [main/ INFO] (BlossomLib): BlossomLib has starting
[2026-03-10 09:21:48] [Server thread/TRACE] (BlossomLib): reading BlossomHomes
[2026-03-10 09:21:48] [Server thread/TRACE] (BlossomLib): writing BlossomHomes
[2026-03-10 10:10:00] [main/ INFO] (BlossomLib): BlossomLib mixins loading
[2026-03-10 10:10:13] [main/TRACE] (BlossomLib): register config manager BlossomHomes.json
[2026-03-10 10:10:13] [main/TRACE] (BlossomLib): loading config BlossomHomes.json
[2026-03-10 10:10:13] [main/TRACE] (BlossomLib): saving config BlossomHomes.json
[2026-03-10 10:10:13] [main/TRACE] (BlossomLib): register BlossomHomes
[2026-03-10 10:10:13] [main/ INFO] (BlossomLib): BlossomLib has starting
[2026-03-10 10:10:32] [Server thread/TRACE] (BlossomLib): reading BlossomHomes
[2026-03-10 10:10:32] [Server thread/TRACE] (BlossomLib): writing BlossomHomes
[2026-03-10 11:00:44] [main/ INFO] (BlossomLib): BlossomLib mixins loading
[2026-03-10 11:00:55] [main/TRACE] (BlossomLib): register config manager BlossomHomes.json
[2026-03-10 11:00:55] [main/TRACE] (BlossomLib): loading config BlossomHomes.json
[2026-03-10 11:00:55] [main/TRACE] (BlossomLib): saving config BlossomHomes.json
[2026-03-10 11:00:55] [main/TRACE] (BlossomLib): register BlossomHomes
[2026-03-10 11:00:55] [main/ INFO] (BlossomLib): BlossomLib has starting
[2026-03-10 11:01:13] [Server thread/TRACE] (BlossomLib): reading BlossomHomes
[2026-03-10 11:01:13] [Server thread/TRACE] (BlossomLib): writing BlossomHomes
[2026-03-10 11:18:56] [main/ INFO] (BlossomLib): BlossomLib mixins loading
[2026-03-10 11:19:06] [main/TRACE] (BlossomLib): register config manager BlossomHomes.json
[2026-03-10 11:19:06] [main/TRACE] (BlossomLib): loading config BlossomHomes.json
[2026-03-10 11:19:06] [main/TRACE] (BlossomLib): saving config BlossomHomes.json
[2026-03-10 11:19:06] [main/TRACE] (BlossomLib): register BlossomHomes
[2026-03-10 11:19:06] [main/ INFO] (BlossomLib): BlossomLib has starting
[2026-03-10 11:19:25] [Server thread/TRACE] (BlossomLib): reading BlossomHomes
[2026-03-10 11:19:25] [Server thread/TRACE] (BlossomLib): writing BlossomHomes
[2026-03-10 11:22:53] [main/ INFO] (BlossomLib): BlossomLib mixins loading
[2026-03-10 11:23:04] [main/TRACE] (BlossomLib): register config manager BlossomHomes.json
[2026-03-10 11:23:04] [main/TRACE] (BlossomLib): loading config BlossomHomes.json
[2026-03-10 11:23:04] [main/TRACE] (BlossomLib): saving config BlossomHomes.json
[2026-03-10 11:23:04] [main/TRACE] (BlossomLib): register BlossomHomes
[2026-03-10 11:23:04] [main/ INFO] (BlossomLib): BlossomLib has starting
[2026-03-10 11:23:22] [Server thread/TRACE] (BlossomLib): reading BlossomHomes
[2026-03-10 11:23:22] [Server thread/TRACE] (BlossomLib): writing BlossomHomes
[2026-03-10 11:58:58] [main/ INFO] (BlossomLib): BlossomLib mixins loading
[2026-03-10 11:59:10] [main/TRACE] (BlossomLib): register config manager BlossomHomes.json
[2026-03-10 11:59:10] [main/TRACE] (BlossomLib): loading config BlossomHomes.json
[2026-03-10 11:59:10] [main/TRACE] (BlossomLib): saving config BlossomHomes.json
[2026-03-10 11:59:10] [main/TRACE] (BlossomLib): register BlossomHomes
[2026-03-10 11:59:10] [main/ INFO] (BlossomLib): BlossomLib has starting
[2026-03-10 11:59:29] [Server thread/TRACE] (BlossomLib): reading BlossomHomes
[2026-03-10 11:59:29] [Server thread/TRACE] (BlossomLib): writing BlossomHomes
[2026-03-10 12:31:58] [main/ INFO] (BlossomLib): BlossomLib mixins loading
[2026-03-10 12:32:12] [main/TRACE] (BlossomLib): register config manager BlossomHomes.json
[2026-03-10 12:32:12] [main/TRACE] (BlossomLib): loading config BlossomHomes.json
[2026-03-10 12:32:12] [main/TRACE] (BlossomLib): saving config BlossomHomes.json
[2026-03-10 12:32:12] [main/TRACE] (BlossomLib): register BlossomHomes
[2026-03-10 12:32:12] [main/ INFO] (BlossomLib): BlossomLib has starting
[2026-03-10 12:32:31] [Server thread/TRACE] (BlossomLib): reading BlossomHomes
[2026-03-10 12:32:31] [Server thread/TRACE] (BlossomLib): writing BlossomHomes
[2026-03-10 12:42:39] [Server thread/TRACE] (BlossomLib): writing BlossomHomes
[2026-03-10 12:53:50] [main/ INFO] (BlossomLib): BlossomLib mixins loading
[2026-03-10 12:54:03] [main/TRACE] (BlossomLib): register config manager BlossomHomes.json
[2026-03-10 12:54:03] [main/TRACE] (BlossomLib): loading config BlossomHomes.json
[2026-03-10 12:54:03] [main/TRACE] (BlossomLib): saving config BlossomHomes.json
[2026-03-10 12:54:03] [main/TRACE] (BlossomLib): register BlossomHomes
[2026-03-10 12:54:03] [main/ INFO] (BlossomLib): BlossomLib has starting
[2026-03-10 12:54:22] [Server thread/TRACE] (BlossomLib): reading BlossomHomes
[2026-03-10 12:54:22] [Server thread/TRACE] (BlossomLib): writing BlossomHomes
[2026-03-10 13:12:07] [main/ INFO] (BlossomLib): BlossomLib mixins loading
[2026-03-10 13:12:19] [main/TRACE] (BlossomLib): register config manager BlossomHomes.json
[2026-03-10 13:12:19] [main/TRACE] (BlossomLib): loading config BlossomHomes.json
[2026-03-10 13:12:19] [main/TRACE] (BlossomLib): saving config BlossomHomes.json
[2026-03-10 13:12:19] [main/TRACE] (BlossomLib): register BlossomHomes
[2026-03-10 13:12:19] [main/ INFO] (BlossomLib): BlossomLib has starting
[2026-03-10 13:12:39] [Server thread/TRACE] (BlossomLib): reading BlossomHomes
[2026-03-10 13:12:39] [Server thread/TRACE] (BlossomLib): writing BlossomHomes
[2026-03-10 13:17:47] [Server thread/TRACE] (BlossomLib): writing BlossomHomes
[2026-03-10 13:45:09] [main/ INFO] (BlossomLib): BlossomLib mixins loading
[2026-03-10 13:45:21] [main/TRACE] (BlossomLib): register config manager BlossomHomes.json
[2026-03-10 13:45:21] [main/TRACE] (BlossomLib): loading config BlossomHomes.json
[2026-03-10 13:45:21] [main/TRACE] (BlossomLib): saving config BlossomHomes.json
[2026-03-10 13:45:21] [main/TRACE] (BlossomLib): register BlossomHomes
[2026-03-10 13:45:21] [main/ INFO] (BlossomLib): BlossomLib has starting
[2026-03-10 13:45:40] [Server thread/TRACE] (BlossomLib): reading BlossomHomes
[2026-03-10 13:45:40] [Server thread/TRACE] (BlossomLib): writing BlossomHomes
[2026-03-10 13:51:52] [main/ INFO] (BlossomLib): BlossomLib mixins loading
[2026-03-10 13:52:04] [main/TRACE] (BlossomLib): register config manager BlossomHomes.json
[2026-03-10 13:52:04] [main/TRACE] (BlossomLib): loading config BlossomHomes.json
[2026-03-10 13:52:04] [main/TRACE] (BlossomLib): saving config BlossomHomes.json
[2026-03-10 13:52:04] [main/TRACE] (BlossomLib): register BlossomHomes
[2026-03-10 13:52:04] [main/ INFO] (BlossomLib): BlossomLib has starting
[2026-03-10 13:52:23] [Server thread/TRACE] (BlossomLib): reading BlossomHomes
[2026-03-10 13:52:23] [Server thread/TRACE] (BlossomLib): writing BlossomHomes
[2026-03-10 14:47:31] [main/ INFO] (BlossomLib): BlossomLib mixins loading
[2026-03-10 14:47:43] [main/TRACE] (BlossomLib): register config manager BlossomHomes.json
[2026-03-10 14:47:43] [main/TRACE] (BlossomLib): loading config BlossomHomes.json
[2026-03-10 14:47:43] [main/TRACE] (BlossomLib): saving config BlossomHomes.json
[2026-03-10 14:47:43] [main/TRACE] (BlossomLib): register BlossomHomes
[2026-03-10 14:47:43] [main/ INFO] (BlossomLib): BlossomLib has starting
[2026-03-10 14:48:02] [Server thread/TRACE] (BlossomLib): reading BlossomHomes
[2026-03-10 14:48:02] [Server thread/TRACE] (BlossomLib): writing BlossomHomes
[2026-03-10 15:46:53] [main/ INFO] (BlossomLib): BlossomLib mixins loading
[2026-03-10 15:47:05] [main/TRACE] (BlossomLib): register config manager BlossomHomes.json
[2026-03-10 15:47:05] [main/TRACE] (BlossomLib): loading config BlossomHomes.json
[2026-03-10 15:47:05] [main/TRACE] (BlossomLib): saving config BlossomHomes.json
[2026-03-10 15:47:05] [main/TRACE] (BlossomLib): register BlossomHomes
[2026-03-10 15:47:06] [main/ INFO] (BlossomLib): BlossomLib has starting
[2026-03-10 15:47:24] [Server thread/TRACE] (BlossomLib): reading BlossomHomes
[2026-03-10 15:47:24] [Server thread/TRACE] (BlossomLib): writing BlossomHomes
[2026-03-10 15:56:49] [main/ INFO] (BlossomLib): BlossomLib mixins loading
[2026-03-10 15:56:59] [main/TRACE] (BlossomLib): register config manager BlossomHomes.json
[2026-03-10 15:56:59] [main/TRACE] (BlossomLib): loading config BlossomHomes.json
[2026-03-10 15:56:59] [main/TRACE] (BlossomLib): saving config BlossomHomes.json
[2026-03-10 15:56:59] [main/TRACE] (BlossomLib): register BlossomHomes
[2026-03-10 15:56:59] [main/ INFO] (BlossomLib): BlossomLib has starting
[2026-03-10 15:57:18] [Server thread/TRACE] (BlossomLib): reading BlossomHomes
[2026-03-10 15:57:18] [Server thread/TRACE] (BlossomLib): writing BlossomHomes
[2026-03-10 23:52:16] [main/ INFO] (BlossomLib): BlossomLib mixins loading
[2026-03-10 23:52:26] [main/TRACE] (BlossomLib): register config manager BlossomHomes.json
[2026-03-10 23:52:26] [main/TRACE] (BlossomLib): loading config BlossomHomes.json
[2026-03-10 23:52:26] [main/TRACE] (BlossomLib): saving config BlossomHomes.json
[2026-03-10 23:52:26] [main/TRACE] (BlossomLib): register BlossomHomes
[2026-03-10 23:52:26] [main/ INFO] (BlossomLib): BlossomLib has starting
[2026-03-10 23:52:44] [Server thread/TRACE] (BlossomLib): reading BlossomHomes
[2026-03-10 23:52:44] [Server thread/TRACE] (BlossomLib): writing BlossomHomes
[2026-03-11 09:31:14] [main/ INFO] (BlossomLib): BlossomLib mixins loading
[2026-03-11 09:31:24] [main/TRACE] (BlossomLib): register config manager BlossomHomes.json
[2026-03-11 09:31:24] [main/TRACE] (BlossomLib): loading config BlossomHomes.json
[2026-03-11 09:31:24] [main/TRACE] (BlossomLib): saving config BlossomHomes.json
[2026-03-11 09:31:24] [main/TRACE] (BlossomLib): register BlossomHomes
[2026-03-11 09:31:24] [main/ INFO] (BlossomLib): BlossomLib has starting
[2026-03-11 09:31:43] [Server thread/TRACE] (BlossomLib): reading BlossomHomes
[2026-03-11 09:31:43] [Server thread/TRACE] (BlossomLib): writing BlossomHomes
[2026-03-12 09:27:24] [main/ INFO] (BlossomLib): BlossomLib mixins loading
[2026-03-12 09:27:35] [main/TRACE] (BlossomLib): register config manager BlossomHomes.json
[2026-03-12 09:27:35] [main/TRACE] (BlossomLib): loading config BlossomHomes.json
[2026-03-12 09:27:35] [main/TRACE] (BlossomLib): saving config BlossomHomes.json
[2026-03-12 09:27:35] [main/TRACE] (BlossomLib): register BlossomHomes
[2026-03-12 09:27:35] [main/ INFO] (BlossomLib): BlossomLib has starting
[2026-03-12 09:27:53] [Server thread/TRACE] (BlossomLib): reading BlossomHomes
[2026-03-12 09:27:53] [Server thread/TRACE] (BlossomLib): writing BlossomHomes
[2026-03-12 09:59:30] [Server thread/ INFO] (BlossomHomes): adding home Home{name='flower', world='minecraft:overworld', x=333.6134692422077, y=92.0, z=-382.543256693897, yaw=-134.39935, pitch=50.55} to class_3222['FewerSteak1914'/7186, l='ServerLevel[world]', x=333.61, y=92.00, z=-382.54]
[2026-03-12 09:59:30] [Server thread/TRACE] (BlossomLib): writing BlossomHomes
[2026-03-12 10:11:16] [Server thread/ INFO] (BlossomHomes): adding home Home{name='monument', world='minecraft:overworld', x=2100.2188407258227, y=62.110764312744145, z=-2280.012433493619, yaw=168.34349, pitch=40.34242} to class_3222['FewerSteak1914'/7186, l='ServerLevel[world]', x=2100.22, y=62.11, z=-2280.01]
[2026-03-12 10:11:16] [Server thread/TRACE] (BlossomLib): writing BlossomHomes
[2026-03-12 10:28:00] [Server thread/ INFO] (BlossomHomes): adding home Home{name='struc', world='minecraft:overworld', x=3164.5162315316206, y=72.0, z=-3012.0599335893257, yaw=83.025024, pitch=21.750023} to class_3222['FewerSteak1914'/32979, l='ServerLevel[world]', x=3164.52, y=72.00, z=-3012.06]
[2026-03-12 10:28:44] [Server thread/TRACE] (BlossomLib): writing BlossomHomes
[2026-03-12 10:32:51] [main/ INFO] (BlossomLib): BlossomLib mixins loading
[2026-03-12 10:33:02] [main/TRACE] (BlossomLib): register config manager BlossomHomes.json
[2026-03-12 10:33:02] [main/TRACE] (BlossomLib): loading config BlossomHomes.json
[2026-03-12 10:33:02] [main/TRACE] (BlossomLib): saving config BlossomHomes.json
[2026-03-12 10:33:02] [main/TRACE] (BlossomLib): register BlossomHomes
[2026-03-12 10:33:02] [main/ INFO] (BlossomLib): BlossomLib has starting
[2026-03-12 10:33:20] [Server thread/TRACE] (BlossomLib): reading BlossomHomes
[2026-03-12 10:33:20] [Server thread/TRACE] (BlossomLib): writing BlossomHomes
[2026-03-12 10:34:29] [Server thread/ INFO] (BlossomHomes): adding home Home{name='struc', world='minecraft:overworld', x=3170.076595141103, y=73.0, z=-3012.9028653369905, yaw=67.12497, pitch=45.750015} to class_3222['FewerSteak1914'/203, l='ServerLevel[world]', x=3170.08, y=73.00, z=-3012.90]
[2026-03-12 10:34:31] [Server thread/ INFO] (BlossomHomes): adding home Home{name='struc', world='minecraft:overworld', x=3170.076595141103, y=73.0, z=-3012.9028653369905, yaw=95.77496, pitch=41.100033} to class_3222['FewerSteak1914'/203, l='ServerLevel[world]', x=3170.08, y=73.00, z=-3012.90]
[2026-03-12 10:35:23] [Server thread/TRACE] (BlossomLib): writing BlossomHomes
[2026-03-12 10:35:27] [Server thread/ INFO] (BlossomHomes): adding home Home{name='struc', world='minecraft:overworld', x=3170.076595141103, y=73.0, z=-3012.9028653369905, yaw=95.624916, pitch=30.000032} to class_3222['FewerSteak1914'/2078, l='ServerLevel[world]', x=3170.08, y=73.00, z=-3012.90]
[2026-03-12 10:35:27] [Server thread/TRACE] (BlossomLib): writing BlossomHomes
[2026-03-12 10:40:25] [Server thread/ INFO] (BlossomHomes): adding home Home{name='swamp', world='minecraft:overworld', x=3564.3703444961043, y=63.0, z=-3449.0467674681527, yaw=-136.2882, pitch=54.29997} to class_3222['FewerSteak1914'/2078, l='ServerLevel[world]', x=3564.37, y=63.00, z=-3449.05]
[2026-03-12 10:40:25] [Server thread/TRACE] (BlossomLib): writing BlossomHomes
[2026-03-12 10:41:10] [Server thread/ INFO] (BlossomHomes): adding home Home{name='swampvil', world='minecraft:overworld', x=3617.5772163927327, y=67.0, z=-3483.790120632798, yaw=-102.050476, pitch=23.375572} to class_3222['FewerSteak1914'/2078, l='ServerLevel[world]', x=3617.58, y=67.00, z=-3483.79]
[2026-03-12 10:41:10] [Server thread/TRACE] (BlossomLib): writing BlossomHomes
[2026-03-12 10:41:14] [Server thread/DEBUG] (BlossomHomes): removing home Home{name='swamp', world='minecraft:overworld', x=3564.3703444961043, y=63.0, z=-3449.0467674681527, yaw=-136.2882, pitch=54.29997} from class_3222['FewerSteak1914'/2078, l='ServerLevel[world]', x=3617.58, y=67.00, z=-3483.79]
[2026-03-12 10:41:14] [Server thread/TRACE] (BlossomLib): writing BlossomHomes
[2026-03-12 10:44:57] [Server thread/ INFO] (BlossomHomes): adding home Home{name='ice', world='minecraft:overworld', x=4082.081883278484, y=63.0, z=-4166.382628060975, yaw=-135.45668, pitch=27.22625} to class_3222['FewerSteak1914'/2078, l='ServerLevel[world]', x=4082.08, y=63.00, z=-4166.38]
[2026-03-12 10:44:57] [Server thread/TRACE] (BlossomLib): writing BlossomHomes
[2026-03-12 11:00:19] [Server thread/ INFO] (BlossomHomes): adding home Home{name='bietthu', world='minecraft:overworld', x=6979.300000011921, y=83.0, z=-6872.5067344732, yaw=76.0462, pitch=11.485147} to class_3222['FewerSteak1914'/2078, l='ServerLevel[world]', x=6979.30, y=83.00, z=-6872.51]
[2026-03-12 11:00:19] [Server thread/TRACE] (BlossomLib): writing BlossomHomes
[2026-03-12 11:04:41] [Server thread/ INFO] (BlossomHomes): adding home Home{name='home', world='minecraft:overworld', x=7224.409783476255, y=103.0, z=-6762.17392955944, yaw=-172.38751, pitch=27.551016} to class_3222['FewerSteak1914'/2078, l='ServerLevel[world]', x=7224.41, y=103.00, z=-6762.17]
[2026-03-12 11:04:41] [Server thread/TRACE] (BlossomLib): writing BlossomHomes
[2026-03-12 11:11:16] [Server thread/TRACE] (BlossomLib): writing BlossomHomes
[2026-03-12 12:31:43] [main/ INFO] (BlossomLib): BlossomLib mixins loading
[2026-03-12 12:34:14] [main/ INFO] (BlossomLib): BlossomLib mixins loading
[2026-03-12 12:34:25] [main/TRACE] (BlossomLib): register config manager BlossomHomes.json
[2026-03-12 12:34:25] [main/TRACE] (BlossomLib): loading config BlossomHomes.json
[2026-03-12 12:34:25] [main/TRACE] (BlossomLib): saving config BlossomHomes.json
[2026-03-12 12:34:25] [main/TRACE] (BlossomLib): register BlossomHomes
[2026-03-12 12:34:25] [main/ INFO] (BlossomLib): BlossomLib has starting
[2026-03-12 12:34:44] [Server thread/TRACE] (BlossomLib): reading BlossomHomes
[2026-03-12 12:34:44] [Server thread/TRACE] (BlossomLib): writing BlossomHomes
[2026-03-12 12:38:31] [main/ INFO] (BlossomLib): BlossomLib mixins loading
[2026-03-12 12:38:43] [main/TRACE] (BlossomLib): register config manager BlossomHomes.json
[2026-03-12 12:38:43] [main/TRACE] (BlossomLib): loading config BlossomHomes.json
[2026-03-12 12:38:43] [main/TRACE] (BlossomLib): saving config BlossomHomes.json
[2026-03-12 12:38:43] [main/TRACE] (BlossomLib): register BlossomHomes
[2026-03-12 12:38:43] [main/ INFO] (BlossomLib): BlossomLib has starting
[2026-03-12 12:39:02] [Server thread/TRACE] (BlossomLib): reading BlossomHomes
[2026-03-12 12:39:02] [Server thread/TRACE] (BlossomLib): writing BlossomHomes
[2026-03-12 14:00:35] [main/ INFO] (BlossomLib): BlossomLib mixins loading
[2026-03-12 14:00:48] [main/TRACE] (BlossomLib): register config manager BlossomHomes.json
[2026-03-12 14:00:48] [main/TRACE] (BlossomLib): loading config BlossomHomes.json
[2026-03-12 14:00:48] [main/TRACE] (BlossomLib): saving config BlossomHomes.json
[2026-03-12 14:00:48] [main/TRACE] (BlossomLib): register BlossomHomes
[2026-03-12 14:00:48] [main/ INFO] (BlossomLib): BlossomLib has starting
[2026-03-12 14:01:08] [Server thread/TRACE] (BlossomLib): reading BlossomHomes
[2026-03-12 14:01:08] [Server thread/TRACE] (BlossomLib): writing BlossomHomes
[2026-03-12 14:07:38] [main/ INFO] (BlossomLib): BlossomLib mixins loading
[2026-03-12 14:07:49] [main/TRACE] (BlossomLib): register config manager BlossomHomes.json
[2026-03-12 14:07:49] [main/TRACE] (BlossomLib): loading config BlossomHomes.json
[2026-03-12 14:07:49] [main/TRACE] (BlossomLib): saving config BlossomHomes.json
[2026-03-12 14:07:49] [main/TRACE] (BlossomLib): register BlossomHomes
[2026-03-12 14:07:49] [main/ INFO] (BlossomLib): BlossomLib has starting
[2026-03-12 14:08:09] [Server thread/TRACE] (BlossomLib): reading BlossomHomes
[2026-03-12 14:08:09] [Server thread/TRACE] (BlossomLib): writing BlossomHomes
[2026-03-12 14:37:53] [main/ INFO] (BlossomLib): BlossomLib mixins loading
[2026-03-12 14:38:03] [main/TRACE] (BlossomLib): register config manager BlossomHomes.json
[2026-03-12 14:38:03] [main/TRACE] (BlossomLib): loading config BlossomHomes.json
[2026-03-12 14:38:03] [main/TRACE] (BlossomLib): saving config BlossomHomes.json
[2026-03-12 14:38:03] [main/TRACE] (BlossomLib): register BlossomHomes
[2026-03-12 14:38:03] [main/ INFO] (BlossomLib): BlossomLib has starting
[2026-03-12 14:38:23] [Server thread/TRACE] (BlossomLib): reading BlossomHomes
[2026-03-12 14:38:23] [Server thread/TRACE] (BlossomLib): writing BlossomHomes
[2026-03-13 02:07:14] [main/ INFO] (BlossomLib): BlossomLib mixins loading
[2026-03-13 02:07:25] [main/TRACE] (BlossomLib): register config manager BlossomHomes.json
[2026-03-13 02:07:25] [main/TRACE] (BlossomLib): loading config BlossomHomes.json
[2026-03-13 02:07:25] [main/TRACE] (BlossomLib): saving config BlossomHomes.json
[2026-03-13 02:07:25] [main/TRACE] (BlossomLib): register BlossomHomes
[2026-03-13 02:07:25] [main/ INFO] (BlossomLib): BlossomLib has starting
[2026-03-13 02:07:44] [Server thread/TRACE] (BlossomLib): reading BlossomHomes
[2026-03-13 02:07:44] [Server thread/TRACE] (BlossomLib): writing BlossomHomes
[2026-03-13 10:37:21] [main/ INFO] (BlossomLib): BlossomLib mixins loading
[2026-03-13 10:37:33] [main/TRACE] (BlossomLib): register config manager BlossomHomes.json
[2026-03-13 10:37:33] [main/TRACE] (BlossomLib): loading config BlossomHomes.json
[2026-03-13 10:37:33] [main/TRACE] (BlossomLib): saving config BlossomHomes.json
[2026-03-13 10:37:33] [main/TRACE] (BlossomLib): register BlossomHomes
[2026-03-13 10:37:33] [main/ INFO] (BlossomLib): BlossomLib has starting
[2026-03-13 10:37:52] [Server thread/TRACE] (BlossomLib): reading BlossomHomes
[2026-03-13 10:37:52] [Server thread/TRACE] (BlossomLib): writing BlossomHomes
[2026-03-13 10:51:13] [Server thread/TRACE] (BlossomHomes): home player class_3222['FewerSteak1914'/202, l='ServerLevel[world]', x=7349.81, y=55.97, z=-6918.23] to Home{name='home', world='minecraft:overworld', x=7224.409783476255, y=103.0, z=-6762.17392955944, yaw=-172.38751, pitch=27.551016}
[2026-03-13 10:51:13] [Server thread/DEBUG] (BlossomLib): Create new genericCountdown for edc6da0c-d07d-3ac0-a19e-74a2f0f3e7a8 (3.0 s)
[2026-03-13 10:51:16] [Server thread/DEBUG] (BlossomLib): genericCountdown for edc6da0c-d07d-3ac0-a19e-74a2f0f3e7a8 has ended
[2026-03-13 11:12:21] [Server thread/ INFO] (BlossomHomes): adding home Home{name='cherry', world='minecraft:overworld', x=7320.612828965856, y=130.0625, z=-6719.267195214916, yaw=0.118869305, pitch=26.850018} to class_3222['FewerSteak1914'/38433, l='ServerLevel[world]', x=7320.61, y=130.06, z=-6719.27]
[2026-03-13 11:12:21] [Server thread/TRACE] (BlossomLib): writing BlossomHomes
[2026-03-13 11:12:41] [Server thread/DEBUG] (BlossomHomes): removing home Home{name='home', world='minecraft:overworld', x=7224.409783476255, y=103.0, z=-6762.17392955944, yaw=-172.38751, pitch=27.551016} from class_3222['FewerSteak1914'/38433, l='ServerLevel[world]', x=7259.70, y=96.00, z=-6731.70]
[2026-03-13 11:12:41] [Server thread/TRACE] (BlossomLib): writing BlossomHomes
[2026-03-13 11:13:03] [Server thread/TRACE] (BlossomHomes): home player class_3222['FewerSteak1914'/38433, l='ServerLevel[world]', x=7237.98, y=100.00, z=-6749.35] to Home{name='cherry', world='minecraft:overworld', x=7320.612828965856, y=130.0625, z=-6719.267195214916, yaw=0.118869305, pitch=26.850018}
[2026-03-13 11:13:03] [Server thread/DEBUG] (BlossomLib): Create new genericCountdown for edc6da0c-d07d-3ac0-a19e-74a2f0f3e7a8 (3.0 s)
[2026-03-13 11:13:06] [Server thread/DEBUG] (BlossomLib): genericCountdown for edc6da0c-d07d-3ac0-a19e-74a2f0f3e7a8 has ended
[2026-03-13 15:18:47] [Server thread/TRACE] (BlossomHomes): home player class_3222['FewerSteak1914'/53988, l='ServerLevel[world]', x=2.04, y=103.00, z=-1.70] to Home{name='cherry', world='minecraft:overworld', x=7320.612828965856, y=130.0625, z=-6719.267195214916, yaw=0.118869305, pitch=26.850018}
[2026-03-13 15:18:47] [Server thread/DEBUG] (BlossomLib): Create new genericCountdown for edc6da0c-d07d-3ac0-a19e-74a2f0f3e7a8 (3.0 s)
[2026-03-13 15:18:50] [Server thread/DEBUG] (BlossomLib): genericCountdown for edc6da0c-d07d-3ac0-a19e-74a2f0f3e7a8 has ended
[2026-03-13 15:25:57] [Server thread/TRACE] (BlossomLib): writing BlossomHomes
[2026-03-14 01:48:08] [main/ INFO] (BlossomLib): BlossomLib mixins loading
[2026-03-14 01:48:20] [main/TRACE] (BlossomLib): register config manager BlossomHomes.json
[2026-03-14 01:48:20] [main/TRACE] (BlossomLib): loading config BlossomHomes.json
[2026-03-14 01:48:20] [main/TRACE] (BlossomLib): saving config BlossomHomes.json
[2026-03-14 01:48:20] [main/TRACE] (BlossomLib): register BlossomHomes
[2026-03-14 01:48:20] [main/ INFO] (BlossomLib): BlossomLib has starting
[2026-03-14 01:48:39] [Server thread/TRACE] (BlossomLib): reading BlossomHomes
[2026-03-14 01:48:39] [Server thread/TRACE] (BlossomLib): writing BlossomHomes
[2026-03-14 02:00:00] [main/ INFO] (BlossomLib): BlossomLib mixins loading
[2026-03-14 02:00:13] [main/TRACE] (BlossomLib): register config manager BlossomHomes.json
[2026-03-14 02:00:13] [main/TRACE] (BlossomLib): loading config BlossomHomes.json
[2026-03-14 02:00:13] [main/TRACE] (BlossomLib): saving config BlossomHomes.json
[2026-03-14 02:00:13] [main/TRACE] (BlossomLib): register BlossomHomes
[2026-03-14 02:00:13] [main/ INFO] (BlossomLib): BlossomLib has starting
[2026-03-14 02:00:31] [Server thread/TRACE] (BlossomLib): reading BlossomHomes
[2026-03-14 02:00:31] [Server thread/TRACE] (BlossomLib): writing BlossomHomes
[2026-03-14 02:06:13] [main/ INFO] (BlossomLib): BlossomLib mixins loading
[2026-03-14 02:06:24] [main/TRACE] (BlossomLib): register config manager BlossomHomes.json
[2026-03-14 02:06:24] [main/TRACE] (BlossomLib): loading config BlossomHomes.json
[2026-03-14 02:06:24] [main/TRACE] (BlossomLib): saving config BlossomHomes.json
[2026-03-14 02:06:24] [main/TRACE] (BlossomLib): register BlossomHomes
[2026-03-14 02:06:24] [main/ INFO] (BlossomLib): BlossomLib has starting
[2026-03-14 02:06:43] [Server thread/TRACE] (BlossomLib): reading BlossomHomes
[2026-03-14 02:06:43] [Server thread/TRACE] (BlossomLib): writing BlossomHomes
[2026-03-14 02:12:48] [main/ INFO] (BlossomLib): BlossomLib mixins loading
[2026-03-14 02:12:59] [main/TRACE] (BlossomLib): register config manager BlossomHomes.json
[2026-03-14 02:12:59] [main/TRACE] (BlossomLib): loading config BlossomHomes.json
[2026-03-14 02:12:59] [main/TRACE] (BlossomLib): saving config BlossomHomes.json
[2026-03-14 02:12:59] [main/TRACE] (BlossomLib): register BlossomHomes
[2026-03-14 02:12:59] [main/ INFO] (BlossomLib): BlossomLib has starting
[2026-03-14 02:13:18] [Server thread/TRACE] (BlossomLib): reading BlossomHomes
[2026-03-14 02:13:18] [Server thread/TRACE] (BlossomLib): writing BlossomHomes
[2026-03-14 02:17:40] [main/ INFO] (BlossomLib): BlossomLib mixins loading
[2026-03-14 02:17:51] [main/TRACE] (BlossomLib): register config manager BlossomHomes.json
[2026-03-14 02:17:51] [main/TRACE] (BlossomLib): loading config BlossomHomes.json
[2026-03-14 02:17:51] [main/TRACE] (BlossomLib): saving config BlossomHomes.json
[2026-03-14 02:17:51] [main/TRACE] (BlossomLib): register BlossomHomes
[2026-03-14 02:17:51] [main/ INFO] (BlossomLib): BlossomLib has starting
[2026-03-14 02:44:16] [main/ INFO] (BlossomLib): BlossomLib mixins loading
[2026-03-14 02:44:27] [main/TRACE] (BlossomLib): register config manager BlossomHomes.json
[2026-03-14 02:44:27] [main/TRACE] (BlossomLib): loading config BlossomHomes.json
[2026-03-14 02:44:27] [main/TRACE] (BlossomLib): saving config BlossomHomes.json
[2026-03-14 02:44:27] [main/TRACE] (BlossomLib): register BlossomHomes
[2026-03-14 02:44:27] [main/ INFO] (BlossomLib): BlossomLib has starting
[2026-03-14 02:44:46] [Server thread/TRACE] (BlossomLib): reading BlossomHomes
[2026-03-14 02:44:46] [Server thread/TRACE] (BlossomLib): writing BlossomHomes
[2026-03-14 03:15:31] [Server thread/ INFO] (BlossomHomes): adding home Home{name='cuongchanthoi', world='minecraft:overworld', x=62.839803291173794, y=92.5, z=105.7761788192835, yaw=29.399048, pitch=25.799988} to class_3222['cuongchanthoi'/2432, l='ServerLevel[world]', x=62.84, y=92.50, z=105.78]
[2026-03-14 03:15:31] [Server thread/TRACE] (BlossomLib): writing BlossomHomes
[2026-03-14 05:41:50] [main/ INFO] (BlossomLib): BlossomLib mixins loading
[2026-03-14 05:42:01] [main/TRACE] (BlossomLib): register config manager BlossomHomes.json
[2026-03-14 05:42:01] [main/TRACE] (BlossomLib): loading config BlossomHomes.json
[2026-03-14 05:42:01] [main/TRACE] (BlossomLib): saving config BlossomHomes.json
[2026-03-14 05:42:01] [main/TRACE] (BlossomLib): register BlossomHomes
[2026-03-14 05:42:02] [main/ INFO] (BlossomLib): BlossomLib has starting
[2026-03-14 05:42:21] [Server thread/TRACE] (BlossomLib): reading BlossomHomes
[2026-03-14 05:42:21] [Server thread/TRACE] (BlossomLib): writing BlossomHomes
[2026-03-14 05:58:56] [main/ INFO] (BlossomLib): BlossomLib mixins loading
[2026-03-14 05:59:08] [main/TRACE] (BlossomLib): register config manager BlossomHomes.json
[2026-03-14 05:59:08] [main/TRACE] (BlossomLib): loading config BlossomHomes.json
[2026-03-14 05:59:08] [main/TRACE] (BlossomLib): saving config BlossomHomes.json
[2026-03-14 05:59:08] [main/TRACE] (BlossomLib): register BlossomHomes
[2026-03-14 05:59:08] [main/ INFO] (BlossomLib): BlossomLib has starting
[2026-03-14 05:59:26] [Server thread/TRACE] (BlossomLib): reading BlossomHomes
[2026-03-14 05:59:26] [Server thread/TRACE] (BlossomLib): writing BlossomHomes
[2026-03-14 06:22:28] [main/ INFO] (BlossomLib): BlossomLib mixins loading
[2026-03-14 06:22:39] [main/TRACE] (BlossomLib): register config manager BlossomHomes.json
[2026-03-14 06:22:39] [main/TRACE] (BlossomLib): loading config BlossomHomes.json
[2026-03-14 06:22:39] [main/TRACE] (BlossomLib): saving config BlossomHomes.json
[2026-03-14 06:22:39] [main/TRACE] (BlossomLib): register BlossomHomes
[2026-03-14 06:22:39] [main/ INFO] (BlossomLib): BlossomLib has starting
[2026-03-14 06:22:59] [Server thread/TRACE] (BlossomLib): reading BlossomHomes
[2026-03-14 06:22:59] [Server thread/TRACE] (BlossomLib): writing BlossomHomes
[2026-03-14 06:27:31] [main/ INFO] (BlossomLib): BlossomLib mixins loading
[2026-03-14 06:27:43] [main/TRACE] (BlossomLib): register config manager BlossomHomes.json
[2026-03-14 06:27:43] [main/TRACE] (BlossomLib): loading config BlossomHomes.json
[2026-03-14 06:27:43] [main/TRACE] (BlossomLib): saving config BlossomHomes.json
[2026-03-14 06:27:43] [main/TRACE] (BlossomLib): register BlossomHomes
[2026-03-14 06:27:43] [main/ INFO] (BlossomLib): BlossomLib has starting
[2026-03-14 06:28:02] [Server thread/TRACE] (BlossomLib): reading BlossomHomes
[2026-03-14 06:28:02] [Server thread/TRACE] (BlossomLib): writing BlossomHomes
[2026-03-14 07:02:55] [main/ INFO] (BlossomLib): BlossomLib mixins loading
[2026-03-14 07:03:07] [main/TRACE] (BlossomLib): register config manager BlossomHomes.json
[2026-03-14 07:03:07] [main/TRACE] (BlossomLib): loading config BlossomHomes.json
[2026-03-14 07:03:07] [main/TRACE] (BlossomLib): saving config BlossomHomes.json
[2026-03-14 07:03:07] [main/TRACE] (BlossomLib): register BlossomHomes
[2026-03-14 07:03:07] [main/ INFO] (BlossomLib): BlossomLib has starting
[2026-03-14 07:03:26] [Server thread/TRACE] (BlossomLib): reading BlossomHomes
[2026-03-14 07:03:26] [Server thread/TRACE] (BlossomLib): writing BlossomHomes
[2026-03-14 07:16:45] [main/ INFO] (BlossomLib): BlossomLib mixins loading
[2026-03-14 07:16:56] [main/TRACE] (BlossomLib): register config manager BlossomHomes.json
[2026-03-14 07:16:56] [main/TRACE] (BlossomLib): loading config BlossomHomes.json
[2026-03-14 07:16:56] [main/TRACE] (BlossomLib): saving config BlossomHomes.json
[2026-03-14 07:16:56] [main/TRACE] (BlossomLib): register BlossomHomes
[2026-03-14 07:16:56] [main/ INFO] (BlossomLib): BlossomLib has starting
[2026-03-14 07:17:17] [Server thread/TRACE] (BlossomLib): reading BlossomHomes
[2026-03-14 07:17:17] [Server thread/TRACE] (BlossomLib): writing BlossomHomes
[2026-03-14 07:30:09] [main/ INFO] (BlossomLib): BlossomLib mixins loading
[2026-03-14 07:30:20] [main/TRACE] (BlossomLib): register config manager BlossomHomes.json
[2026-03-14 07:30:20] [main/TRACE] (BlossomLib): loading config BlossomHomes.json
[2026-03-14 07:30:20] [main/TRACE] (BlossomLib): saving config BlossomHomes.json
[2026-03-14 07:30:20] [main/TRACE] (BlossomLib): register BlossomHomes
[2026-03-14 07:30:20] [main/ INFO] (BlossomLib): BlossomLib has starting
[2026-03-14 07:30:39] [Server thread/TRACE] (BlossomLib): reading BlossomHomes
[2026-03-14 07:30:39] [Server thread/TRACE] (BlossomLib): writing BlossomHomes
[2026-03-14 07:37:45] [main/ INFO] (BlossomLib): BlossomLib mixins loading
[2026-03-14 07:37:57] [main/TRACE] (BlossomLib): register config manager BlossomHomes.json
[2026-03-14 07:37:57] [main/TRACE] (BlossomLib): loading config BlossomHomes.json
[2026-03-14 07:37:57] [main/TRACE] (BlossomLib): saving config BlossomHomes.json
[2026-03-14 07:37:57] [main/TRACE] (BlossomLib): register BlossomHomes
[2026-03-14 07:37:57] [main/ INFO] (BlossomLib): BlossomLib has starting
[2026-03-14 07:38:18] [Server thread/TRACE] (BlossomLib): reading BlossomHomes
[2026-03-14 07:38:18] [Server thread/TRACE] (BlossomLib): writing BlossomHomes
[2026-03-14 07:46:56] [main/ INFO] (BlossomLib): BlossomLib mixins loading
[2026-03-14 07:47:07] [main/TRACE] (BlossomLib): register config manager BlossomHomes.json
[2026-03-14 07:47:07] [main/TRACE] (BlossomLib): loading config BlossomHomes.json
[2026-03-14 07:47:07] [main/TRACE] (BlossomLib): saving config BlossomHomes.json
[2026-03-14 07:47:07] [main/TRACE] (BlossomLib): register BlossomHomes
[2026-03-14 07:47:07] [main/ INFO] (BlossomLib): BlossomLib has starting
[2026-03-14 07:47:29] [Server thread/TRACE] (BlossomLib): reading BlossomHomes
[2026-03-14 07:47:29] [Server thread/TRACE] (BlossomLib): writing BlossomHomes
[2026-03-14 07:59:06] [main/ INFO] (BlossomLib): BlossomLib mixins loading
[2026-03-14 07:59:17] [main/TRACE] (BlossomLib): register config manager BlossomHomes.json
[2026-03-14 07:59:17] [main/TRACE] (BlossomLib): loading config BlossomHomes.json
[2026-03-14 07:59:17] [main/TRACE] (BlossomLib): saving config BlossomHomes.json
[2026-03-14 07:59:17] [main/TRACE] (BlossomLib): register BlossomHomes
[2026-03-14 07:59:17] [main/ INFO] (BlossomLib): BlossomLib has starting
[2026-03-14 07:59:37] [Server thread/TRACE] (BlossomLib): reading BlossomHomes
[2026-03-14 07:59:37] [Server thread/TRACE] (BlossomLib): writing BlossomHomes
[2026-03-14 08:06:43] [main/ INFO] (BlossomLib): BlossomLib mixins loading
[2026-03-14 08:06:54] [main/TRACE] (BlossomLib): register config manager BlossomHomes.json
[2026-03-14 08:06:54] [main/TRACE] (BlossomLib): loading config BlossomHomes.json
[2026-03-14 08:06:54] [main/TRACE] (BlossomLib): saving config BlossomHomes.json
[2026-03-14 08:06:54] [main/TRACE] (BlossomLib): register BlossomHomes
[2026-03-14 08:06:54] [main/ INFO] (BlossomLib): BlossomLib has starting
[2026-03-14 08:07:14] [Server thread/TRACE] (BlossomLib): reading BlossomHomes
[2026-03-14 08:07:14] [Server thread/TRACE] (BlossomLib): writing BlossomHomes
[2026-03-14 08:13:35] [main/ INFO] (BlossomLib): BlossomLib mixins loading
[2026-03-14 08:13:46] [main/TRACE] (BlossomLib): register config manager BlossomHomes.json
[2026-03-14 08:13:46] [main/TRACE] (BlossomLib): loading config BlossomHomes.json
[2026-03-14 08:13:46] [main/TRACE] (BlossomLib): saving config BlossomHomes.json
[2026-03-14 08:13:46] [main/TRACE] (BlossomLib): register BlossomHomes
[2026-03-14 08:13:46] [main/ INFO] (BlossomLib): BlossomLib has starting
[2026-03-14 08:14:06] [Server thread/TRACE] (BlossomLib): reading BlossomHomes
[2026-03-14 08:14:06] [Server thread/TRACE] (BlossomLib): writing BlossomHomes
[2026-03-14 08:19:44] [main/ INFO] (BlossomLib): BlossomLib mixins loading
[2026-03-14 08:19:56] [main/TRACE] (BlossomLib): register config manager BlossomHomes.json
[2026-03-14 08:19:56] [main/TRACE] (BlossomLib): loading config BlossomHomes.json
[2026-03-14 08:19:56] [main/TRACE] (BlossomLib): saving config BlossomHomes.json
[2026-03-14 08:19:56] [main/TRACE] (BlossomLib): register BlossomHomes
[2026-03-14 08:19:56] [main/ INFO] (BlossomLib): BlossomLib has starting
[2026-03-14 08:20:16] [Server thread/TRACE] (BlossomLib): reading BlossomHomes
[2026-03-14 08:20:16] [Server thread/TRACE] (BlossomLib): writing BlossomHomes
[2026-03-14 08:48:31] [main/ INFO] (BlossomLib): BlossomLib mixins loading
[2026-03-14 08:48:42] [main/TRACE] (BlossomLib): register config manager BlossomHomes.json
[2026-03-14 08:48:42] [main/TRACE] (BlossomLib): loading config BlossomHomes.json
[2026-03-14 08:48:42] [main/TRACE] (BlossomLib): saving config BlossomHomes.json
[2026-03-14 08:48:42] [main/TRACE] (BlossomLib): register BlossomHomes
[2026-03-14 08:48:42] [main/ INFO] (BlossomLib): BlossomLib has starting
[2026-03-14 08:49:02] [Server thread/TRACE] (BlossomLib): reading BlossomHomes
[2026-03-14 08:49:02] [Server thread/TRACE] (BlossomLib): writing BlossomHomes
[2026-03-14 08:52:52] [main/ INFO] (BlossomLib): BlossomLib mixins loading
[2026-03-14 08:53:02] [main/TRACE] (BlossomLib): register config manager BlossomHomes.json
[2026-03-14 08:53:02] [main/TRACE] (BlossomLib): loading config BlossomHomes.json
[2026-03-14 08:53:02] [main/TRACE] (BlossomLib): saving config BlossomHomes.json
[2026-03-14 08:53:02] [main/TRACE] (BlossomLib): register BlossomHomes
[2026-03-14 08:53:02] [main/ INFO] (BlossomLib): BlossomLib has starting
[2026-03-14 08:53:22] [Server thread/TRACE] (BlossomLib): reading BlossomHomes
[2026-03-14 08:53:22] [Server thread/TRACE] (BlossomLib): writing BlossomHomes
[2026-03-14 09:01:07] [main/ INFO] (BlossomLib): BlossomLib mixins loading
[2026-03-14 09:01:18] [main/TRACE] (BlossomLib): register config manager BlossomHomes.json
[2026-03-14 09:01:18] [main/TRACE] (BlossomLib): loading config BlossomHomes.json
[2026-03-14 09:01:18] [main/TRACE] (BlossomLib): saving config BlossomHomes.json
[2026-03-14 09:01:18] [main/TRACE] (BlossomLib): register BlossomHomes
[2026-03-14 09:01:18] [main/ INFO] (BlossomLib): BlossomLib has starting
[2026-03-14 09:01:38] [Server thread/TRACE] (BlossomLib): reading BlossomHomes
[2026-03-14 09:01:38] [Server thread/TRACE] (BlossomLib): writing BlossomHomes
[2026-03-14 09:08:50] [main/ INFO] (BlossomLib): BlossomLib mixins loading
[2026-03-14 09:09:01] [main/TRACE] (BlossomLib): register config manager BlossomHomes.json
[2026-03-14 09:09:01] [main/TRACE] (BlossomLib): loading config BlossomHomes.json
[2026-03-14 09:09:01] [main/TRACE] (BlossomLib): saving config BlossomHomes.json
[2026-03-14 09:09:01] [main/TRACE] (BlossomLib): register BlossomHomes
[2026-03-14 09:09:01] [main/ INFO] (BlossomLib): BlossomLib has starting
[2026-03-14 09:09:28] [Server thread/TRACE] (BlossomLib): reading BlossomHomes
[2026-03-14 09:09:28] [Server thread/TRACE] (BlossomLib): writing BlossomHomes
[2026-03-14 09:15:11] [main/ INFO] (BlossomLib): BlossomLib mixins loading
[2026-03-14 09:15:21] [main/TRACE] (BlossomLib): register config manager BlossomHomes.json
[2026-03-14 09:15:21] [main/TRACE] (BlossomLib): loading config BlossomHomes.json
[2026-03-14 09:15:21] [main/TRACE] (BlossomLib): saving config BlossomHomes.json
[2026-03-14 09:15:21] [main/TRACE] (BlossomLib): register BlossomHomes
[2026-03-14 09:15:21] [main/ INFO] (BlossomLib): BlossomLib has starting
[2026-03-14 09:15:49] [Server thread/TRACE] (BlossomLib): reading BlossomHomes
[2026-03-14 09:15:49] [Server thread/TRACE] (BlossomLib): writing BlossomHomes
[2026-03-14 09:20:17] [main/ INFO] (BlossomLib): BlossomLib mixins loading
[2026-03-14 09:20:28] [main/TRACE] (BlossomLib): register config manager BlossomHomes.json
[2026-03-14 09:20:28] [main/TRACE] (BlossomLib): loading config BlossomHomes.json
[2026-03-14 09:20:28] [main/TRACE] (BlossomLib): saving config BlossomHomes.json
[2026-03-14 09:20:28] [main/TRACE] (BlossomLib): register BlossomHomes
[2026-03-14 09:20:28] [main/ INFO] (BlossomLib): BlossomLib has starting
[2026-03-14 09:20:56] [Server thread/TRACE] (BlossomLib): reading BlossomHomes
[2026-03-14 09:20:56] [Server thread/TRACE] (BlossomLib): writing BlossomHomes
[2026-03-14 09:29:08] [main/ INFO] (BlossomLib): BlossomLib mixins loading
[2026-03-14 09:29:19] [main/TRACE] (BlossomLib): register config manager BlossomHomes.json
[2026-03-14 09:29:19] [main/TRACE] (BlossomLib): loading config BlossomHomes.json
[2026-03-14 09:29:19] [main/TRACE] (BlossomLib): saving config BlossomHomes.json
[2026-03-14 09:29:19] [main/TRACE] (BlossomLib): register BlossomHomes
[2026-03-14 09:29:19] [main/ INFO] (BlossomLib): BlossomLib has starting
[2026-03-14 09:29:48] [Server thread/TRACE] (BlossomLib): reading BlossomHomes
[2026-03-14 09:29:48] [Server thread/TRACE] (BlossomLib): writing BlossomHomes
[2026-03-14 09:40:28] [Server thread/TRACE] (BlossomHomes): home player class_3222['FewerSteak1914'/262, l='ServerLevel[world]', x=0.30, y=99.00, z=1.30] to null
[2026-03-14 09:40:32] [Server thread/TRACE] (BlossomHomes): home player class_3222['FewerSteak1914'/262, l='ServerLevel[world]', x=0.30, y=99.00, z=1.30] to Home{name='cherry', world='minecraft:overworld', x=7320.612828965856, y=130.0625, z=-6719.267195214916, yaw=0.118869305, pitch=26.850018}
[2026-03-14 09:40:32] [Server thread/DEBUG] (BlossomLib): Create new genericCountdown for edc6da0c-d07d-3ac0-a19e-74a2f0f3e7a8 (3.0 s)
[2026-03-14 09:40:35] [Server thread/DEBUG] (BlossomLib): genericCountdown for edc6da0c-d07d-3ac0-a19e-74a2f0f3e7a8 has ended
[2026-03-14 09:43:19] [Server thread/TRACE] (BlossomHomes): home player class_3222['FewerSteak1914'/262, l='ServerLevel[world]', x=0.82, y=101.00, z=0.80] to null
[2026-03-14 09:43:21] [Server thread/TRACE] (BlossomHomes): home player class_3222['FewerSteak1914'/262, l='ServerLevel[world]', x=0.82, y=101.00, z=0.80] to Home{name='cherry', world='minecraft:overworld', x=7320.612828965856, y=130.0625, z=-6719.267195214916, yaw=0.118869305, pitch=26.850018}
[2026-03-14 09:43:21] [Server thread/DEBUG] (BlossomLib): Create new genericCountdown for edc6da0c-d07d-3ac0-a19e-74a2f0f3e7a8 (3.0 s)
[2026-03-14 09:43:24] [Server thread/DEBUG] (BlossomLib): genericCountdown for edc6da0c-d07d-3ac0-a19e-74a2f0f3e7a8 has ended
[2026-03-14 09:45:11] [Server thread/TRACE] (BlossomHomes): home player class_3222['FewerSteak1914'/262, l='ServerLevel[world]', x=1.52, y=99.00, z=0.70] to null
[2026-03-14 09:45:17] [Server thread/TRACE] (BlossomHomes): home player class_3222['FewerSteak1914'/262, l='ServerLevel[world]', x=1.52, y=99.00, z=0.70] to Home{name='cherry', world='minecraft:overworld', x=7320.612828965856, y=130.0625, z=-6719.267195214916, yaw=0.118869305, pitch=26.850018}
[2026-03-14 09:45:17] [Server thread/DEBUG] (BlossomLib): Create new genericCountdown for edc6da0c-d07d-3ac0-a19e-74a2f0f3e7a8 (3.0 s)
[2026-03-14 09:45:20] [Server thread/DEBUG] (BlossomLib): genericCountdown for edc6da0c-d07d-3ac0-a19e-74a2f0f3e7a8 has ended
[2026-03-14 09:48:38] [Server thread/TRACE] (BlossomHomes): home player class_3222['FewerSteak1914'/262, l='ServerLevel[world]', x=3.82, y=93.00, z=4.40] to null
[2026-03-14 09:48:46] [Server thread/TRACE] (BlossomHomes): home player class_3222['FewerSteak1914'/262, l='ServerLevel[world]', x=3.82, y=93.00, z=4.40] to Home{name='cherry', world='minecraft:overworld', x=7320.612828965856, y=130.0625, z=-6719.267195214916, yaw=0.118869305, pitch=26.850018}
[2026-03-14 09:48:46] [Server thread/DEBUG] (BlossomLib): Create new genericCountdown for edc6da0c-d07d-3ac0-a19e-74a2f0f3e7a8 (3.0 s)
[2026-03-14 09:48:50] [Server thread/DEBUG] (BlossomLib): genericCountdown for edc6da0c-d07d-3ac0-a19e-74a2f0f3e7a8 has ended
[2026-03-14 10:05:42] [Server thread/TRACE] (BlossomLib): writing BlossomHomes
[2026-03-14 14:15:26] [main/ INFO] (BlossomLib): BlossomLib mixins loading
[2026-03-14 14:15:37] [main/TRACE] (BlossomLib): register config manager BlossomHomes.json
[2026-03-14 14:15:37] [main/TRACE] (BlossomLib): loading config BlossomHomes.json
[2026-03-14 14:15:37] [main/TRACE] (BlossomLib): saving config BlossomHomes.json
[2026-03-14 14:15:37] [main/TRACE] (BlossomLib): register BlossomHomes
[2026-03-14 14:15:37] [main/ INFO] (BlossomLib): BlossomLib has starting
[2026-03-14 14:16:04] [Server thread/TRACE] (BlossomLib): reading BlossomHomes
[2026-03-14 14:16:04] [Server thread/TRACE] (BlossomLib): writing BlossomHomes
[2026-03-15 00:37:20] [main/ INFO] (BlossomLib): BlossomLib mixins loading
[2026-03-15 00:37:31] [main/TRACE] (BlossomLib): register config manager BlossomHomes.json
[2026-03-15 00:37:31] [main/TRACE] (BlossomLib): loading config BlossomHomes.json
[2026-03-15 00:37:31] [main/TRACE] (BlossomLib): saving config BlossomHomes.json
[2026-03-15 00:37:31] [main/TRACE] (BlossomLib): register BlossomHomes
[2026-03-15 00:37:31] [main/ INFO] (BlossomLib): BlossomLib has starting
[2026-03-15 00:37:59] [Server thread/TRACE] (BlossomLib): reading BlossomHomes
[2026-03-15 00:37:59] [Server thread/TRACE] (BlossomLib): writing BlossomHomes
[2026-03-15 04:06:46] [Server thread/TRACE] (BlossomHomes): home player class_3222['cuongchanthoi'/49646, l='ServerLevel[world]', x=128.22, y=-35.59, z=140.30] to null
[2026-03-15 04:06:46] [Server thread/TRACE] (BlossomHomes): found spawn position for f61957b6-2e1e-3bad-b734-ecac33b33529 @ class_5454[newLevel=ServerLevel[world], position=(0.5, 120.0, -5.5), deltaMovement=(0.0, 0.0, 0.0), yRot=0.0, xRot=0.0, missingRespawnBlock=false, asPassenger=false, relatives=[], postTeleportTransition=net.minecraft.class_5454$$Lambda/0x00007f429a18f3b0@79438855]
[2026-03-15 04:06:46] [Server thread/DEBUG] (BlossomLib): Create new genericCountdown for f61957b6-2e1e-3bad-b734-ecac33b33529 (3.0 s)
[2026-03-15 04:06:49] [Server thread/DEBUG] (BlossomLib): genericCountdown for f61957b6-2e1e-3bad-b734-ecac33b33529 has ended
[2026-03-15 04:29:53] [main/ INFO] (BlossomLib): BlossomLib mixins loading
[2026-03-15 04:30:04] [main/TRACE] (BlossomLib): register config manager BlossomBack.json
[2026-03-15 04:30:04] [main/TRACE] (BlossomLib): loading config BlossomBack.json
[2026-03-15 04:30:04] [main/TRACE] (BlossomLib): saving config BlossomBack.json
[2026-03-15 04:30:04] [main/TRACE] (BlossomLib): register BlossomBack.teleports
[2026-03-15 04:30:04] [main/TRACE] (BlossomLib): register BlossomBack.deaths
[2026-03-15 04:30:04] [main/TRACE] (BlossomLib): register config manager BlossomHomes.json
[2026-03-15 04:30:04] [main/TRACE] (BlossomLib): loading config BlossomHomes.json
[2026-03-15 04:30:04] [main/TRACE] (BlossomLib): saving config BlossomHomes.json
[2026-03-15 04:30:04] [main/TRACE] (BlossomLib): register BlossomHomes
[2026-03-15 04:30:04] [main/ INFO] (BlossomLib): BlossomLib has starting
[2026-03-15 04:30:04] [main/TRACE] (BlossomLib): register config manager BlossomTpa.json
[2026-03-15 04:30:04] [main/TRACE] (BlossomLib): loading config BlossomTpa.json
[2026-03-15 04:30:04] [main/TRACE] (BlossomLib): saving config BlossomTpa.json
[2026-03-15 04:30:36] [Server thread/TRACE] (BlossomLib): reading BlossomBack.teleports
[2026-03-15 04:30:36] [Server thread/ INFO] (BlossomLib): ./world/./data/BlossomBack.teleports.json (No such file or directory)
[2026-03-15 04:30:36] [Server thread/TRACE] (BlossomLib): writing BlossomBack.teleports
[2026-03-15 04:30:36] [Server thread/TRACE] (BlossomLib): reading BlossomBack.deaths
[2026-03-15 04:30:36] [Server thread/ INFO] (BlossomLib): ./world/./data/BlossomBack.deaths.json (No such file or directory)
[2026-03-15 04:30:36] [Server thread/TRACE] (BlossomLib): writing BlossomBack.deaths
[2026-03-15 04:30:36] [Server thread/TRACE] (BlossomLib): reading BlossomHomes
[2026-03-15 04:30:36] [Server thread/TRACE] (BlossomLib): writing BlossomHomes
[2026-03-15 04:34:36] [main/ INFO] (BlossomLib): BlossomLib mixins loading
[2026-03-15 04:34:48] [main/TRACE] (BlossomLib): register config manager BlossomBack.json
[2026-03-15 04:34:48] [main/TRACE] (BlossomLib): loading config BlossomBack.json
[2026-03-15 04:34:48] [main/TRACE] (BlossomLib): saving config BlossomBack.json
[2026-03-15 04:34:48] [main/TRACE] (BlossomLib): register BlossomBack.teleports
[2026-03-15 04:34:48] [main/TRACE] (BlossomLib): register BlossomBack.deaths
[2026-03-15 04:34:48] [main/TRACE] (BlossomLib): register config manager BlossomHomes.json
[2026-03-15 04:34:48] [main/TRACE] (BlossomLib): loading config BlossomHomes.json
[2026-03-15 04:34:48] [main/TRACE] (BlossomLib): saving config BlossomHomes.json
[2026-03-15 04:34:48] [main/TRACE] (BlossomLib): register BlossomHomes
[2026-03-15 04:34:48] [main/ INFO] (BlossomLib): BlossomLib has starting
[2026-03-15 04:34:48] [main/TRACE] (BlossomLib): register config manager BlossomTpa.json
[2026-03-15 04:34:48] [main/TRACE] (BlossomLib): loading config BlossomTpa.json
[2026-03-15 04:34:48] [main/TRACE] (BlossomLib): saving config BlossomTpa.json
[2026-03-15 04:35:15] [Server thread/TRACE] (BlossomLib): reading BlossomBack.teleports
[2026-03-15 04:35:15] [Server thread/TRACE] (BlossomLib): writing BlossomBack.teleports
[2026-03-15 04:35:15] [Server thread/TRACE] (BlossomLib): reading BlossomBack.deaths
[2026-03-15 04:35:15] [Server thread/TRACE] (BlossomLib): writing BlossomBack.deaths
[2026-03-15 04:35:15] [Server thread/TRACE] (BlossomLib): reading BlossomHomes
[2026-03-15 04:35:15] [Server thread/TRACE] (BlossomLib): writing BlossomHomes
[2026-03-15 05:08:08] [Server thread/TRACE] (BlossomBack): back (death) cuongchanthoi (f61957b6-2e1e-3bad-b734-ecac33b33529) to null
[2026-03-15 05:08:15] [Server thread/TRACE] (BlossomBack): back (death) cuongchanthoi (f61957b6-2e1e-3bad-b734-ecac33b33529) to null
[2026-03-15 05:11:48] [Server thread/TRACE] (BlossomBack): back (death) cuongchanthoi (f61957b6-2e1e-3bad-b734-ecac33b33529) to null
[2026-03-15 05:24:58] [Server thread/TRACE] (BlossomBack): persisting deaths
[2026-03-15 05:24:58] [Server thread/TRACE] (BlossomLib): writing BlossomBack.deaths
[2026-03-15 05:24:58] [Server thread/ INFO] (BlossomBack): cuongchanthoi (f61957b6-2e1e-3bad-b734-ecac33b33529) died at TeleportDestination{world=ServerLevel[world], x=157.92163966219857, y=90.0, z=188.69999998807907, yaw=-69.150024, pitch=15.30004}
[2026-03-15 08:31:56] [main/ INFO] (BlossomLib): BlossomLib mixins loading
[2026-03-15 08:32:07] [main/TRACE] (BlossomLib): register config manager BlossomBack.json
[2026-03-15 08:32:07] [main/TRACE] (BlossomLib): loading config BlossomBack.json
[2026-03-15 08:32:07] [main/TRACE] (BlossomLib): saving config BlossomBack.json
[2026-03-15 08:32:07] [main/TRACE] (BlossomLib): register BlossomBack.teleports
[2026-03-15 08:32:07] [main/TRACE] (BlossomLib): register BlossomBack.deaths
[2026-03-15 08:32:07] [main/TRACE] (BlossomLib): register config manager BlossomHomes.json
[2026-03-15 08:32:07] [main/TRACE] (BlossomLib): loading config BlossomHomes.json
[2026-03-15 08:32:07] [main/TRACE] (BlossomLib): saving config BlossomHomes.json
[2026-03-15 08:32:07] [main/TRACE] (BlossomLib): register BlossomHomes
[2026-03-15 08:32:07] [main/ INFO] (BlossomLib): BlossomLib has starting
[2026-03-15 08:32:07] [main/TRACE] (BlossomLib): register config manager BlossomTpa.json
[2026-03-15 08:32:07] [main/TRACE] (BlossomLib): loading config BlossomTpa.json
[2026-03-15 08:32:07] [main/TRACE] (BlossomLib): saving config BlossomTpa.json
[2026-03-15 08:32:36] [Server thread/TRACE] (BlossomLib): reading BlossomBack.teleports
[2026-03-15 08:32:36] [Server thread/TRACE] (BlossomLib): writing BlossomBack.teleports
[2026-03-15 08:32:36] [Server thread/TRACE] (BlossomLib): reading BlossomBack.deaths
[2026-03-15 08:32:36] [Server thread/TRACE] (BlossomLib): writing BlossomBack.deaths
[2026-03-15 08:32:36] [Server thread/TRACE] (BlossomLib): reading BlossomHomes
[2026-03-15 08:32:36] [Server thread/TRACE] (BlossomLib): writing BlossomHomes
[2026-03-15 08:34:48] [Server thread/TRACE] (BlossomBack): persisting deaths
[2026-03-15 08:34:48] [Server thread/TRACE] (BlossomLib): writing BlossomBack.deaths
[2026-03-15 08:34:48] [Server thread/ INFO] (BlossomBack): FewerSteak1914 (edc6da0c-d07d-3ac0-a19e-74a2f0f3e7a8) died at TeleportDestination{world=ServerLevel[world], x=7187.765436493672, y=-5.0, z=-6805.963115463647, yaw=-144.60144, pitch=33.450005}
[2026-03-15 08:35:11] [Server thread/TRACE] (BlossomBack): back (death) FewerSteak1914 (edc6da0c-d07d-3ac0-a19e-74a2f0f3e7a8) to TeleportDestination{world=ServerLevel[world], x=7187.765436493672, y=-5.0, z=-6805.963115463647, yaw=-144.60144, pitch=33.450005}
[2026-03-15 08:35:11] [Server thread/DEBUG] (BlossomLib): Create new genericCountdown for edc6da0c-d07d-3ac0-a19e-74a2f0f3e7a8 (5.0 s)
[2026-03-15 08:35:16] [Server thread/DEBUG] (BlossomLib): genericCountdown for edc6da0c-d07d-3ac0-a19e-74a2f0f3e7a8 has ended
[2026-03-15 08:35:21] [Server thread/TRACE] (BlossomBack): persisting deaths
[2026-03-15 08:35:21] [Server thread/TRACE] (BlossomLib): writing BlossomBack.deaths
[2026-03-15 08:35:21] [Server thread/ INFO] (BlossomBack): FewerSteak1914 (edc6da0c-d07d-3ac0-a19e-74a2f0f3e7a8) died at TeleportDestination{world=ServerLevel[world], x=7187.33795615304, y=-6.590531343715096, z=-6807.300000011921, yaw=18.448547, pitch=73.65}
[2026-03-15 08:35:40] [Server thread/TRACE] (BlossomBack): back (death) FewerSteak1914 (edc6da0c-d07d-3ac0-a19e-74a2f0f3e7a8) to TeleportDestination{world=ServerLevel[world], x=7187.33795615304, y=-6.590531343715096, z=-6807.300000011921, yaw=18.448547, pitch=73.65}
[2026-03-15 08:45:18] [Server thread/TRACE] (BlossomBack): back (death) FewerSteak1914 (edc6da0c-d07d-3ac0-a19e-74a2f0f3e7a8) to TeleportDestination{world=ServerLevel[world], x=7187.33795615304, y=-6.590531343715096, z=-6807.300000011921, yaw=18.448547, pitch=73.65}
[2026-03-15 08:45:18] [Server thread/DEBUG] (BlossomLib): Create new genericCountdown for edc6da0c-d07d-3ac0-a19e-74a2f0f3e7a8 (5.0 s)
[2026-03-15 08:45:23] [Server thread/DEBUG] (BlossomLib): genericCountdown for edc6da0c-d07d-3ac0-a19e-74a2f0f3e7a8 has ended
[2026-03-15 09:00:40] [Server thread/TRACE] (BlossomLib): writing BlossomBack.teleports
[2026-03-15 09:00:40] [Server thread/TRACE] (BlossomLib): writing BlossomBack.deaths
[2026-03-15 09:00:40] [Server thread/TRACE] (BlossomLib): writing BlossomHomes
[2026-03-15 09:04:56] [main/ INFO] (BlossomLib): BlossomLib mixins loading
[2026-03-15 09:05:07] [main/TRACE] (BlossomLib): register config manager BlossomBack.json
[2026-03-15 09:05:07] [main/TRACE] (BlossomLib): loading config BlossomBack.json
[2026-03-15 09:05:07] [main/TRACE] (BlossomLib): saving config BlossomBack.json
[2026-03-15 09:05:07] [main/TRACE] (BlossomLib): register BlossomBack.teleports
[2026-03-15 09:05:07] [main/TRACE] (BlossomLib): register BlossomBack.deaths
[2026-03-15 09:05:07] [main/TRACE] (BlossomLib): register config manager BlossomHomes.json
[2026-03-15 09:05:07] [main/TRACE] (BlossomLib): loading config BlossomHomes.json
[2026-03-15 09:05:07] [main/TRACE] (BlossomLib): saving config BlossomHomes.json
[2026-03-15 09:05:07] [main/TRACE] (BlossomLib): register BlossomHomes
[2026-03-15 09:05:07] [main/ INFO] (BlossomLib): BlossomLib has starting
[2026-03-15 09:05:07] [main/TRACE] (BlossomLib): register config manager BlossomTpa.json
[2026-03-15 09:05:07] [main/TRACE] (BlossomLib): loading config BlossomTpa.json
[2026-03-15 09:05:07] [main/TRACE] (BlossomLib): saving config BlossomTpa.json
[2026-03-15 09:05:35] [Server thread/TRACE] (BlossomLib): reading BlossomBack.teleports
[2026-03-15 09:05:35] [Server thread/TRACE] (BlossomLib): writing BlossomBack.teleports
[2026-03-15 09:05:35] [Server thread/TRACE] (BlossomLib): reading BlossomBack.deaths
[2026-03-15 09:05:35] [Server thread/TRACE] (BlossomLib): writing BlossomBack.deaths
[2026-03-15 09:05:35] [Server thread/TRACE] (BlossomLib): reading BlossomHomes
[2026-03-15 09:05:35] [Server thread/TRACE] (BlossomLib): writing BlossomHomes
[2026-03-15 09:06:55] [Server thread/TRACE] (BlossomBack): back (death) cuongchanthoi (f61957b6-2e1e-3bad-b734-ecac33b33529) to null
[2026-03-15 09:07:42] [Server thread/TRACE] (BlossomBack): back (death) cuongchanthoi (f61957b6-2e1e-3bad-b734-ecac33b33529) to null
[2026-03-15 09:09:14] [Timer-1/ INFO] (BlossomTpa): TpaRequest[teleportWho=edc6da0c-d07d-3ac0-a19e-74a2f0f3e7a8, teleportTo=f61957b6-2e1e-3bad-b734-ecac33b33529, initiator=edc6da0c-d07d-3ac0-a19e-74a2f0f3e7a8, receiver=f61957b6-2e1e-3bad-b734-ecac33b33529] timed out
[2026-03-15 09:09:23] [Server thread/TRACE] (BlossomHomes): home list class_3222['FewerSteak1914'/228, l='ServerLevel[world]', x=7140.23, y=-10.00, z=-6783.03]
[2026-03-15 09:09:57] [Server thread/DEBUG] (BlossomLib): Create new genericCountdown for edc6da0c-d07d-3ac0-a19e-74a2f0f3e7a8 (3.0 s)
[2026-03-15 09:10:00] [Server thread/DEBUG] (BlossomLib): genericCountdown for edc6da0c-d07d-3ac0-a19e-74a2f0f3e7a8 has ended
[2026-03-15 09:28:20] [main/ INFO] (BlossomLib): BlossomLib mixins loading
[2026-03-15 09:28:31] [main/TRACE] (BlossomLib): register config manager BlossomBack.json
[2026-03-15 09:28:31] [main/TRACE] (BlossomLib): loading config BlossomBack.json
[2026-03-15 09:28:31] [main/TRACE] (BlossomLib): saving config BlossomBack.json
[2026-03-15 09:28:31] [main/TRACE] (BlossomLib): register BlossomBack.teleports
[2026-03-15 09:28:31] [main/TRACE] (BlossomLib): register BlossomBack.deaths
[2026-03-15 09:28:31] [main/TRACE] (BlossomLib): register config manager BlossomHomes.json
[2026-03-15 09:28:31] [main/TRACE] (BlossomLib): loading config BlossomHomes.json
[2026-03-15 09:28:31] [main/TRACE] (BlossomLib): saving config BlossomHomes.json
[2026-03-15 09:28:31] [main/TRACE] (BlossomLib): register BlossomHomes
[2026-03-15 09:28:31] [main/ INFO] (BlossomLib): BlossomLib has starting
[2026-03-15 09:28:31] [main/TRACE] (BlossomLib): register config manager BlossomTpa.json
[2026-03-15 09:28:31] [main/TRACE] (BlossomLib): loading config BlossomTpa.json
[2026-03-15 09:28:31] [main/TRACE] (BlossomLib): saving config BlossomTpa.json
[2026-03-15 09:28:58] [Server thread/TRACE] (BlossomLib): reading BlossomBack.teleports
[2026-03-15 09:28:58] [Server thread/TRACE] (BlossomLib): writing BlossomBack.teleports
[2026-03-15 09:28:58] [Server thread/TRACE] (BlossomLib): reading BlossomBack.deaths
[2026-03-15 09:28:58] [Server thread/TRACE] (BlossomLib): writing BlossomBack.deaths
[2026-03-15 09:28:58] [Server thread/TRACE] (BlossomLib): reading BlossomHomes
[2026-03-15 09:28:58] [Server thread/TRACE] (BlossomLib): writing BlossomHomes
[2026-03-15 09:59:51] [main/ INFO] (BlossomLib): BlossomLib mixins loading
[2026-03-15 10:00:04] [main/TRACE] (BlossomLib): register config manager BlossomBack.json
[2026-03-15 10:00:04] [main/TRACE] (BlossomLib): loading config BlossomBack.json
[2026-03-15 10:00:04] [main/TRACE] (BlossomLib): saving config BlossomBack.json
[2026-03-15 10:00:04] [main/TRACE] (BlossomLib): register BlossomBack.teleports
[2026-03-15 10:00:04] [main/TRACE] (BlossomLib): register BlossomBack.deaths
[2026-03-15 10:00:04] [main/TRACE] (BlossomLib): register config manager BlossomHomes.json
[2026-03-15 10:00:04] [main/TRACE] (BlossomLib): loading config BlossomHomes.json
[2026-03-15 10:00:04] [main/TRACE] (BlossomLib): saving config BlossomHomes.json
[2026-03-15 10:00:04] [main/TRACE] (BlossomLib): register BlossomHomes
[2026-03-15 10:00:04] [main/ INFO] (BlossomLib): BlossomLib has starting
[2026-03-15 10:00:04] [main/TRACE] (BlossomLib): register config manager BlossomTpa.json
[2026-03-15 10:00:04] [main/TRACE] (BlossomLib): loading config BlossomTpa.json
[2026-03-15 10:00:04] [main/TRACE] (BlossomLib): saving config BlossomTpa.json
[2026-03-15 10:00:32] [Server thread/TRACE] (BlossomLib): reading BlossomBack.teleports
[2026-03-15 10:00:32] [Server thread/TRACE] (BlossomLib): writing BlossomBack.teleports
[2026-03-15 10:00:32] [Server thread/TRACE] (BlossomLib): reading BlossomBack.deaths
[2026-03-15 10:00:32] [Server thread/TRACE] (BlossomLib): writing BlossomBack.deaths
[2026-03-15 10:00:32] [Server thread/TRACE] (BlossomLib): reading BlossomHomes
[2026-03-15 10:00:32] [Server thread/TRACE] (BlossomLib): writing BlossomHomes
[2026-03-15 10:06:12] [Server thread/TRACE] (BlossomHomes): home player class_3222['cuongchanthoi'/265, l='ServerLevel[world]', x=232.30, y=-26.00, z=161.43] to null
[2026-03-15 10:06:12] [Server thread/TRACE] (BlossomHomes): found spawn position for f61957b6-2e1e-3bad-b734-ecac33b33529 @ class_5454[newLevel=ServerLevel[world], position=(-6.5, 119.0, -3.5), deltaMovement=(0.0, 0.0, 0.0), yRot=0.0, xRot=0.0, missingRespawnBlock=false, asPassenger=false, relatives=[], postTeleportTransition=net.minecraft.class_5454$$Lambda/0x00007f5ce61a7bb0@5aef5e87]
[2026-03-15 10:06:12] [Server thread/DEBUG] (BlossomLib): Create new genericCountdown for f61957b6-2e1e-3bad-b734-ecac33b33529 (3.0 s)
[2026-03-15 10:06:15] [Server thread/DEBUG] (BlossomLib): genericCountdown for f61957b6-2e1e-3bad-b734-ecac33b33529 has ended
[2026-03-15 10:14:37] [Server thread/TRACE] (BlossomHomes): home player class_3222['FewerSteak1914'/6476, l='ServerLevel[world]', x=58.11, y=90.00, z=128.98] to Home{name='cherry', world='minecraft:overworld', x=7320.612828965856, y=130.0625, z=-6719.267195214916, yaw=0.118869305, pitch=26.850018}
[2026-03-15 10:14:37] [Server thread/DEBUG] (BlossomLib): Create new genericCountdown for edc6da0c-d07d-3ac0-a19e-74a2f0f3e7a8 (3.0 s)
[2026-03-15 10:14:40] [Server thread/DEBUG] (BlossomLib): genericCountdown for edc6da0c-d07d-3ac0-a19e-74a2f0f3e7a8 has ended
[2026-03-15 10:24:02] [Server thread/TRACE] (BlossomBack): persisting deaths
[2026-03-15 10:24:02] [Server thread/TRACE] (BlossomLib): writing BlossomBack.deaths
[2026-03-15 10:24:02] [Server thread/ INFO] (BlossomBack): FewerSteak1914 (edc6da0c-d07d-3ac0-a19e-74a2f0f3e7a8) died at TeleportDestination{world=ServerLevel[world], x=7356.300000011921, y=102.0, z=-6717.268793053935, yaw=-0.7496338, pitch=-9.449989}
[2026-03-15 10:24:18] [Server thread/TRACE] (BlossomBack): back (death) FewerSteak1914 (edc6da0c-d07d-3ac0-a19e-74a2f0f3e7a8) to TeleportDestination{world=ServerLevel[world], x=7356.300000011921, y=102.0, z=-6717.268793053935, yaw=-0.7496338, pitch=-9.449989}
[2026-03-15 10:24:18] [Server thread/DEBUG] (BlossomLib): Create new genericCountdown for edc6da0c-d07d-3ac0-a19e-74a2f0f3e7a8 (5.0 s)
[2026-03-15 10:24:23] [Server thread/DEBUG] (BlossomLib): genericCountdown for edc6da0c-d07d-3ac0-a19e-74a2f0f3e7a8 has ended
[2026-03-15 10:24:32] [Server thread/TRACE] (BlossomBack): persisting deaths
[2026-03-15 10:24:32] [Server thread/TRACE] (BlossomLib): writing BlossomBack.deaths
[2026-03-15 10:24:32] [Server thread/ INFO] (BlossomBack): FewerSteak1914 (edc6da0c-d07d-3ac0-a19e-74a2f0f3e7a8) died at TeleportDestination{world=ServerLevel[world], x=7356.374826052344, y=102.0, z=-6706.646829498424, yaw=-175.79967, pitch=10.950023}
[2026-03-15 10:24:55] [Server thread/TRACE] (BlossomBack): back (death) FewerSteak1914 (edc6da0c-d07d-3ac0-a19e-74a2f0f3e7a8) to TeleportDestination{world=ServerLevel[world], x=7356.374826052344, y=102.0, z=-6706.646829498424, yaw=-175.79967, pitch=10.950023}
[2026-03-15 10:25:14] [Server thread/TRACE] (BlossomBack): back (death) FewerSteak1914 (edc6da0c-d07d-3ac0-a19e-74a2f0f3e7a8) to TeleportDestination{world=ServerLevel[world], x=7356.374826052344, y=102.0, z=-6706.646829498424, yaw=-175.79967, pitch=10.950023}
[2026-03-15 10:25:47] [Server thread/TRACE] (BlossomBack): back (death) FewerSteak1914 (edc6da0c-d07d-3ac0-a19e-74a2f0f3e7a8) to TeleportDestination{world=ServerLevel[world], x=7356.374826052344, y=102.0, z=-6706.646829498424, yaw=-175.79967, pitch=10.950023}
[2026-03-15 10:26:09] [Server thread/TRACE] (BlossomBack): back (death) FewerSteak1914 (edc6da0c-d07d-3ac0-a19e-74a2f0f3e7a8) to TeleportDestination{world=ServerLevel[world], x=7356.374826052344, y=102.0, z=-6706.646829498424, yaw=-175.79967, pitch=10.950023}
[2026-03-15 10:26:17] [Server thread/TRACE] (BlossomBack): back (death) FewerSteak1914 (edc6da0c-d07d-3ac0-a19e-74a2f0f3e7a8) to TeleportDestination{world=ServerLevel[world], x=7356.374826052344, y=102.0, z=-6706.646829498424, yaw=-175.79967, pitch=10.950023}
[2026-03-15 10:26:23] [Server thread/TRACE] (BlossomBack): back (death) FewerSteak1914 (edc6da0c-d07d-3ac0-a19e-74a2f0f3e7a8) to TeleportDestination{world=ServerLevel[world], x=7356.374826052344, y=102.0, z=-6706.646829498424, yaw=-175.79967, pitch=10.950023}
[2026-03-15 10:26:23] [Server thread/DEBUG] (BlossomLib): Create new genericCountdown for edc6da0c-d07d-3ac0-a19e-74a2f0f3e7a8 (5.0 s)
[2026-03-15 10:26:28] [Server thread/DEBUG] (BlossomLib): genericCountdown for edc6da0c-d07d-3ac0-a19e-74a2f0f3e7a8 has ended
[2026-03-15 10:26:56] [Server thread/TRACE] (BlossomHomes): home player class_3222['FewerSteak1914'/18892, l='ServerLevel[world]', x=7356.58, y=102.00, z=-6708.76] to Home{name='cherry', world='minecraft:overworld', x=7320.612828965856, y=130.0625, z=-6719.267195214916, yaw=0.118869305, pitch=26.850018}
[2026-03-15 10:26:56] [Server thread/DEBUG] (BlossomLib): Create new genericCountdown for edc6da0c-d07d-3ac0-a19e-74a2f0f3e7a8 (3.0 s)
[2026-03-15 10:26:59] [Server thread/DEBUG] (BlossomLib): genericCountdown for edc6da0c-d07d-3ac0-a19e-74a2f0f3e7a8 has ended
[2026-03-15 10:39:08] [Server thread/ INFO] (BlossomHomes): adding home Home{name='stronghold', world='minecraft:overworld', x=263.7263054032077, y=69.0, z=518.0946021651711, yaw=7.0496216, pitch=-4.799462} to class_3222['cuongchanthoi'/9453, l='ServerLevel[world]', x=263.73, y=69.00, z=518.09]
[2026-03-15 10:39:08] [Server thread/TRACE] (BlossomLib): writing BlossomHomes
[2026-03-15 10:52:35] [Server thread/ INFO] (BlossomHomes): adding home Home{name='warmsea', world='minecraft:overworld', x=676.0304758211355, y=63.0, z=519.7819232705713, yaw=-10.501465, pitch=29.399933} to class_3222['cuongchanthoi'/9453, l='ServerLevel[world]', x=676.03, y=63.00, z=519.78]
[2026-03-15 10:52:35] [Server thread/TRACE] (BlossomLib): writing BlossomHomes
[2026-03-15 13:45:48] [Server thread/ INFO] (BlossomHomes): adding home Home{name='gun', world='minecraft:overworld', x=937.4395281738014, y=80.0, z=2014.300000011921, yaw=91.96509, pitch=22.799822} to class_3222['cuongchanthoi'/118608, l='ServerLevel[world]', x=937.44, y=80.00, z=2014.30]
[2026-03-15 13:45:48] [Server thread/TRACE] (BlossomLib): writing BlossomHomes
[2026-03-15 13:55:58] [Server thread/TRACE] (BlossomBack): persisting deaths
[2026-03-15 13:55:58] [Server thread/TRACE] (BlossomLib): writing BlossomBack.deaths
[2026-03-15 13:55:58] [Server thread/ INFO] (BlossomBack): cuongchanthoi (f61957b6-2e1e-3bad-b734-ecac33b33529) died at TeleportDestination{world=ServerLevel[world], x=1073.074536861256, y=-32.0, z=2567.350082041694, yaw=-86.087036, pitch=83.84998}
[2026-03-15 13:56:04] [Server thread/TRACE] (BlossomBack): back (death) cuongchanthoi (f61957b6-2e1e-3bad-b734-ecac33b33529) to TeleportDestination{world=ServerLevel[world], x=1073.074536861256, y=-32.0, z=2567.350082041694, yaw=-86.087036, pitch=83.84998}
[2026-03-15 13:56:04] [Server thread/DEBUG] (BlossomLib): Create new genericCountdown for f61957b6-2e1e-3bad-b734-ecac33b33529 (5.0 s)
[2026-03-15 13:56:09] [Server thread/DEBUG] (BlossomLib): genericCountdown for f61957b6-2e1e-3bad-b734-ecac33b33529 has ended
