[09:09:13] [main/INFO] ========================================
[09:09:13] [main/INFO] Minecraft: 1.21.8
[09:09:13] [main/INFO] Side: server
[09:09:13] [main/INFO] Development: false
[09:09:13] [main/INFO] Version: 20.0.811
[09:09:13] [main/INFO] Loader:
[09:09:13] [main/INFO] - Fabric: 0.18.4
[09:09:13] [main/INFO] - Fabric API: 0.136.1+1.21.8
[09:09:13] [main/INFO] Dependencies:
[09:09:13] [main/INFO] - Cloth Config: 19.0.147
[09:09:13] [main/INFO] - Architectury: 17.0.8
[09:09:13] [main/INFO] Mixin: 0.8.7
[09:09:13] [main/INFO] OS: Linux 6.14.0-1017-azure (amd64)
[09:09:13] [main/INFO] Java: 21.0.10 (Eclipse Adoptium)
[09:09:13] [main/INFO] ========================================
[09:09:13] [main/INFO] Mods:
[09:09:13] [main/INFO] - adventure-platform-fabric: 6.6.0
[09:09:13] [main/INFO] - alternate-current: 1.9.0
[09:09:13] [main/INFO] - antixray: 1.4.10
[09:09:13] [main/INFO] - architectury: 17.0.8
[09:09:13] [main/INFO] - armor-stand-editor: 2.9.0+1.21.6
[09:09:13] [main/INFO] - audaki_cart_engine: 4.2.1
[09:09:13] [main/INFO] - babyfat: 1.0.7+1.21.6
[09:09:13] [main/INFO] - balm: 21.8.9
[09:09:13] [main/INFO] - bedrock-cauldrons: 1.0.2+1.21.6
[09:09:13] [main/INFO] - bil: 1.7.0+1.21.6
[09:09:13] [main/INFO] - biolith: 3.3.1
[09:09:13] [main/INFO] - biome_tag_villagers: 1.4.0
[09:09:13] [main/INFO] - blahaj: 3.1.0+1.21.4
[09:09:13] [main/INFO] - blockus: 2.12.0+1.21.5
[09:09:13] [main/INFO] - blossom-homes: 2.2.10+1.21.5
[09:09:13] [main/INFO] - blossom-lib: 2.5.15+1.21.5
[09:09:13] [main/INFO] - braverbundles: 1.21.5-1.0.5
[09:09:13] [main/INFO] - brewery: 0.12.0+1.21.6
[09:09:13] [main/INFO] - brutalnightmare: 5.3
[09:09:13] [main/INFO] - cardinal-components-base: 7.0.0-beta.1
[09:09:13] [main/INFO] - cardinal-components-entity: 7.0.0-beta.1
[09:09:13] [main/INFO] - cardinal-components-world: 7.0.0-beta.1
[09:09:13] [main/INFO] - chalk: 3.1.1-polymania+1.21.7
[09:09:13] [main/INFO] - cinderscapes: v5.2.0-beta.1.0+1.21.5+1.20.3.b6c01ca
[09:09:13] [main/INFO] - cinderscapes-common: v5.2.0-beta.1.0+1.21.5+1.20.3.b6c01ca+polymania
[09:09:13] [main/INFO] - cinderscapes-worldgen: v5.2.0-beta.1.0+1.21.5+1.20.3.b6c01ca+polymania
[09:09:13] [main/INFO] - cloth-basic-math: 0.6.1
[09:09:13] [main/INFO] - cloth-config: 19.0.147
[09:09:13] [main/INFO] - cloth-config: 19.0.147
[09:09:13] [main/INFO] - clumps: 26.0.0.1
[09:09:13] [main/INFO] - codextra: 2.0.0+1.21
[09:09:13] [main/INFO] - com_electronwill_night-config_core: 3.8.3
[09:09:13] [main/INFO] - com_electronwill_night-config_toml: 3.8.3
[09:09:13] [main/INFO] - com_github_mattidragon_jsonpatcherlang_jsonpatcher-docs: 1.0.0
[09:09:13] [main/INFO] - com_google_code_gson_gson: 2.11.0
[09:09:13] [main/INFO] - com_moandjiezana_toml_toml4j: 0.7.2
[09:09:13] [main/INFO] - com_teamresourceful_bytecodecs: 1.1.3
[09:09:13] [main/INFO] - com_teamresourceful_yabn: 1.0.3
[09:09:13] [main/INFO] - com_twelvemonkeys_common_common-image: 3.12.0
[09:09:13] [main/INFO] - com_twelvemonkeys_common_common-io: 3.12.0
[09:09:13] [main/INFO] - com_twelvemonkeys_common_common-lang: 3.12.0
[09:09:13] [main/INFO] - com_twelvemonkeys_imageio_imageio-core: 3.12.0
[09:09:13] [main/INFO] - com_twelvemonkeys_imageio_imageio-metadata: 3.12.0
[09:09:13] [main/INFO] - com_twelvemonkeys_imageio_imageio-webp: 3.12.0
[09:09:13] [main/INFO] - com_typesafe_config: 1.4.2
[09:09:13] [main/INFO] - common-protection-api: 1.0.0
[09:09:13] [main/INFO] - common_events: 1.0.0+1.21
[09:09:13] [main/INFO] - config_toolkit: 1.1.2
[09:09:13] [main/INFO] - constructionwand: 2.0.3
[09:09:13] [main/INFO] - constructionwand-polymer: 1.0.0
[09:09:13] [main/INFO] - copperfire: 1.0.2+1.21.7
[09:09:13] [main/INFO] - dev_hbeck_kdl_kdl4j: 0.2.0
[09:09:13] [main/INFO] - dev_smto_simpleconfig: 2.4.3
[09:09:13] [main/INFO] - easyeula: 1.1.1
[09:09:13] [main/INFO] - enderscape: 1.1.0
[09:09:13] [main/INFO] - enderscape-polymer-patch: 1.1.0.2+1.21.8
[09:09:13] [main/INFO] - error_notifier: 1.0.11
[09:09:13] [main/INFO] - explorify: 1.6.2
[09:09:13] [main/INFO] - fabric-api: 0.136.1+1.21.8
[09:09:13] [main/INFO] - fabric-api: 0.136.1+1.21.8
[09:09:13] [main/INFO] - fabric-api-base: 0.5.0+cd8c0daa2c
[09:09:13] [main/INFO] - fabric-api-lookup-api-v1: 1.6.101+946bf4c32c
[09:09:13] [main/INFO] - fabric-api-protocol-fix: 1.0.0
[09:09:13] [main/INFO] - fabric-biome-api-v1: 16.1.0+c21d71cc2c
[09:09:13] [main/INFO] - fabric-block-api-v1: 1.1.3+946bf4c32c
[09:09:13] [main/INFO] - fabric-block-view-api-v2: 1.0.31+946bf4c32c
[09:09:13] [main/INFO] - fabric-command-api-v2: 2.3.1+52fff9ec2c
[09:09:13] [main/INFO] - fabric-content-registries-v0: 10.1.0+c75de69d2c
[09:09:13] [main/INFO] - fabric-convention-tags-v1: 2.1.41+7f945d5b2c
[09:09:13] [main/INFO] - fabric-convention-tags-v2: 2.15.6+eb5df52f2c
[09:09:13] [main/INFO] - fabric-crash-report-info-v1: 0.3.15+946bf4c32c
[09:09:13] [main/INFO] - fabric-data-attachment-api-v1: 1.8.14+97214db32c
[09:09:13] [main/INFO] - fabric-data-generation-api-v1: 23.2.8+2e1c6d322c
[09:09:13] [main/INFO] - fabric-dimensions-v1: 4.0.20+948fc79a2c
[09:09:13] [main/INFO] - fabric-entity-events-v1: 2.1.2+c9e472732c
[09:09:13] [main/INFO] - fabric-events-interaction-v0: 4.0.26+946bf4c32c
[09:09:13] [main/INFO] - fabric-game-rule-api-v1: 1.0.73+c64c9c5b2c
[09:09:13] [main/INFO] - fabric-item-api-v1: 11.5.0+02ce13f42c
[09:09:13] [main/INFO] - fabric-item-group-api-v1: 4.2.14+c5f9bbc12c
[09:09:13] [main/INFO] - fabric-language-kotlin: 1.13.6+kotlin.2.2.20
[09:09:13] [main/INFO] - fabric-lifecycle-events-v1: 2.6.4+db4dfd852c
[09:09:13] [main/INFO] - fabric-loot-api-v2: 3.0.56+3f89f5a52c
[09:09:13] [main/INFO] - fabric-loot-api-v3: 2.0.3+946bf4c32c
[09:09:13] [main/INFO] - fabric-message-api-v1: 6.1.2+946bf4c32c
[09:09:13] [main/INFO] - fabric-networking-api-v1: 5.1.0+57cb96dd2c
[09:09:13] [main/INFO] - fabric-object-builder-api-v1: 21.1.10+946bf4c32c
[09:09:13] [main/INFO] - fabric-particles-v1: 4.1.10+946bf4c32c
[09:09:13] [main/INFO] - fabric-permissions-api-v0: 0.4.1
[09:09:13] [main/INFO] - fabric-recipe-api-v1: 8.1.17+946bf4c32c
[09:09:13] [main/INFO] - fabric-registry-sync-v0: 6.1.30+946bf4c32c
[09:09:13] [main/INFO] - fabric-rendering-fluids-v1: 3.1.31+fa6cb72b2c
[09:09:13] [main/INFO] - fabric-resource-conditions-api-v1: 5.0.25+98e6d6db2c
[09:09:13] [main/INFO] - fabric-resource-loader-v0: 3.1.12+020423442c
[09:09:13] [main/INFO] - fabric-screen-handler-api-v1: 1.3.139+946bf4c32c
[09:09:13] [main/INFO] - fabric-serialization-api-v1: 1.0.0+fc0e5aba2c
[09:09:13] [main/INFO] - fabric-tag-api-v1: 1.2.2+946bf4c32c
[09:09:13] [main/INFO] - fabric-transfer-api-v1: 6.0.6+946bf4c32c
[09:09:13] [main/INFO] - fabric-transitive-access-wideners-v1: 6.5.0+c847ce762c
[09:09:13] [main/INFO] - fabricloader: 0.18.4
[09:09:13] [main/INFO] - factorytools: 0.7.5+1.21.8
[09:09:13] [main/INFO] - farmers-delight-polymer-patch: 3.3.0.0+1.21.8
[09:09:13] [main/INFO] - farmersdelight: 1.21.8-3.3.0+refabricated
[09:09:13] [main/INFO] - farmtweaks: 1.6
[09:09:13] [main/INFO] - ferritecore: 8.0.0
[09:09:13] [main/INFO] - filament: 1.3.8+1.21.7
[09:09:13] [main/INFO] - fokusapi: 4.0
[09:09:13] [main/INFO] - forgeconfigapiport: 21.8.1
[09:09:13] [main/INFO] - friendsandfoes: 4.0.10
[09:09:13] [main/INFO] - friendsandfoes-polymer-patch: 4.0.10-0+1.21.8
[09:09:13] [main/INFO] - fsit: 2.8.1+mc1.21.6
[09:09:13] [main/INFO] - glideaway: 1.6.0+1.21.6
[09:09:13] [main/INFO] - goml: 1.17.1+1.21.7
[09:09:13] [main/INFO] - graphlib: 2.0.3-beta.1+1.21.5
[09:09:13] [main/INFO] - illagerexp: 1.2.0
[09:09:13] [main/INFO] - image2map: 0.10.1+1.21.6
[09:09:13] [main/INFO] - invview: 1.4.17-1.21.6+
[09:09:13] [main/INFO] - io_determann_shadow-api-17: 0.2.0
[09:09:13] [main/INFO] - io_netty_netty-codec-http: 4.1.82
[09:09:13] [main/INFO] - java: 21
[09:09:13] [main/INFO] - jsonpatcher: 1.1.2+mc.1.21.4
[09:09:13] [main/INFO] - jsonpatcher-lang: 1.0.0
[09:09:13] [main/INFO] - kleeslabs: 21.8.2
[09:09:13] [main/INFO] - kuma_api: 21.8.5
[09:09:13] [main/INFO] - leaves_us_in_peace: 1.9.2
[09:09:13] [main/INFO] - lithium: 0.18.1+mc1.21.8
[09:09:13] [main/INFO] - map-canvas-api: 0.5.1+1.21.5
[09:09:13] [main/INFO] - microfighters: 1.0.4+1.21.6
[09:09:13] [main/INFO] - midnightlib: 1.7.5
[09:09:13] [main/INFO] - minecraft: 1.21.8
[09:09:13] [main/INFO] - mini-vfx: 1.0.1+1.21.7
[09:09:13] [main/INFO] - mixinextras: 0.5.0
[09:09:13] [main/INFO] - mixinsquared: 0.3.3
[09:09:13] [main/INFO] - mixson: 1.4.0
[09:09:13] [main/INFO] - mm: 2.3
[09:09:13] [main/INFO] - morefurnaces: 1.2.0+1.21.8
[09:09:13] [main/INFO] - moretools: 1.8.2+1.21.8
[09:09:13] [main/INFO] - mr_banner_text: 1.4.0
[09:09:13] [main/INFO] - mr_clifftree: 2.2.3
[09:09:13] [main/INFO] - mr_dungeons_andtaverns: 1-v4.7.3
[09:09:13] [main/INFO] - mr_nightosphere: 2.1
[09:09:13] [main/INFO] - net_fabricmc_javapoet: 0.1.0
[09:09:13] [main/INFO] - net_kyori_adventure-api: 4.24.0
[09:09:13] [main/INFO] - net_kyori_adventure-key: 4.24.0
[09:09:13] [main/INFO] - net_kyori_adventure-platform-api: 4.4.1
[09:09:13] [main/INFO] - net_kyori_adventure-platform-mod-shared-fabric-repack: 6.6.0
[09:09:13] [main/INFO] - net_kyori_adventure-text-logger-slf4j: 4.24.0
[09:09:13] [main/INFO] - net_kyori_adventure-text-minimessage: 4.24.0
[09:09:13] [main/INFO] - net_kyori_adventure-text-serializer-ansi: 4.24.0
[09:09:13] [main/INFO] - net_kyori_adventure-text-serializer-gson: 4.24.0
[09:09:13] [main/INFO] - net_kyori_adventure-text-serializer-json: 4.24.0
[09:09:13] [main/INFO] - net_kyori_adventure-text-serializer-plain: 4.24.0
[09:09:13] [main/INFO] - net_kyori_ansi: 1.1.1
[09:09:13] [main/INFO] - net_kyori_examination-api: 1.3.0
[09:09:13] [main/INFO] - net_kyori_examination-string: 1.3.0
[09:09:13] [main/INFO] - net_kyori_option: 1.1.0
[09:09:13] [main/INFO] - net_objecthunter_exp4j: 0.4.8
[09:09:13] [main/INFO] - nethermap: 4.2.0+1.21.5
[09:09:13] [main/INFO] - open_sesame: 2106.1.0.3
[09:09:13] [main/INFO] - org_jetbrains_kotlin_kotlin-reflect: 2.2.20
[09:09:13] [main/INFO] - org_jetbrains_kotlin_kotlin-stdlib: 2.2.20
[09:09:13] [main/INFO] - org_jetbrains_kotlin_kotlin-stdlib-jdk7: 2.2.20
[09:09:13] [main/INFO] - org_jetbrains_kotlin_kotlin-stdlib-jdk8: 2.2.20
[09:09:13] [main/INFO] - org_jetbrains_kotlinx_atomicfu-jvm: 0.29.0
[09:09:13] [main/INFO] - org_jetbrains_kotlinx_kotlinx-coroutines-core-jvm: 1.10.2
[09:09:13] [main/INFO] - org_jetbrains_kotlinx_kotlinx-coroutines-jdk8: 1.10.2
[09:09:13] [main/INFO] - org_jetbrains_kotlinx_kotlinx-datetime-jvm: 0.7.1
[09:09:13] [main/INFO] - org_jetbrains_kotlinx_kotlinx-io-bytestring-jvm: 0.8.0
[09:09:13] [main/INFO] - org_jetbrains_kotlinx_kotlinx-io-core-jvm: 0.8.0
[09:09:13] [main/INFO] - org_jetbrains_kotlinx_kotlinx-serialization-cbor-jvm: 1.9.0
[09:09:13] [main/INFO] - org_jetbrains_kotlinx_kotlinx-serialization-core-jvm: 1.9.0
[09:09:13] [main/INFO] - org_jetbrains_kotlinx_kotlinx-serialization-json-jvm: 1.9.0
[09:09:13] [main/INFO] - org_mineskin_java-client: 3.2.1-SNAPSHOT
[09:09:13] [main/INFO] - org_quiltmc_parsers_gson: 0.2.1
[09:09:13] [main/INFO] - org_quiltmc_parsers_json: 0.2.1
[09:09:13] [main/INFO] - org_yaml_snakeyaml: 2.4
[09:09:13] [main/INFO] - ouch: 1.5.0+1.21.6
[09:09:13] [main/INFO] - packet_tweaker: 0.6.0-pre.1+1.21.2-pre3
[09:09:13] [main/INFO] - perplayerwanderingtraders: 1.0.2+1.21.6-rc1
[09:09:13] [main/INFO] - placeholder-api: 2.7.2+1.21.8
[09:09:13] [main/INFO] - plasticgun: 2.0.3
[09:09:13] [main/INFO] - player-data-api: 0.8.0+1.21.6
[09:09:13] [main/INFO] - playerabilitylib: 1.14.0
[09:09:13] [main/INFO] - polychess: 0.1.3+1.21.6
[09:09:13] [main/INFO] - polyconfig: 0.3.9
[09:09:13] [main/INFO] - polydecorations: 0.8.4+1.21.8
[09:09:13] [main/INFO] - polydex: 1.6.0+1.21.6
[09:09:13] [main/INFO] - polyfactory: 0.8.2+1.21.8
[09:09:13] [main/INFO] - polymania-extras: 0.4.4
[09:09:13] [main/INFO] - polymc: 5.7.0-rev.7c6bdcd-dirty+1.21.7
[09:09:13] [main/INFO] - polymer-autohost: 0.13.13+1.21.8
[09:09:13] [main/INFO] - polymer-blocks: 0.13.13+1.21.8
[09:09:13] [main/INFO] - polymer-bundled: 0.13.13+1.21.8
[09:09:13] [main/INFO] - polymer-common: 0.13.13+1.21.8
[09:09:13] [main/INFO] - polymer-core: 0.13.13+1.21.8
[09:09:13] [main/INFO] - polymer-networking: 0.13.13+1.21.8
[09:09:13] [main/INFO] - polymer-qol: 1.0.2+1.21.7
[09:09:13] [main/INFO] - polymer-registry-sync-manipulator: 0.13.13+1.21.8
[09:09:13] [main/INFO] - polymer-resource-pack: 0.13.13+1.21.8
[09:09:13] [main/INFO] - polymer-resource-pack-extras: 0.13.13+1.21.8
[09:09:13] [main/INFO] - polymer-sound-patcher: 0.13.13+1.21.8
[09:09:13] [main/INFO] - polymer-virtual-entity: 0.13.13+1.21.8
[09:09:13] [main/INFO] - predicate-api: 0.6.0+1.21.2
[09:09:13] [main/INFO] - puddles: 2.0.2
[09:09:13] [main/INFO] - rail-placement-fix: 1.1.0
[09:09:13] [main/INFO] - reactify: 1.2
[09:09:13] [main/INFO] - resource-locator-api: 0.6.2+1.21.4
[09:09:13] [main/INFO] - resourcefullib: 3.6.0
[09:09:13] [main/INFO] - restart_detector: 1.2.7+1.21.6
[09:09:13] [main/INFO] - rocks: 1.9.4+1.21.6
[09:09:13] [main/INFO] - roughlyenoughitems: 20.0.811
[09:09:13] [main/INFO] - rtree-3i-lite-fabric: 0.3.0
[09:09:13] [main/INFO] - server_translations_api: 2.5.1+1.21.5
[09:09:13] [main/INFO] - serverbackpacks: 1.4.9+1.21.8
[09:09:13] [main/INFO] - sgui: 1.10.2+1.21.8
[09:09:13] [main/INFO] - sha1runtime: 1.3.0
[09:09:13] [main/INFO] - sidebar-api: 0.5.1+1.21.1
[09:09:13] [main/INFO] - simple-registry-aliases: 1.0.0+1.21.4
[09:09:13] [main/INFO] - simpleresourceloader: 1.0.0+1.21.1
[09:09:13] [main/INFO] - simply-slingshot: 0.1.3+1.21.8
[09:09:13] [main/INFO] - skinrestorer: 2.6.0+1.21.6-fabric
[09:09:13] [main/INFO] - sleepwarp: 2.8.0+1.21.6
[09:09:13] [main/INFO] - spark: 1.10.142
[09:09:13] [main/INFO] - styledchat: 2.9.0+1.21.6
[09:09:13] [main/INFO] - styledplayerlist: 3.8.0+1.21.6
[09:09:13] [main/INFO] - sylcurity: 1.0.0
[09:09:13] [main/INFO] - televator: 1.2.5
[09:09:13] [main/INFO] - terrablender: 6.0.0.3
[09:09:13] [main/INFO] - terraform-biome-remapper-api-v1: 15.0.0-beta.1
[09:09:13] [main/INFO] - terraform-config-api-v1: 15.0.0-beta.1
[09:09:13] [main/INFO] - terraform-dirt-api-v1: 15.0.0-beta.1
[09:09:13] [main/INFO] - terraform-shapes-api-v1: 15.0.0-beta.1
[09:09:13] [main/INFO] - terraform-surfaces-api-v1: 15.0.0-beta.1
[09:09:13] [main/INFO] - terraform-tree-api-v1: 15.0.0-beta.1
[09:09:13] [main/INFO] - terraform-wood-api-v1: 15.0.0-beta.1
[09:09:13] [main/INFO] - terrestria: v7.4.0+another_1.20.32d44285
[09:09:13] [main/INFO] - terrestria-client: v7.4.0+another_1.20.32d44285
[09:09:13] [main/INFO] - terrestria-common: v7.4.0+another_1.20.32d44285
[09:09:13] [main/INFO] - terrestria-worldgen: v7.4.0+another_1.20.32d44285
[09:09:13] [main/INFO] - toms_mobs: 2.4.2+1.21.6
[09:09:13] [main/INFO] - tpa-utilities: 1.2.0
[09:09:13] [main/INFO] - trinkets: 3.11.0-beta.1+polymerport.2
[09:09:13] [main/INFO] - tsa-bouncy-castle: 1.0.1+1.21.6
[09:09:13] [main/INFO] - tsa-concrete: 1.1.1+1.21.2-rc1-1.21.2-rc1
[09:09:13] [main/INFO] - tsa-decorations: 2.1.8+1.21.6
[09:09:13] [main/INFO] - tsa-planks: 1.1.2+1.21.2-rc1
[09:09:13] [main/INFO] - tsa-stone: 1.1.5
[09:09:13] [main/INFO] - universal-graves: 3.8.1+1.21.6
[09:09:13] [main/INFO] - vaulted-end: 1.3.2
[09:09:13] [main/INFO] - veinminermod: 3.0.3+mc1.21.8
[09:09:13] [main/INFO] - viabackwards: 5.7.2
[09:09:13] [main/INFO] - viafabric: 0.4.19+118-main
[09:09:13] [main/INFO] - viafabric-mc1218: 0.4.19+118-main
[09:09:13] [main/INFO] - viaversion: 5.7.3-SNAPSHOT
[09:09:13] [main/INFO] - visualjukebox: 1.0.3+1.21.6
[09:09:13] [main/INFO] - wlodzimiers_blocks: 1.1.4+1.21.6
[09:09:13] [main/INFO] - woods_and_mires: 2.1.2-polymania+1.21.8
[09:09:13] [main/INFO] - yet_another_config_lib_v3: 3.7.1+1.21.6-fabric
[09:09:13] [main/INFO] ========================================
[09:09:13] [main/INFO] [REI] Registered plugin provider CommonREIPlugin [farmersdelight] for REICommonPlugin
[09:09:13] [main/INFO] [REI] Registered plugin provider DefaultPlugin [roughlyenoughitems] for REICommonPlugin
[09:09:13] [main/INFO] [REI] Registered plugin provider DefaultRuntimePlugin [roughlyenoughitems] for REICommonPlugin
[09:09:13] [main/INFO] [REI] Registered plugin provider FabricFluidAPISupportPlugin for REICommonPlugin
[09:09:22] [main/DEBUG] [REI] Processed 7 tags in 402.6 μs for minecraft:point_of_interest_type
[09:09:22] [main/DEBUG] [REI] Processed 5 tags in 122.0 μs for minecraft:game_event
[09:09:22] [main/DEBUG] [REI] Processed 3 tags in 17.97 μs for polyfactory:fluid_type
[09:09:23] [main/DEBUG] [REI] Processed 716 tags in 3.615 ms for minecraft:item
[09:09:23] [main/DEBUG] [REI] Processed 2 tags in 12.36 μs for minecraft:data_component_type
[09:09:23] [main/DEBUG] [REI] Processed 1 tags in 13.05 μs for minecraft:sound_event
[09:09:23] [main/DEBUG] [REI] Processed 5 tags in 15.59 μs for minecraft:fluid
[09:09:23] [main/DEBUG] [REI] Processed 561 tags in 2.318 ms for minecraft:block
[09:09:23] [main/DEBUG] [REI] Processed 61 tags in 122.2 μs for minecraft:entity_type
[09:09:25] [Worker-Main-3/DEBUG] [REI] Processed 1 tags in 117.5 μs for minecraft:block
[09:09:25] [Worker-Main-3/DEBUG] [REI] Processed 1 tags in 8.275 μs for minecraft:entity_type
[09:09:37] [Server thread/DEBUG] [REI] Starting Reload Plugins of stage null
java.lang.Throwable
	at knot//me.shedaniel.rei.impl.common.plugins.ReloadManagerImpl.reloadPlugins(ReloadManagerImpl.java:110)
	at knot//me.shedaniel.rei.RoughlyEnoughItemsCore.lambda$onInitialize$5(RoughlyEnoughItemsCore.java:157)
	at knot//dev.architectury.event.fabric.EventHandlerImpl.lambda$registerCommon$10(EventHandlerImpl.java:67)
	at knot//net.fabricmc.fabric.api.event.lifecycle.v1.ServerLifecycleEvents.lambda$static$2(ServerLifecycleEvents.java:49)
	at knot//net.minecraft.server.MinecraftServer.handler$bci000$fabric-lifecycle-events-v1$afterSetupServer(MinecraftServer.java:6202)
	at knot//net.minecraft.server.MinecraftServer.method_29741(MinecraftServer.java:676)
	at knot//net.minecraft.server.MinecraftServer.method_29739(MinecraftServer.java:291)
	at java.base/java.lang.Thread.run(Thread.java:1583)
[09:09:37] [Server thread/DEBUG] [REI] ========================================
[09:09:37] [Server thread/DEBUG] [REI] REICommonPlugin starting pre-reload for START.
[09:09:37] [Server thread/DEBUG] [REI] Reloadables (8):
[09:09:37] [Server thread/DEBUG] [REI]  - SlotAccessorRegistryImpl
[09:09:37] [Server thread/DEBUG] [REI]  - EntryTypeRegistryImpl
[09:09:37] [Server thread/DEBUG] [REI]  - EntrySettingsAdapterRegistryImpl
[09:09:37] [Server thread/DEBUG] [REI]  - ItemComparatorRegistryImpl
[09:09:37] [Server thread/DEBUG] [REI]  - FluidComparatorRegistryImpl
[09:09:37] [Server thread/DEBUG] [REI]  - DisplaySerializerRegistryImpl
[09:09:37] [Server thread/DEBUG] [REI]  - ServerDisplayRegistryImpl
[09:09:37] [Server thread/DEBUG] [REI]  - FluidSupportProviderImpl
[09:09:37] [Server thread/DEBUG] [REI] Plugins (4):
[09:09:37] [Server thread/DEBUG] [REI]  - (-100.00) DefaultPlugin of DefaultPlugin [roughlyenoughitems]
[09:09:37] [Server thread/DEBUG] [REI]  - (0.00) FabricFluidAPISupportPlugin
[09:09:37] [Server thread/DEBUG] [REI]  - (0.00) DefaultRuntimePlugin of DefaultRuntimePlugin [roughlyenoughitems]
[09:09:37] [Server thread/DEBUG] [REI]  - (0.00) CommonREIPlugin of CommonREIPlugin [farmersdelight]
[09:09:37] [Server thread/DEBUG] [REI] ========================================
[09:09:37] [Server thread/TRACE] [REI] [REICommonPlugin START] Reloading Section: "pre-register/"
[09:09:37] [Server thread/TRACE] [REI] [REICommonPlugin START] Reloading Section: "pre-register/DefaultPlugin of DefaultPlugin [roughlyenoughitems]/"
[09:09:37] [Server thread/TRACE] [REI] [REICommonPlugin START] Reloading Section: "pre-register/DefaultPlugin of DefaultPlugin [roughlyenoughitems]/" done in 663.6 μs
[09:09:37] [Server thread/TRACE] [REI] [REICommonPlugin START] Reloading Section: "pre-register/FabricFluidAPISupportPlugin/"
[09:09:37] [Server thread/TRACE] [REI] [REICommonPlugin START] Reloading Section: "pre-register/FabricFluidAPISupportPlugin/" done in 23.93 μs
[09:09:37] [Server thread/TRACE] [REI] [REICommonPlugin START] Reloading Section: "pre-register/DefaultRuntimePlugin of DefaultRuntimePlugin [roughlyenoughitems]/"
[09:09:37] [Server thread/TRACE] [REI] [REICommonPlugin START] Reloading Section: "pre-register/DefaultRuntimePlugin of DefaultRuntimePlugin [roughlyenoughitems]/" done in 17.88 μs
[09:09:37] [Server thread/TRACE] [REI] [REICommonPlugin START] Reloading Section: "pre-register/CommonREIPlugin of CommonREIPlugin [farmersdelight]/"
[09:09:37] [Server thread/TRACE] [REI] [REICommonPlugin START] Reloading Section: "pre-register/CommonREIPlugin of CommonREIPlugin [farmersdelight]/" done in 25.10 μs
[09:09:37] [Server thread/TRACE] [REI] [REICommonPlugin START] Reloading Section: "pre-register/" done in 4.925 ms
[09:09:37] [Server thread/TRACE] [REI] [REICommonPlugin START] Reloading Section: "pre-stage/"
[09:09:37] [Server thread/TRACE] [REI] [REICommonPlugin START] Reloading Section: "pre-stage/SlotAccessorRegistryImpl/"
[09:09:37] [Server thread/TRACE] [REI] [REICommonPlugin START] Reloading Section: "pre-stage/SlotAccessorRegistryImpl/" done in 131.5 μs
[09:09:37] [Server thread/TRACE] [REI] [REICommonPlugin START] Reloading Section: "pre-stage/EntryTypeRegistryImpl/"
[09:09:37] [Server thread/TRACE] [REI] [REICommonPlugin START] Reloading Section: "pre-stage/EntryTypeRegistryImpl/" done in 17.99 μs
[09:09:37] [Server thread/TRACE] [REI] [REICommonPlugin START] Reloading Section: "pre-stage/EntrySettingsAdapterRegistryImpl/"
[09:09:37] [Server thread/TRACE] [REI] [REICommonPlugin START] Reloading Section: "pre-stage/EntrySettingsAdapterRegistryImpl/" done in 14.27 μs
[09:09:37] [Server thread/TRACE] [REI] [REICommonPlugin START] Reloading Section: "pre-stage/ItemComparatorRegistryImpl/"
[09:09:37] [Server thread/TRACE] [REI] [REICommonPlugin START] Reloading Section: "pre-stage/ItemComparatorRegistryImpl/" done in 15.29 μs
[09:09:37] [Server thread/TRACE] [REI] [REICommonPlugin START] Reloading Section: "pre-stage/FluidComparatorRegistryImpl/"
[09:09:37] [Server thread/TRACE] [REI] [REICommonPlugin START] Reloading Section: "pre-stage/FluidComparatorRegistryImpl/" done in 13.82 μs
[09:09:37] [Server thread/TRACE] [REI] [REICommonPlugin START] Reloading Section: "pre-stage/DisplaySerializerRegistryImpl/"
[09:09:37] [Server thread/TRACE] [REI] [REICommonPlugin START] Reloading Section: "pre-stage/DisplaySerializerRegistryImpl/" done in 13.29 μs
[09:09:37] [Server thread/TRACE] [REI] [REICommonPlugin START] Reloading Section: "pre-stage/ServerDisplayRegistryImpl/"
[09:09:37] [Server thread/TRACE] [REI] [REICommonPlugin START] Reloading Section: "pre-stage/ServerDisplayRegistryImpl/" done in 13.02 μs
[09:09:37] [Server thread/TRACE] [REI] [REICommonPlugin START] Reloading Section: "pre-stage/FluidSupportProviderImpl/"
[09:09:37] [Server thread/TRACE] [REI] [REICommonPlugin START] Reloading Section: "pre-stage/FluidSupportProviderImpl/" done in 13.08 μs
[09:09:37] [Server thread/TRACE] [REI] [REICommonPlugin START] Reloading Section: "pre-stage/" done in 560.4 μs
[09:09:37] [Server thread/DEBUG] [REI] ========================================
[09:09:37] [Server thread/DEBUG] [REI] REICommonPlugin finished pre-reload for START in 5.810 ms.
[09:09:37] [Server thread/DEBUG] [REI] ========================================
[09:09:37] [Server thread/INFO] [REI] %%%%%%%%%%%%%%%%%%%%%%%%%%%%%%%%%%%%%%%%
[09:09:37] [Server thread/INFO] [REI] REICommonPlugin starting main-reload for START.
[09:09:37] [Server thread/DEBUG] [REI] Reloadables (8):
[09:09:37] [Server thread/DEBUG] [REI]  - SlotAccessorRegistryImpl
[09:09:37] [Server thread/DEBUG] [REI]  - EntryTypeRegistryImpl
[09:09:37] [Server thread/DEBUG] [REI]  - EntrySettingsAdapterRegistryImpl
[09:09:37] [Server thread/DEBUG] [REI]  - ItemComparatorRegistryImpl
[09:09:37] [Server thread/DEBUG] [REI]  - FluidComparatorRegistryImpl
[09:09:37] [Server thread/DEBUG] [REI]  - DisplaySerializerRegistryImpl
[09:09:37] [Server thread/DEBUG] [REI]  - ServerDisplayRegistryImpl
[09:09:37] [Server thread/DEBUG] [REI]  - FluidSupportProviderImpl
[09:09:37] [Server thread/INFO] [REI] Plugins (4):
[09:09:37] [Server thread/INFO] [REI]  - (-100.00) DefaultPlugin of DefaultPlugin [roughlyenoughitems]
[09:09:37] [Server thread/INFO] [REI]  - (0.00) FabricFluidAPISupportPlugin
[09:09:37] [Server thread/INFO] [REI]  - (0.00) DefaultRuntimePlugin of DefaultRuntimePlugin [roughlyenoughitems]
[09:09:37] [Server thread/INFO] [REI]  - (0.00) CommonREIPlugin of CommonREIPlugin [farmersdelight]
[09:09:37] [Server thread/INFO] [REI] %%%%%%%%%%%%%%%%%%%%%%%%%%%%%%%%%%%%%%%%
[09:09:37] [Server thread/TRACE] [REI] [REICommonPlugin START] Reloading Section: "start-reload/"
[09:09:37] [Server thread/TRACE] [REI] [REICommonPlugin START] Reloading Section: "start-reload/SlotAccessorRegistryImpl/"
[09:09:37] [Server thread/TRACE] [REI] [REICommonPlugin START] Reloading Section: "start-reload/SlotAccessorRegistryImpl/" done in 35.36 μs
[09:09:37] [Server thread/TRACE] [REI] [REICommonPlugin START] Reloading Section: "start-reload/EntryTypeRegistryImpl/"
[09:09:37] [Server thread/TRACE] [REI] [REICommonPlugin START] Reloading Section: "start-reload/EntryTypeRegistryImpl/" done in 48.91 μs
[09:09:37] [Server thread/TRACE] [REI] [REICommonPlugin START] Reloading Section: "start-reload/EntrySettingsAdapterRegistryImpl/"
[09:09:37] [Server thread/TRACE] [REI] [REICommonPlugin START] Reloading Section: "start-reload/EntrySettingsAdapterRegistryImpl/" done in 19.81 μs
[09:09:37] [Server thread/TRACE] [REI] [REICommonPlugin START] Reloading Section: "start-reload/ItemComparatorRegistryImpl/"
[09:09:37] [Server thread/TRACE] [REI] [REICommonPlugin START] Reloading Section: "start-reload/ItemComparatorRegistryImpl/" done in 31.68 μs
[09:09:37] [Server thread/TRACE] [REI] [REICommonPlugin START] Reloading Section: "start-reload/FluidComparatorRegistryImpl/"
[09:09:37] [Server thread/TRACE] [REI] [REICommonPlugin START] Reloading Section: "start-reload/FluidComparatorRegistryImpl/" done in 26.42 μs
[09:09:37] [Server thread/TRACE] [REI] [REICommonPlugin START] Reloading Section: "start-reload/DisplaySerializerRegistryImpl/"
[09:09:37] [Server thread/TRACE] [REI] [REICommonPlugin START] Reloading Section: "start-reload/DisplaySerializerRegistryImpl/" done in 27.37 μs
[09:09:37] [Server thread/TRACE] [REI] [REICommonPlugin START] Reloading Section: "start-reload/ServerDisplayRegistryImpl/"
[09:09:37] [Server thread/TRACE] [REI] [REICommonPlugin START] Reloading Section: "start-reload/ServerDisplayRegistryImpl/" done in 19.87 μs
[09:09:37] [Server thread/TRACE] [REI] [REICommonPlugin START] Reloading Section: "start-reload/FluidSupportProviderImpl/"
[09:09:37] [Server thread/TRACE] [REI] [REICommonPlugin START] Reloading Section: "start-reload/FluidSupportProviderImpl/" done in 28.22 μs
[09:09:37] [Server thread/TRACE] [REI] [REICommonPlugin START] Reloading Section: "start-reload/" done in 766.3 μs
[09:09:37] [Server thread/DEBUG] [REI] ========================================
[09:09:37] [Server thread/DEBUG] [REI] REICommonPlugin started main-reload for START.
[09:09:37] [Server thread/DEBUG] [REI] ========================================
[09:09:37] [Server thread/TRACE] [REI] [REICommonPlugin START] Reloading Section: "reloadable-plugin/SlotAccessorRegistryImpl/"
[09:09:37] [Server thread/TRACE] [REI] [REICommonPlugin START] Reloading Section: "reloadable-plugin/SlotAccessorRegistryImpl/DefaultPlugin of DefaultPlugin [roughlyenoughitems]/"
[09:09:37] [Server thread/TRACE] [REI] [REICommonPlugin START] Reloading Section: "reloadable-plugin/SlotAccessorRegistryImpl/DefaultPlugin of DefaultPlugin [roughlyenoughitems]/" done in 214.9 μs
[09:09:37] [Server thread/TRACE] [REI] [REICommonPlugin START] Reloading Section: "reloadable-plugin/SlotAccessorRegistryImpl/FabricFluidAPISupportPlugin/"
[09:09:37] [Server thread/TRACE] [REI] [REICommonPlugin START] Reloading Section: "reloadable-plugin/SlotAccessorRegistryImpl/FabricFluidAPISupportPlugin/" done in 30.97 μs
[09:09:37] [Server thread/TRACE] [REI] [REICommonPlugin START] Reloading Section: "reloadable-plugin/SlotAccessorRegistryImpl/DefaultRuntimePlugin of DefaultRuntimePlugin [roughlyenoughitems]/"
[09:09:37] [Server thread/TRACE] [REI] [REICommonPlugin START] Reloading Section: "reloadable-plugin/SlotAccessorRegistryImpl/DefaultRuntimePlugin of DefaultRuntimePlugin [roughlyenoughitems]/" done in 36.71 μs
[09:09:37] [Server thread/TRACE] [REI] [REICommonPlugin START] Reloading Section: "reloadable-plugin/SlotAccessorRegistryImpl/CommonREIPlugin of CommonREIPlugin [farmersdelight]/"
[09:09:37] [Server thread/TRACE] [REI] [REICommonPlugin START] Reloading Section: "reloadable-plugin/SlotAccessorRegistryImpl/CommonREIPlugin of CommonREIPlugin [farmersdelight]/" done in 33.99 μs
[09:09:37] [Server thread/TRACE] [REI] [REICommonPlugin START] Reloading Section: "reloadable-plugin/SlotAccessorRegistryImpl/" done in 894.0 μs
[09:09:37] [Server thread/TRACE] [REI] [REICommonPlugin START] Reloading Section: "reloadable-plugin/EntryTypeRegistryImpl/"
[09:09:37] [Server thread/TRACE] [REI] [REICommonPlugin START] Reloading Section: "reloadable-plugin/EntryTypeRegistryImpl/DefaultPlugin of DefaultPlugin [roughlyenoughitems]/"
[09:09:37] [Server thread/TRACE] [REI] [REICommonPlugin START] Reloading Section: "reloadable-plugin/EntryTypeRegistryImpl/DefaultPlugin of DefaultPlugin [roughlyenoughitems]/" done in 42.14 μs
[09:09:37] [Server thread/TRACE] [REI] [REICommonPlugin START] Reloading Section: "reloadable-plugin/EntryTypeRegistryImpl/FabricFluidAPISupportPlugin/"
[09:09:37] [Server thread/TRACE] [REI] [REICommonPlugin START] Reloading Section: "reloadable-plugin/EntryTypeRegistryImpl/FabricFluidAPISupportPlugin/" done in 33.43 μs
[09:09:37] [Server thread/TRACE] [REI] [REICommonPlugin START] Reloading Section: "reloadable-plugin/EntryTypeRegistryImpl/DefaultRuntimePlugin of DefaultRuntimePlugin [roughlyenoughitems]/"
[09:09:37] [Server thread/TRACE] [REI] [REICommonPlugin START] Reloading Section: "reloadable-plugin/EntryTypeRegistryImpl/DefaultRuntimePlugin of DefaultRuntimePlugin [roughlyenoughitems]/" done in 3.561 ms
[09:09:37] [Server thread/TRACE] [REI] [REICommonPlugin START] Reloading Section: "reloadable-plugin/EntryTypeRegistryImpl/CommonREIPlugin of CommonREIPlugin [farmersdelight]/"
[09:09:37] [Server thread/TRACE] [REI] [REICommonPlugin START] Reloading Section: "reloadable-plugin/EntryTypeRegistryImpl/CommonREIPlugin of CommonREIPlugin [farmersdelight]/" done in 24.66 μs
[09:09:37] [Server thread/TRACE] [REI] [REICommonPlugin START] Reloading Section: "reloadable-plugin/EntryTypeRegistryImpl/" done in 3.957 ms
[09:09:37] [Server thread/TRACE] [REI] [REICommonPlugin START] Reloading Section: "reloadable-plugin/EntrySettingsAdapterRegistryImpl/"
[09:09:37] [Server thread/TRACE] [REI] [REICommonPlugin START] Reloading Section: "reloadable-plugin/EntrySettingsAdapterRegistryImpl/DefaultPlugin of DefaultPlugin [roughlyenoughitems]/"
[09:09:37] [Server thread/TRACE] [REI] [REICommonPlugin START] Reloading Section: "reloadable-plugin/EntrySettingsAdapterRegistryImpl/DefaultPlugin of DefaultPlugin [roughlyenoughitems]/" done in 35.62 μs
[09:09:37] [Server thread/TRACE] [REI] [REICommonPlugin START] Reloading Section: "reloadable-plugin/EntrySettingsAdapterRegistryImpl/FabricFluidAPISupportPlugin/"
[09:09:37] [Server thread/TRACE] [REI] [REICommonPlugin START] Reloading Section: "reloadable-plugin/EntrySettingsAdapterRegistryImpl/FabricFluidAPISupportPlugin/" done in 32.34 μs
[09:09:37] [Server thread/TRACE] [REI] [REICommonPlugin START] Reloading Section: "reloadable-plugin/EntrySettingsAdapterRegistryImpl/DefaultRuntimePlugin of DefaultRuntimePlugin [roughlyenoughitems]/"
[09:09:37] [Server thread/TRACE] [REI] [REICommonPlugin START] Reloading Section: "reloadable-plugin/EntrySettingsAdapterRegistryImpl/DefaultRuntimePlugin of DefaultRuntimePlugin [roughlyenoughitems]/" done in 33.31 μs
[09:09:37] [Server thread/TRACE] [REI] [REICommonPlugin START] Reloading Section: "reloadable-plugin/EntrySettingsAdapterRegistryImpl/CommonREIPlugin of CommonREIPlugin [farmersdelight]/"
[09:09:37] [Server thread/TRACE] [REI] [REICommonPlugin START] Reloading Section: "reloadable-plugin/EntrySettingsAdapterRegistryImpl/CommonREIPlugin of CommonREIPlugin [farmersdelight]/" done in 22.21 μs
[09:09:37] [Server thread/TRACE] [REI] [REICommonPlugin START] Reloading Section: "reloadable-plugin/EntrySettingsAdapterRegistryImpl/" done in 402.8 μs
[09:09:37] [Server thread/TRACE] [REI] [REICommonPlugin START] Reloading Section: "reloadable-plugin/ItemComparatorRegistryImpl/"
[09:09:37] [Server thread/TRACE] [REI] [REICommonPlugin START] Reloading Section: "reloadable-plugin/ItemComparatorRegistryImpl/DefaultPlugin of DefaultPlugin [roughlyenoughitems]/"
[09:09:37] [Server thread/TRACE] [REI] [REICommonPlugin START] Reloading Section: "reloadable-plugin/ItemComparatorRegistryImpl/DefaultPlugin of DefaultPlugin [roughlyenoughitems]/" done in 590.7 μs
[09:09:37] [Server thread/TRACE] [REI] [REICommonPlugin START] Reloading Section: "reloadable-plugin/ItemComparatorRegistryImpl/FabricFluidAPISupportPlugin/"
[09:09:37] [Server thread/TRACE] [REI] [REICommonPlugin START] Reloading Section: "reloadable-plugin/ItemComparatorRegistryImpl/FabricFluidAPISupportPlugin/" done in 24.47 μs
[09:09:37] [Server thread/TRACE] [REI] [REICommonPlugin START] Reloading Section: "reloadable-plugin/ItemComparatorRegistryImpl/DefaultRuntimePlugin of DefaultRuntimePlugin [roughlyenoughitems]/"
[09:09:37] [Server thread/TRACE] [REI] [REICommonPlugin START] Reloading Section: "reloadable-plugin/ItemComparatorRegistryImpl/DefaultRuntimePlugin of DefaultRuntimePlugin [roughlyenoughitems]/" done in 18.88 μs
[09:09:37] [Server thread/TRACE] [REI] [REICommonPlugin START] Reloading Section: "reloadable-plugin/ItemComparatorRegistryImpl/CommonREIPlugin of CommonREIPlugin [farmersdelight]/"
[09:09:37] [Server thread/TRACE] [REI] [REICommonPlugin START] Reloading Section: "reloadable-plugin/ItemComparatorRegistryImpl/CommonREIPlugin of CommonREIPlugin [farmersdelight]/" done in 19.41 μs
[09:09:37] [Server thread/TRACE] [REI] [REICommonPlugin START] Reloading Section: "reloadable-plugin/ItemComparatorRegistryImpl/" done in 855.7 μs
[09:09:37] [Server thread/TRACE] [REI] [REICommonPlugin START] Reloading Section: "reloadable-plugin/FluidComparatorRegistryImpl/"
[09:09:37] [Server thread/TRACE] [REI] [REICommonPlugin START] Reloading Section: "reloadable-plugin/FluidComparatorRegistryImpl/DefaultPlugin of DefaultPlugin [roughlyenoughitems]/"
[09:09:37] [Server thread/TRACE] [REI] [REICommonPlugin START] Reloading Section: "reloadable-plugin/FluidComparatorRegistryImpl/DefaultPlugin of DefaultPlugin [roughlyenoughitems]/" done in 37.22 μs
[09:09:37] [Server thread/TRACE] [REI] [REICommonPlugin START] Reloading Section: "reloadable-plugin/FluidComparatorRegistryImpl/FabricFluidAPISupportPlugin/"
[09:09:37] [Server thread/TRACE] [REI] [REICommonPlugin START] Reloading Section: "reloadable-plugin/FluidComparatorRegistryImpl/FabricFluidAPISupportPlugin/" done in 48.86 μs
[09:09:37] [Server thread/TRACE] [REI] [REICommonPlugin START] Reloading Section: "reloadable-plugin/FluidComparatorRegistryImpl/DefaultRuntimePlugin of DefaultRuntimePlugin [roughlyenoughitems]/"
[09:09:37] [Server thread/TRACE] [REI] [REICommonPlugin START] Reloading Section: "reloadable-plugin/FluidComparatorRegistryImpl/DefaultRuntimePlugin of DefaultRuntimePlugin [roughlyenoughitems]/" done in 29.79 μs
[09:09:37] [Server thread/TRACE] [REI] [REICommonPlugin START] Reloading Section: "reloadable-plugin/FluidComparatorRegistryImpl/CommonREIPlugin of CommonREIPlugin [farmersdelight]/"
[09:09:37] [Server thread/TRACE] [REI] [REICommonPlugin START] Reloading Section: "reloadable-plugin/FluidComparatorRegistryImpl/CommonREIPlugin of CommonREIPlugin [farmersdelight]/" done in 27.13 μs
[09:09:37] [Server thread/TRACE] [REI] [REICommonPlugin START] Reloading Section: "reloadable-plugin/FluidComparatorRegistryImpl/" done in 411.6 μs
[09:09:37] [Server thread/TRACE] [REI] [REICommonPlugin START] Reloading Section: "reloadable-plugin/DisplaySerializerRegistryImpl/"
[09:09:37] [Server thread/TRACE] [REI] [REICommonPlugin START] Reloading Section: "reloadable-plugin/DisplaySerializerRegistryImpl/DefaultPlugin of DefaultPlugin [roughlyenoughitems]/"
[09:09:37] [Server thread/DEBUG] [REI] Added display serializer [minecraft:client/crafting/shaped] me.shedaniel.rei.api.common.display.DisplaySerializer$1@1236e00c
[09:09:37] [Server thread/DEBUG] [REI] Added display serializer [minecraft:client/crafting/shapeless] me.shedaniel.rei.api.common.display.DisplaySerializer$1@5e0ae908
[09:09:37] [Server thread/DEBUG] [REI] Added display serializer [minecraft:client/smelting] me.shedaniel.rei.api.common.display.DisplaySerializer$1@77bb01fd
[09:09:37] [Server thread/DEBUG] [REI] Added display serializer [minecraft:client/smoking] me.shedaniel.rei.api.common.display.DisplaySerializer$1@26da1058
[09:09:37] [Server thread/DEBUG] [REI] Added display serializer [minecraft:client/blasting] me.shedaniel.rei.api.common.display.DisplaySerializer$1@7c79c6c8
[09:09:37] [Server thread/DEBUG] [REI] Added display serializer [minecraft:default/crafting/shaped] me.shedaniel.rei.api.common.display.DisplaySerializer$1@787ae6b9
[09:09:37] [Server thread/DEBUG] [REI] Added display serializer [minecraft:default/crafting/shapeless] me.shedaniel.rei.api.common.display.DisplaySerializer$1@706f4e10
[09:09:37] [Server thread/DEBUG] [REI] Added display serializer [minecraft:default/crafting/custom] me.shedaniel.rei.api.common.display.DisplaySerializer$1@1d9b6c56
[09:09:37] [Server thread/DEBUG] [REI] Added display serializer [minecraft:default/crafting/custom_shaped] me.shedaniel.rei.api.common.display.DisplaySerializer$1@55c7f3ab
[09:09:37] [Server thread/DEBUG] [REI] Added display serializer [minecraft:default/crafting/custom_shapeless] me.shedaniel.rei.api.common.display.DisplaySerializer$1@66e893cf
[09:09:37] [Server thread/DEBUG] [REI] Added display serializer [minecraft:extension/crafting/map_extending] me.shedaniel.rei.api.common.display.DisplaySerializer$1@449d10f0
[09:09:37] [Server thread/DEBUG] [REI] Added display serializer [minecraft:default/smelting] me.shedaniel.rei.api.common.display.DisplaySerializer$1@4d7ecfc7
[09:09:37] [Server thread/DEBUG] [REI] Added display serializer [minecraft:default/smoking] me.shedaniel.rei.api.common.display.DisplaySerializer$1@caef7d
[09:09:37] [Server thread/DEBUG] [REI] Added display serializer [minecraft:default/blasting] me.shedaniel.rei.api.common.display.DisplaySerializer$1@24f3909a
[09:09:37] [Server thread/DEBUG] [REI] Added display serializer [minecraft:default/campfire] me.shedaniel.rei.api.common.display.DisplaySerializer$1@6f90db9b
[09:09:37] [Server thread/DEBUG] [REI] Added display serializer [minecraft:default/stone_cutting] me.shedaniel.rei.api.common.display.DisplaySerializer$1@654bf13e
[09:09:37] [Server thread/DEBUG] [REI] Added display serializer [minecraft:default/stripping] me.shedaniel.rei.api.common.display.DisplaySerializer$1@3193c770
[09:09:37] [Server thread/DEBUG] [REI] Added display serializer [minecraft:default/brewing] me.shedaniel.rei.api.common.display.DisplaySerializer$1@70cca749
[09:09:37] [Server thread/DEBUG] [REI] Added display serializer [minecraft:default/composting] me.shedaniel.rei.api.common.display.DisplaySerializer$1@29697810
[09:09:37] [Server thread/DEBUG] [REI] Added display serializer [minecraft:default/fuel] me.shedaniel.rei.api.common.display.DisplaySerializer$1@7546929d
[09:09:37] [Server thread/DEBUG] [REI] Added display serializer [minecraft:default/smithing] me.shedaniel.rei.api.common.display.DisplaySerializer$1@3ef4a21d
[09:09:37] [Server thread/DEBUG] [REI] Added display serializer [minecraft:default/smithing/trimming] me.shedaniel.rei.api.common.display.DisplaySerializer$1@3de2c92f
[09:09:37] [Server thread/DEBUG] [REI] Added display serializer [minecraft:default/anvil] me.shedaniel.rei.api.common.display.DisplaySerializer$1@173d2014
[09:09:37] [Server thread/DEBUG] [REI] Added display serializer [minecraft:default/beacon_base] me.shedaniel.rei.api.common.display.DisplaySerializer$1@32a47ede
[09:09:37] [Server thread/DEBUG] [REI] Added display serializer [minecraft:default/beacon_payment] me.shedaniel.rei.api.common.display.DisplaySerializer$1@836fddb
[09:09:37] [Server thread/DEBUG] [REI] Added display serializer [minecraft:default/tilling] me.shedaniel.rei.api.common.display.DisplaySerializer$1@6ee303c5
[09:09:37] [Server thread/DEBUG] [REI] Added display serializer [minecraft:default/pathing] me.shedaniel.rei.api.common.display.DisplaySerializer$1@356d577a
[09:09:37] [Server thread/DEBUG] [REI] Added display serializer [minecraft:default/waxing] me.shedaniel.rei.api.common.display.DisplaySerializer$1@41c15eb9
[09:09:37] [Server thread/DEBUG] [REI] Added display serializer [minecraft:default/waxing_scraping] me.shedaniel.rei.api.common.display.DisplaySerializer$1@6d779ae4
[09:09:37] [Server thread/DEBUG] [REI] Added display serializer [minecraft:default/oxidizing] me.shedaniel.rei.api.common.display.DisplaySerializer$1@6db0d259
[09:09:37] [Server thread/DEBUG] [REI] Added display serializer [minecraft:default/oxidizing_scraping] me.shedaniel.rei.api.common.display.DisplaySerializer$1@4e1faef9
[09:09:37] [Server thread/DEBUG] [REI] Added display serializer [roughlyenoughitems:default/information] me.shedaniel.rei.api.common.display.DisplaySerializer$1@532e5961
[09:09:37] [Server thread/TRACE] [REI] [REICommonPlugin START] Reloading Section: "reloadable-plugin/DisplaySerializerRegistryImpl/DefaultPlugin of DefaultPlugin [roughlyenoughitems]/" done in 34.59 ms
[09:09:37] [Server thread/TRACE] [REI] [REICommonPlugin START] Reloading Section: "reloadable-plugin/DisplaySerializerRegistryImpl/FabricFluidAPISupportPlugin/"
[09:09:37] [Server thread/TRACE] [REI] [REICommonPlugin START] Reloading Section: "reloadable-plugin/DisplaySerializerRegistryImpl/FabricFluidAPISupportPlugin/" done in 47.92 μs
[09:09:37] [Server thread/TRACE] [REI] [REICommonPlugin START] Reloading Section: "reloadable-plugin/DisplaySerializerRegistryImpl/DefaultRuntimePlugin of DefaultRuntimePlugin [roughlyenoughitems]/"
[09:09:37] [Server thread/TRACE] [REI] [REICommonPlugin START] Reloading Section: "reloadable-plugin/DisplaySerializerRegistryImpl/DefaultRuntimePlugin of DefaultRuntimePlugin [roughlyenoughitems]/" done in 22.97 μs
[09:09:37] [Server thread/TRACE] [REI] [REICommonPlugin START] Reloading Section: "reloadable-plugin/DisplaySerializerRegistryImpl/CommonREIPlugin of CommonREIPlugin [farmersdelight]/"
[09:09:37] [Server thread/DEBUG] [REI] Added display serializer [farmersdelight:default/cooking] me.shedaniel.rei.api.common.display.DisplaySerializer$1@7530ffb0
[09:09:37] [Server thread/DEBUG] [REI] Added display serializer [farmersdelight:default/cutting] me.shedaniel.rei.api.common.display.DisplaySerializer$1@4cf1ef11
[09:09:37] [Server thread/DEBUG] [REI] Added display serializer [farmersdelight:default/decomposition] me.shedaniel.rei.api.common.display.DisplaySerializer$1@dd9e15a
[09:09:37] [Server thread/TRACE] [REI] [REICommonPlugin START] Reloading Section: "reloadable-plugin/DisplaySerializerRegistryImpl/CommonREIPlugin of CommonREIPlugin [farmersdelight]/" done in 6.732 ms
[09:09:37] [Server thread/TRACE] [REI] [REICommonPlugin START] Reloading Section: "reloadable-plugin/DisplaySerializerRegistryImpl/" done in 41.68 ms
[09:09:37] [Server thread/TRACE] [REI] [REICommonPlugin START] Reloading Section: "reloadable-plugin/ServerDisplayRegistryImpl/"
[09:09:37] [Server thread/TRACE] [REI] [REICommonPlugin START] Reloading Section: "reloadable-plugin/ServerDisplayRegistryImpl/DefaultPlugin of DefaultPlugin [roughlyenoughitems]/"
[09:09:37] [Server thread/TRACE] [REI] [REICommonPlugin START] Reloading Section: "reloadable-plugin/ServerDisplayRegistryImpl/DefaultPlugin of DefaultPlugin [roughlyenoughitems]/" done in 35.80 μs
[09:09:37] [Server thread/TRACE] [REI] [REICommonPlugin START] Reloading Section: "reloadable-plugin/ServerDisplayRegistryImpl/FabricFluidAPISupportPlugin/"
[09:09:37] [Server thread/TRACE] [REI] [REICommonPlugin START] Reloading Section: "reloadable-plugin/ServerDisplayRegistryImpl/FabricFluidAPISupportPlugin/" done in 29.77 μs
[09:09:37] [Server thread/TRACE] [REI] [REICommonPlugin START] Reloading Section: "reloadable-plugin/ServerDisplayRegistryImpl/DefaultRuntimePlugin of DefaultRuntimePlugin [roughlyenoughitems]/"
[09:09:37] [Server thread/TRACE] [REI] [REICommonPlugin START] Reloading Section: "reloadable-plugin/ServerDisplayRegistryImpl/DefaultRuntimePlugin of DefaultRuntimePlugin [roughlyenoughitems]/" done in 25.48 μs
[09:09:37] [Server thread/TRACE] [REI] [REICommonPlugin START] Reloading Section: "reloadable-plugin/ServerDisplayRegistryImpl/CommonREIPlugin of CommonREIPlugin [farmersdelight]/"
[09:09:37] [Server thread/TRACE] [REI] [REICommonPlugin START] Reloading Section: "reloadable-plugin/ServerDisplayRegistryImpl/CommonREIPlugin of CommonREIPlugin [farmersdelight]/" done in 51.60 μs
[09:09:37] [Server thread/TRACE] [REI] [REICommonPlugin START] Reloading Section: "reloadable-plugin/ServerDisplayRegistryImpl/" done in 446.2 μs
[09:09:37] [Server thread/TRACE] [REI] [REICommonPlugin START] Reloading Section: "reloadable-plugin/FluidSupportProviderImpl/"
[09:09:37] [Server thread/TRACE] [REI] [REICommonPlugin START] Reloading Section: "reloadable-plugin/FluidSupportProviderImpl/DefaultPlugin of DefaultPlugin [roughlyenoughitems]/"
[09:09:37] [Server thread/TRACE] [REI] [REICommonPlugin START] Reloading Section: "reloadable-plugin/FluidSupportProviderImpl/DefaultPlugin of DefaultPlugin [roughlyenoughitems]/" done in 384.5 μs
[09:09:37] [Server thread/TRACE] [REI] [REICommonPlugin START] Reloading Section: "reloadable-plugin/FluidSupportProviderImpl/FabricFluidAPISupportPlugin/"
[09:09:37] [Server thread/TRACE] [REI] [REICommonPlugin START] Reloading Section: "reloadable-plugin/FluidSupportProviderImpl/FabricFluidAPISupportPlugin/" done in 153.4 μs
[09:09:37] [Server thread/TRACE] [REI] [REICommonPlugin START] Reloading Section: "reloadable-plugin/FluidSupportProviderImpl/DefaultRuntimePlugin of DefaultRuntimePlugin [roughlyenoughitems]/"
[09:09:37] [Server thread/TRACE] [REI] [REICommonPlugin START] Reloading Section: "reloadable-plugin/FluidSupportProviderImpl/DefaultRuntimePlugin of DefaultRuntimePlugin [roughlyenoughitems]/" done in 26.97 μs
[09:09:37] [Server thread/TRACE] [REI] [REICommonPlugin START] Reloading Section: "reloadable-plugin/FluidSupportProviderImpl/CommonREIPlugin of CommonREIPlugin [farmersdelight]/"
[09:09:37] [Server thread/TRACE] [REI] [REICommonPlugin START] Reloading Section: "reloadable-plugin/FluidSupportProviderImpl/CommonREIPlugin of CommonREIPlugin [farmersdelight]/" done in 33.74 μs
[09:09:37] [Server thread/TRACE] [REI] [REICommonPlugin START] Reloading Section: "reloadable-plugin/FluidSupportProviderImpl/" done in 902.6 μs
[09:09:37] [Server thread/DEBUG] [REI] ========================================
[09:09:37] [Server thread/DEBUG] [REI] REICommonPlugin ending main-reload for START.
[09:09:37] [Server thread/DEBUG] [REI] ========================================
[09:09:37] [Server thread/TRACE] [REI] [REICommonPlugin START] Reloading Section: "end-reload/"
[09:09:37] [Server thread/TRACE] [REI] [REICommonPlugin START] Reloading Section: "end-reload/SlotAccessorRegistryImpl/"
[09:09:37] [Server thread/TRACE] [REI] [REICommonPlugin START] Reloading Section: "end-reload/SlotAccessorRegistryImpl/" done in 22.95 μs
[09:09:37] [Server thread/TRACE] [REI] [REICommonPlugin START] Reloading Section: "end-reload/EntryTypeRegistryImpl/"
[09:09:37] [Server thread/TRACE] [REI] [REICommonPlugin START] Reloading Section: "end-reload/EntryTypeRegistryImpl/" done in 15.23 μs
[09:09:37] [Server thread/TRACE] [REI] [REICommonPlugin START] Reloading Section: "end-reload/EntrySettingsAdapterRegistryImpl/"
[09:09:37] [Server thread/TRACE] [REI] [REICommonPlugin START] Reloading Section: "end-reload/EntrySettingsAdapterRegistryImpl/" done in 11.84 μs
[09:09:37] [Server thread/TRACE] [REI] [REICommonPlugin START] Reloading Section: "end-reload/ItemComparatorRegistryImpl/"
[09:09:37] [Server thread/TRACE] [REI] [REICommonPlugin START] Reloading Section: "end-reload/ItemComparatorRegistryImpl/" done in 26.53 μs
[09:09:37] [Server thread/TRACE] [REI] [REICommonPlugin START] Reloading Section: "end-reload/FluidComparatorRegistryImpl/"
[09:09:37] [Server thread/TRACE] [REI] [REICommonPlugin START] Reloading Section: "end-reload/FluidComparatorRegistryImpl/" done in 20.57 μs
[09:09:37] [Server thread/TRACE] [REI] [REICommonPlugin START] Reloading Section: "end-reload/DisplaySerializerRegistryImpl/"
[09:09:37] [Server thread/TRACE] [REI] [REICommonPlugin START] Reloading Section: "end-reload/DisplaySerializerRegistryImpl/" done in 18.23 μs
[09:09:37] [Server thread/TRACE] [REI] [REICommonPlugin START] Reloading Section: "end-reload/ServerDisplayRegistryImpl/"
[09:09:37] [Server thread/TRACE] [REI] [REICommonPlugin START] Reloading Section: "end-reload/ServerDisplayRegistryImpl/" done in 67.89 μs
[09:09:37] [Server thread/TRACE] [REI] [REICommonPlugin START] Reloading Section: "end-reload/FluidSupportProviderImpl/"
[09:09:37] [Server thread/TRACE] [REI] [REICommonPlugin START] Reloading Section: "end-reload/FluidSupportProviderImpl/" done in 43.37 μs
[09:09:37] [Server thread/TRACE] [REI] [REICommonPlugin START] Reloading Section: "end-reload/" done in 626.1 μs
[09:09:37] [Server thread/DEBUG] [REI] ========================================
[09:09:37] [Server thread/DEBUG] [REI] REICommonPlugin ended main-reload for START in 53.92 ms.
[09:09:37] [Server thread/DEBUG] [REI] ========================================
[09:09:37] [Server thread/DEBUG] [REI] ========================================
[09:09:37] [Server thread/DEBUG] [REI] REICommonPlugin starting post-reload for START.
[09:09:37] [Server thread/DEBUG] [REI] Reloadables (8):
[09:09:37] [Server thread/DEBUG] [REI]  - SlotAccessorRegistryImpl
[09:09:37] [Server thread/DEBUG] [REI]  - EntryTypeRegistryImpl
[09:09:37] [Server thread/DEBUG] [REI]  - EntrySettingsAdapterRegistryImpl
[09:09:37] [Server thread/DEBUG] [REI]  - ItemComparatorRegistryImpl
[09:09:37] [Server thread/DEBUG] [REI]  - FluidComparatorRegistryImpl
[09:09:37] [Server thread/DEBUG] [REI]  - DisplaySerializerRegistryImpl
[09:09:37] [Server thread/DEBUG] [REI]  - ServerDisplayRegistryImpl
[09:09:37] [Server thread/DEBUG] [REI]  - FluidSupportProviderImpl
[09:09:37] [Server thread/DEBUG] [REI] Plugins (4):
[09:09:37] [Server thread/DEBUG] [REI]  - (-100.00) DefaultPlugin of DefaultPlugin [roughlyenoughitems]
[09:09:37] [Server thread/DEBUG] [REI]  - (0.00) FabricFluidAPISupportPlugin
[09:09:37] [Server thread/DEBUG] [REI]  - (0.00) DefaultRuntimePlugin of DefaultRuntimePlugin [roughlyenoughitems]
[09:09:37] [Server thread/DEBUG] [REI]  - (0.00) CommonREIPlugin of CommonREIPlugin [farmersdelight]
[09:09:37] [Server thread/DEBUG] [REI] ========================================
[09:09:37] [Server thread/TRACE] [REI] [REICommonPlugin START] Reloading Section: "post-register/"
[09:09:37] [Server thread/TRACE] [REI] [REICommonPlugin START] Reloading Section: "post-register/DefaultPlugin of DefaultPlugin [roughlyenoughitems]/"
[09:09:37] [Server thread/TRACE] [REI] [REICommonPlugin START] Reloading Section: "post-register/DefaultPlugin of DefaultPlugin [roughlyenoughitems]/" done in 162.9 μs
[09:09:37] [Server thread/TRACE] [REI] [REICommonPlugin START] Reloading Section: "post-register/FabricFluidAPISupportPlugin/"
[09:09:37] [Server thread/TRACE] [REI] [REICommonPlugin START] Reloading Section: "post-register/FabricFluidAPISupportPlugin/" done in 21.94 μs
[09:09:37] [Server thread/TRACE] [REI] [REICommonPlugin START] Reloading Section: "post-register/DefaultRuntimePlugin of DefaultRuntimePlugin [roughlyenoughitems]/"
[09:09:37] [Server thread/TRACE] [REI] [REICommonPlugin START] Reloading Section: "post-register/DefaultRuntimePlugin of DefaultRuntimePlugin [roughlyenoughitems]/" done in 20.29 μs
[09:09:37] [Server thread/TRACE] [REI] [REICommonPlugin START] Reloading Section: "post-register/CommonREIPlugin of CommonREIPlugin [farmersdelight]/"
[09:09:37] [Server thread/TRACE] [REI] [REICommonPlugin START] Reloading Section: "post-register/CommonREIPlugin of CommonREIPlugin [farmersdelight]/" done in 20.72 μs
[09:09:37] [Server thread/TRACE] [REI] [REICommonPlugin START] Reloading Section: "post-register/" done in 599.8 μs
[09:09:37] [Server thread/TRACE] [REI] [REICommonPlugin START] Reloading Section: "post-stage/"
[09:09:37] [Server thread/TRACE] [REI] [REICommonPlugin START] Reloading Section: "post-stage/SlotAccessorRegistryImpl/"
[09:09:37] [Server thread/TRACE] [REI] [REICommonPlugin START] Reloading Section: "post-stage/SlotAccessorRegistryImpl/" done in 29.45 μs
[09:09:37] [Server thread/TRACE] [REI] [REICommonPlugin START] Reloading Section: "post-stage/EntryTypeRegistryImpl/"
[09:09:37] [Server thread/TRACE] [REI] [REICommonPlugin START] Reloading Section: "post-stage/EntryTypeRegistryImpl/" done in 31.96 μs
[09:09:37] [Server thread/TRACE] [REI] [REICommonPlugin START] Reloading Section: "post-stage/EntrySettingsAdapterRegistryImpl/"
[09:09:37] [Server thread/TRACE] [REI] [REICommonPlugin START] Reloading Section: "post-stage/EntrySettingsAdapterRegistryImpl/" done in 21.31 μs
[09:09:37] [Server thread/TRACE] [REI] [REICommonPlugin START] Reloading Section: "post-stage/ItemComparatorRegistryImpl/"
[09:09:37] [Server thread/TRACE] [REI] [REICommonPlugin START] Reloading Section: "post-stage/ItemComparatorRegistryImpl/" done in 15.25 μs
[09:09:37] [Server thread/TRACE] [REI] [REICommonPlugin START] Reloading Section: "post-stage/FluidComparatorRegistryImpl/"
[09:09:37] [Server thread/TRACE] [REI] [REICommonPlugin START] Reloading Section: "post-stage/FluidComparatorRegistryImpl/" done in 16.40 μs
[09:09:37] [Server thread/TRACE] [REI] [REICommonPlugin START] Reloading Section: "post-stage/DisplaySerializerRegistryImpl/"
[09:09:37] [Server thread/TRACE] [REI] [REICommonPlugin START] Reloading Section: "post-stage/DisplaySerializerRegistryImpl/" done in 16.61 μs
[09:09:37] [Server thread/TRACE] [REI] [REICommonPlugin START] Reloading Section: "post-stage/ServerDisplayRegistryImpl/"
[09:09:37] [Server thread/TRACE] [REI] [REICommonPlugin START] Reloading Section: "post-stage/ServerDisplayRegistryImpl/" done in 17.92 μs
[09:09:37] [Server thread/TRACE] [REI] [REICommonPlugin START] Reloading Section: "post-stage/FluidSupportProviderImpl/"
[09:09:37] [Server thread/TRACE] [REI] [REICommonPlugin START] Reloading Section: "post-stage/FluidSupportProviderImpl/" done in 18.22 μs
[09:09:37] [Server thread/TRACE] [REI] [REICommonPlugin START] Reloading Section: "post-stage/" done in 663.5 μs
[09:09:37] [Server thread/DEBUG] [REI] ========================================
[09:09:37] [Server thread/INFO] [REI] REICommonPlugin finished post-reload for START in 1.328 ms, totaling 61.04 ms.
[09:09:37] [Server thread/DEBUG] [REI] ========================================
[09:09:37] [Server thread/DEBUG] [REI] ========================================
[09:09:37] [Server thread/DEBUG] [REI] REICommonPlugin starting pre-reload for END.
[09:09:37] [Server thread/DEBUG] [REI] Reloadables (8):
[09:09:37] [Server thread/DEBUG] [REI]  - SlotAccessorRegistryImpl
[09:09:37] [Server thread/DEBUG] [REI]  - EntryTypeRegistryImpl
[09:09:37] [Server thread/DEBUG] [REI]  - EntrySettingsAdapterRegistryImpl
[09:09:37] [Server thread/DEBUG] [REI]  - ItemComparatorRegistryImpl
[09:09:37] [Server thread/DEBUG] [REI]  - FluidComparatorRegistryImpl
[09:09:37] [Server thread/DEBUG] [REI]  - DisplaySerializerRegistryImpl
[09:09:37] [Server thread/DEBUG] [REI]  - ServerDisplayRegistryImpl
[09:09:37] [Server thread/DEBUG] [REI]  - FluidSupportProviderImpl
[09:09:37] [Server thread/DEBUG] [REI] Plugins (4):
[09:09:37] [Server thread/DEBUG] [REI]  - (-100.00) DefaultPlugin of DefaultPlugin [roughlyenoughitems]
[09:09:37] [Server thread/DEBUG] [REI]  - (0.00) FabricFluidAPISupportPlugin
[09:09:37] [Server thread/DEBUG] [REI]  - (0.00) DefaultRuntimePlugin of DefaultRuntimePlugin [roughlyenoughitems]
[09:09:37] [Server thread/DEBUG] [REI]  - (0.00) CommonREIPlugin of CommonREIPlugin [farmersdelight]
[09:09:37] [Server thread/DEBUG] [REI] ========================================
[09:09:37] [Server thread/TRACE] [REI] [REICommonPlugin END] Reloading Section: "pre-register/"
[09:09:37] [Server thread/TRACE] [REI] [REICommonPlugin END] Reloading Section: "pre-register/DefaultPlugin of DefaultPlugin [roughlyenoughitems]/"
[09:09:37] [Server thread/TRACE] [REI] [REICommonPlugin END] Reloading Section: "pre-register/DefaultPlugin of DefaultPlugin [roughlyenoughitems]/" done in 17.84 μs
[09:09:37] [Server thread/TRACE] [REI] [REICommonPlugin END] Reloading Section: "pre-register/FabricFluidAPISupportPlugin/"
[09:09:37] [Server thread/TRACE] [REI] [REICommonPlugin END] Reloading Section: "pre-register/FabricFluidAPISupportPlugin/" done in 16.11 μs
[09:09:37] [Server thread/TRACE] [REI] [REICommonPlugin END] Reloading Section: "pre-register/DefaultRuntimePlugin of DefaultRuntimePlugin [roughlyenoughitems]/"
[09:09:37] [Server thread/TRACE] [REI] [REICommonPlugin END] Reloading Section: "pre-register/DefaultRuntimePlugin of DefaultRuntimePlugin [roughlyenoughitems]/" done in 16.07 μs
[09:09:37] [Server thread/TRACE] [REI] [REICommonPlugin END] Reloading Section: "pre-register/CommonREIPlugin of CommonREIPlugin [farmersdelight]/"
[09:09:37] [Server thread/TRACE] [REI] [REICommonPlugin END] Reloading Section: "pre-register/CommonREIPlugin of CommonREIPlugin [farmersdelight]/" done in 14.58 μs
[09:09:37] [Server thread/TRACE] [REI] [REICommonPlugin END] Reloading Section: "pre-register/" done in 247.0 μs
[09:09:37] [Server thread/TRACE] [REI] [REICommonPlugin END] Reloading Section: "pre-stage/"
[09:09:37] [Server thread/TRACE] [REI] [REICommonPlugin END] Reloading Section: "pre-stage/SlotAccessorRegistryImpl/"
[09:09:37] [Server thread/TRACE] [REI] [REICommonPlugin END] Reloading Section: "pre-stage/SlotAccessorRegistryImpl/" done in 18.36 μs
[09:09:37] [Server thread/TRACE] [REI] [REICommonPlugin END] Reloading Section: "pre-stage/EntryTypeRegistryImpl/"
[09:09:37] [Server thread/TRACE] [REI] [REICommonPlugin END] Reloading Section: "pre-stage/EntryTypeRegistryImpl/" done in 18.73 μs
[09:09:37] [Server thread/TRACE] [REI] [REICommonPlugin END] Reloading Section: "pre-stage/EntrySettingsAdapterRegistryImpl/"
[09:09:37] [Server thread/TRACE] [REI] [REICommonPlugin END] Reloading Section: "pre-stage/EntrySettingsAdapterRegistryImpl/" done in 19.48 μs
[09:09:37] [Server thread/TRACE] [REI] [REICommonPlugin END] Reloading Section: "pre-stage/ItemComparatorRegistryImpl/"
[09:09:37] [Server thread/TRACE] [REI] [REICommonPlugin END] Reloading Section: "pre-stage/ItemComparatorRegistryImpl/" done in 18.69 μs
[09:09:37] [Server thread/TRACE] [REI] [REICommonPlugin END] Reloading Section: "pre-stage/FluidComparatorRegistryImpl/"
[09:09:37] [Server thread/TRACE] [REI] [REICommonPlugin END] Reloading Section: "pre-stage/FluidComparatorRegistryImpl/" done in 18.04 μs
[09:09:37] [Server thread/TRACE] [REI] [REICommonPlugin END] Reloading Section: "pre-stage/DisplaySerializerRegistryImpl/"
[09:09:37] [Server thread/TRACE] [REI] [REICommonPlugin END] Reloading Section: "pre-stage/DisplaySerializerRegistryImpl/" done in 16.44 μs
[09:09:37] [Server thread/TRACE] [REI] [REICommonPlugin END] Reloading Section: "pre-stage/ServerDisplayRegistryImpl/"
[09:09:37] [Server thread/TRACE] [REI] [REICommonPlugin END] Reloading Section: "pre-stage/ServerDisplayRegistryImpl/" done in 15.84 μs
[09:09:37] [Server thread/TRACE] [REI] [REICommonPlugin END] Reloading Section: "pre-stage/FluidSupportProviderImpl/"
[09:09:37] [Server thread/TRACE] [REI] [REICommonPlugin END] Reloading Section: "pre-stage/FluidSupportProviderImpl/" done in 17.15 μs
[09:09:37] [Server thread/TRACE] [REI] [REICommonPlugin END] Reloading Section: "pre-stage/" done in 511.2 μs
[09:09:37] [Server thread/DEBUG] [REI] ========================================
[09:09:37] [Server thread/DEBUG] [REI] REICommonPlugin finished pre-reload for END in 853.3 μs.
[09:09:37] [Server thread/DEBUG] [REI] ========================================
[09:09:37] [Server thread/INFO] [REI] %%%%%%%%%%%%%%%%%%%%%%%%%%%%%%%%%%%%%%%%
[09:09:37] [Server thread/INFO] [REI] REICommonPlugin starting main-reload for END.
[09:09:37] [Server thread/DEBUG] [REI] Reloadables (8):
[09:09:37] [Server thread/DEBUG] [REI]  - SlotAccessorRegistryImpl
[09:09:37] [Server thread/DEBUG] [REI]  - EntryTypeRegistryImpl
[09:09:37] [Server thread/DEBUG] [REI]  - EntrySettingsAdapterRegistryImpl
[09:09:37] [Server thread/DEBUG] [REI]  - ItemComparatorRegistryImpl
[09:09:37] [Server thread/DEBUG] [REI]  - FluidComparatorRegistryImpl
[09:09:37] [Server thread/DEBUG] [REI]  - DisplaySerializerRegistryImpl
[09:09:37] [Server thread/DEBUG] [REI]  - ServerDisplayRegistryImpl
[09:09:37] [Server thread/DEBUG] [REI]  - FluidSupportProviderImpl
[09:09:37] [Server thread/INFO] [REI] Plugins (4):
[09:09:37] [Server thread/INFO] [REI]  - (-100.00) DefaultPlugin of DefaultPlugin [roughlyenoughitems]
[09:09:37] [Server thread/INFO] [REI]  - (0.00) FabricFluidAPISupportPlugin
[09:09:37] [Server thread/INFO] [REI]  - (0.00) DefaultRuntimePlugin of DefaultRuntimePlugin [roughlyenoughitems]
[09:09:37] [Server thread/INFO] [REI]  - (0.00) CommonREIPlugin of CommonREIPlugin [farmersdelight]
[09:09:37] [Server thread/INFO] [REI] %%%%%%%%%%%%%%%%%%%%%%%%%%%%%%%%%%%%%%%%
[09:09:37] [Server thread/TRACE] [REI] [REICommonPlugin END] Reloading Section: "start-reload/"
[09:09:37] [Server thread/TRACE] [REI] [REICommonPlugin END] Reloading Section: "start-reload/SlotAccessorRegistryImpl/"
[09:09:37] [Server thread/TRACE] [REI] [REICommonPlugin END] Reloading Section: "start-reload/SlotAccessorRegistryImpl/" done in 30.67 μs
[09:09:37] [Server thread/TRACE] [REI] [REICommonPlugin END] Reloading Section: "start-reload/EntryTypeRegistryImpl/"
[09:09:37] [Server thread/TRACE] [REI] [REICommonPlugin END] Reloading Section: "start-reload/EntryTypeRegistryImpl/" done in 17.72 μs
[09:09:37] [Server thread/TRACE] [REI] [REICommonPlugin END] Reloading Section: "start-reload/EntrySettingsAdapterRegistryImpl/"
[09:09:37] [Server thread/TRACE] [REI] [REICommonPlugin END] Reloading Section: "start-reload/EntrySettingsAdapterRegistryImpl/" done in 19.65 μs
[09:09:37] [Server thread/TRACE] [REI] [REICommonPlugin END] Reloading Section: "start-reload/ItemComparatorRegistryImpl/"
[09:09:37] [Server thread/TRACE] [REI] [REICommonPlugin END] Reloading Section: "start-reload/ItemComparatorRegistryImpl/" done in 14.80 μs
[09:09:37] [Server thread/TRACE] [REI] [REICommonPlugin END] Reloading Section: "start-reload/FluidComparatorRegistryImpl/"
[09:09:37] [Server thread/TRACE] [REI] [REICommonPlugin END] Reloading Section: "start-reload/FluidComparatorRegistryImpl/" done in 13.11 μs
[09:09:37] [Server thread/TRACE] [REI] [REICommonPlugin END] Reloading Section: "start-reload/DisplaySerializerRegistryImpl/"
[09:09:37] [Server thread/TRACE] [REI] [REICommonPlugin END] Reloading Section: "start-reload/DisplaySerializerRegistryImpl/" done in 13.96 μs
[09:09:37] [Server thread/TRACE] [REI] [REICommonPlugin END] Reloading Section: "start-reload/ServerDisplayRegistryImpl/"
[09:09:37] [Server thread/TRACE] [REI] [REICommonPlugin END] Reloading Section: "start-reload/ServerDisplayRegistryImpl/" done in 53.37 μs
[09:09:37] [Server thread/TRACE] [REI] [REICommonPlugin END] Reloading Section: "start-reload/FluidSupportProviderImpl/"
[09:09:37] [Server thread/TRACE] [REI] [REICommonPlugin END] Reloading Section: "start-reload/FluidSupportProviderImpl/" done in 14.42 μs
[09:09:37] [Server thread/TRACE] [REI] [REICommonPlugin END] Reloading Section: "start-reload/" done in 508.7 μs
[09:09:37] [Server thread/DEBUG] [REI] ========================================
[09:09:37] [Server thread/DEBUG] [REI] REICommonPlugin started main-reload for END.
[09:09:37] [Server thread/DEBUG] [REI] ========================================
[09:09:37] [Server thread/TRACE] [REI] [REICommonPlugin END] Reloading Section: "reloadable-plugin/SlotAccessorRegistryImpl/"
[09:09:37] [Server thread/TRACE] [REI] [REICommonPlugin END] Reloading Section: "reloadable-plugin/SlotAccessorRegistryImpl/DefaultPlugin of DefaultPlugin [roughlyenoughitems]/"
[09:09:37] [Server thread/TRACE] [REI] [REICommonPlugin END] Reloading Section: "reloadable-plugin/SlotAccessorRegistryImpl/DefaultPlugin of DefaultPlugin [roughlyenoughitems]/" done in 43.50 μs
[09:09:37] [Server thread/TRACE] [REI] [REICommonPlugin END] Reloading Section: "reloadable-plugin/SlotAccessorRegistryImpl/FabricFluidAPISupportPlugin/"
[09:09:37] [Server thread/TRACE] [REI] [REICommonPlugin END] Reloading Section: "reloadable-plugin/SlotAccessorRegistryImpl/FabricFluidAPISupportPlugin/" done in 37.73 μs
[09:09:37] [Server thread/TRACE] [REI] [REICommonPlugin END] Reloading Section: "reloadable-plugin/SlotAccessorRegistryImpl/DefaultRuntimePlugin of DefaultRuntimePlugin [roughlyenoughitems]/"
[09:09:37] [Server thread/DEBUG] [REI] Added slot accessor serializer: me.shedaniel.rei.plugin.common.runtime.DefaultRuntimePlugin$1@52299ea2 [roughlyenoughitems:vanilla]
[09:09:37] [Server thread/DEBUG] [REI] Added slot accessor serializer: me.shedaniel.rei.plugin.common.runtime.DefaultRuntimePlugin$2@1b21aa70 [roughlyenoughitems:player]
[09:09:37] [Server thread/TRACE] [REI] [REICommonPlugin END] Reloading Section: "reloadable-plugin/SlotAccessorRegistryImpl/DefaultRuntimePlugin of DefaultRuntimePlugin [roughlyenoughitems]/" done in 1.523 ms
[09:09:37] [Server thread/TRACE] [REI] [REICommonPlugin END] Reloading Section: "reloadable-plugin/SlotAccessorRegistryImpl/CommonREIPlugin of CommonREIPlugin [farmersdelight]/"
[09:09:37] [Server thread/TRACE] [REI] [REICommonPlugin END] Reloading Section: "reloadable-plugin/SlotAccessorRegistryImpl/CommonREIPlugin of CommonREIPlugin [farmersdelight]/" done in 26.15 μs
[09:09:37] [Server thread/TRACE] [REI] [REICommonPlugin END] Reloading Section: "reloadable-plugin/SlotAccessorRegistryImpl/" done in 2.255 ms
[09:09:37] [Server thread/TRACE] [REI] [REICommonPlugin END] Reloading Section: "reloadable-plugin/EntryTypeRegistryImpl/"
[09:09:37] [Server thread/TRACE] [REI] [REICommonPlugin END] Reloading Section: "reloadable-plugin/EntryTypeRegistryImpl/DefaultPlugin of DefaultPlugin [roughlyenoughitems]/"
[09:09:37] [Server thread/TRACE] [REI] [REICommonPlugin END] Reloading Section: "reloadable-plugin/EntryTypeRegistryImpl/DefaultPlugin of DefaultPlugin [roughlyenoughitems]/" done in 20.17 μs
[09:09:37] [Server thread/TRACE] [REI] [REICommonPlugin END] Reloading Section: "reloadable-plugin/EntryTypeRegistryImpl/FabricFluidAPISupportPlugin/"
[09:09:37] [Server thread/TRACE] [REI] [REICommonPlugin END] Reloading Section: "reloadable-plugin/EntryTypeRegistryImpl/FabricFluidAPISupportPlugin/" done in 46.16 μs
[09:09:37] [Server thread/TRACE] [REI] [REICommonPlugin END] Reloading Section: "reloadable-plugin/EntryTypeRegistryImpl/DefaultRuntimePlugin of DefaultRuntimePlugin [roughlyenoughitems]/"
[09:09:37] [Server thread/TRACE] [REI] [REICommonPlugin END] Reloading Section: "reloadable-plugin/EntryTypeRegistryImpl/DefaultRuntimePlugin of DefaultRuntimePlugin [roughlyenoughitems]/" done in 65.01 μs
[09:09:37] [Server thread/TRACE] [REI] [REICommonPlugin END] Reloading Section: "reloadable-plugin/EntryTypeRegistryImpl/CommonREIPlugin of CommonREIPlugin [farmersdelight]/"
[09:09:37] [Server thread/TRACE] [REI] [REICommonPlugin END] Reloading Section: "reloadable-plugin/EntryTypeRegistryImpl/CommonREIPlugin of CommonREIPlugin [farmersdelight]/" done in 21.04 μs
[09:09:37] [Server thread/TRACE] [REI] [REICommonPlugin END] Reloading Section: "reloadable-plugin/EntryTypeRegistryImpl/" done in 353.4 μs
[09:09:37] [Server thread/TRACE] [REI] [REICommonPlugin END] Reloading Section: "reloadable-plugin/EntrySettingsAdapterRegistryImpl/"
[09:09:37] [Server thread/TRACE] [REI] [REICommonPlugin END] Reloading Section: "reloadable-plugin/EntrySettingsAdapterRegistryImpl/DefaultPlugin of DefaultPlugin [roughlyenoughitems]/"
[09:09:37] [Server thread/TRACE] [REI] [REICommonPlugin END] Reloading Section: "reloadable-plugin/EntrySettingsAdapterRegistryImpl/DefaultPlugin of DefaultPlugin [roughlyenoughitems]/" done in 25.78 μs
[09:09:37] [Server thread/TRACE] [REI] [REICommonPlugin END] Reloading Section: "reloadable-plugin/EntrySettingsAdapterRegistryImpl/FabricFluidAPISupportPlugin/"
[09:09:37] [Server thread/TRACE] [REI] [REICommonPlugin END] Reloading Section: "reloadable-plugin/EntrySettingsAdapterRegistryImpl/FabricFluidAPISupportPlugin/" done in 19.11 μs
[09:09:37] [Server thread/TRACE] [REI] [REICommonPlugin END] Reloading Section: "reloadable-plugin/EntrySettingsAdapterRegistryImpl/DefaultRuntimePlugin of DefaultRuntimePlugin [roughlyenoughitems]/"
[09:09:37] [Server thread/TRACE] [REI] [REICommonPlugin END] Reloading Section: "reloadable-plugin/EntrySettingsAdapterRegistryImpl/DefaultRuntimePlugin of DefaultRuntimePlugin [roughlyenoughitems]/" done in 22.45 μs
[09:09:37] [Server thread/TRACE] [REI] [REICommonPlugin END] Reloading Section: "reloadable-plugin/EntrySettingsAdapterRegistryImpl/CommonREIPlugin of CommonREIPlugin [farmersdelight]/"
[09:09:37] [Server thread/TRACE] [REI] [REICommonPlugin END] Reloading Section: "reloadable-plugin/EntrySettingsAdapterRegistryImpl/CommonREIPlugin of CommonREIPlugin [farmersdelight]/" done in 25.79 μs
[09:09:37] [Server thread/TRACE] [REI] [REICommonPlugin END] Reloading Section: "reloadable-plugin/EntrySettingsAdapterRegistryImpl/" done in 274.4 μs
[09:09:37] [Server thread/TRACE] [REI] [REICommonPlugin END] Reloading Section: "reloadable-plugin/ItemComparatorRegistryImpl/"
[09:09:37] [Server thread/TRACE] [REI] [REICommonPlugin END] Reloading Section: "reloadable-plugin/ItemComparatorRegistryImpl/DefaultPlugin of DefaultPlugin [roughlyenoughitems]/"
[09:09:37] [Server thread/TRACE] [REI] [REICommonPlugin END] Reloading Section: "reloadable-plugin/ItemComparatorRegistryImpl/DefaultPlugin of DefaultPlugin [roughlyenoughitems]/" done in 21.46 μs
[09:09:37] [Server thread/TRACE] [REI] [REICommonPlugin END] Reloading Section: "reloadable-plugin/ItemComparatorRegistryImpl/FabricFluidAPISupportPlugin/"
[09:09:37] [Server thread/TRACE] [REI] [REICommonPlugin END] Reloading Section: "reloadable-plugin/ItemComparatorRegistryImpl/FabricFluidAPISupportPlugin/" done in 19.91 μs
[09:09:37] [Server thread/TRACE] [REI] [REICommonPlugin END] Reloading Section: "reloadable-plugin/ItemComparatorRegistryImpl/DefaultRuntimePlugin of DefaultRuntimePlugin [roughlyenoughitems]/"
[09:09:37] [Server thread/TRACE] [REI] [REICommonPlugin END] Reloading Section: "reloadable-plugin/ItemComparatorRegistryImpl/DefaultRuntimePlugin of DefaultRuntimePlugin [roughlyenoughitems]/" done in 20.19 μs
[09:09:37] [Server thread/TRACE] [REI] [REICommonPlugin END] Reloading Section: "reloadable-plugin/ItemComparatorRegistryImpl/CommonREIPlugin of CommonREIPlugin [farmersdelight]/"
[09:09:37] [Server thread/TRACE] [REI] [REICommonPlugin END] Reloading Section: "reloadable-plugin/ItemComparatorRegistryImpl/CommonREIPlugin of CommonREIPlugin [farmersdelight]/" done in 20.11 μs
[09:09:37] [Server thread/TRACE] [REI] [REICommonPlugin END] Reloading Section: "reloadable-plugin/ItemComparatorRegistryImpl/" done in 257.6 μs
[09:09:37] [Server thread/TRACE] [REI] [REICommonPlugin END] Reloading Section: "reloadable-plugin/FluidComparatorRegistryImpl/"
[09:09:37] [Server thread/TRACE] [REI] [REICommonPlugin END] Reloading Section: "reloadable-plugin/FluidComparatorRegistryImpl/DefaultPlugin of DefaultPlugin [roughlyenoughitems]/"
[09:09:37] [Server thread/TRACE] [REI] [REICommonPlugin END] Reloading Section: "reloadable-plugin/FluidComparatorRegistryImpl/DefaultPlugin of DefaultPlugin [roughlyenoughitems]/" done in 19.17 μs
[09:09:37] [Server thread/TRACE] [REI] [REICommonPlugin END] Reloading Section: "reloadable-plugin/FluidComparatorRegistryImpl/FabricFluidAPISupportPlugin/"
[09:09:37] [Server thread/TRACE] [REI] [REICommonPlugin END] Reloading Section: "reloadable-plugin/FluidComparatorRegistryImpl/FabricFluidAPISupportPlugin/" done in 19.37 μs
[09:09:37] [Server thread/TRACE] [REI] [REICommonPlugin END] Reloading Section: "reloadable-plugin/FluidComparatorRegistryImpl/DefaultRuntimePlugin of DefaultRuntimePlugin [roughlyenoughitems]/"
[09:09:37] [Server thread/TRACE] [REI] [REICommonPlugin END] Reloading Section: "reloadable-plugin/FluidComparatorRegistryImpl/DefaultRuntimePlugin of DefaultRuntimePlugin [roughlyenoughitems]/" done in 30.37 μs
[09:09:37] [Server thread/TRACE] [REI] [REICommonPlugin END] Reloading Section: "reloadable-plugin/FluidComparatorRegistryImpl/CommonREIPlugin of CommonREIPlugin [farmersdelight]/"
[09:09:37] [Server thread/TRACE] [REI] [REICommonPlugin END] Reloading Section: "reloadable-plugin/FluidComparatorRegistryImpl/CommonREIPlugin of CommonREIPlugin [farmersdelight]/" done in 23.25 μs
[09:09:37] [Server thread/TRACE] [REI] [REICommonPlugin END] Reloading Section: "reloadable-plugin/FluidComparatorRegistryImpl/" done in 450.2 μs
[09:09:37] [Server thread/TRACE] [REI] [REICommonPlugin END] Reloading Section: "reloadable-plugin/DisplaySerializerRegistryImpl/"
[09:09:37] [Server thread/TRACE] [REI] [REICommonPlugin END] Reloading Section: "reloadable-plugin/DisplaySerializerRegistryImpl/DefaultPlugin of DefaultPlugin [roughlyenoughitems]/"
[09:09:37] [Server thread/TRACE] [REI] [REICommonPlugin END] Reloading Section: "reloadable-plugin/DisplaySerializerRegistryImpl/DefaultPlugin of DefaultPlugin [roughlyenoughitems]/" done in 24.42 μs
[09:09:37] [Server thread/TRACE] [REI] [REICommonPlugin END] Reloading Section: "reloadable-plugin/DisplaySerializerRegistryImpl/FabricFluidAPISupportPlugin/"
[09:09:37] [Server thread/TRACE] [REI] [REICommonPlugin END] Reloading Section: "reloadable-plugin/DisplaySerializerRegistryImpl/FabricFluidAPISupportPlugin/" done in 30.22 μs
[09:09:37] [Server thread/TRACE] [REI] [REICommonPlugin END] Reloading Section: "reloadable-plugin/DisplaySerializerRegistryImpl/DefaultRuntimePlugin of DefaultRuntimePlugin [roughlyenoughitems]/"
[09:09:37] [Server thread/TRACE] [REI] [REICommonPlugin END] Reloading Section: "reloadable-plugin/DisplaySerializerRegistryImpl/DefaultRuntimePlugin of DefaultRuntimePlugin [roughlyenoughitems]/" done in 21.56 μs
[09:09:37] [Server thread/TRACE] [REI] [REICommonPlugin END] Reloading Section: "reloadable-plugin/DisplaySerializerRegistryImpl/CommonREIPlugin of CommonREIPlugin [farmersdelight]/"
[09:09:37] [Server thread/TRACE] [REI] [REICommonPlugin END] Reloading Section: "reloadable-plugin/DisplaySerializerRegistryImpl/CommonREIPlugin of CommonREIPlugin [farmersdelight]/" done in 27.52 μs
[09:09:37] [Server thread/TRACE] [REI] [REICommonPlugin END] Reloading Section: "reloadable-plugin/DisplaySerializerRegistryImpl/" done in 355.7 μs
[09:09:37] [Server thread/TRACE] [REI] [REICommonPlugin END] Reloading Section: "reloadable-plugin/ServerDisplayRegistryImpl/"
[09:09:37] [Server thread/TRACE] [REI] [REICommonPlugin END] Reloading Section: "reloadable-plugin/ServerDisplayRegistryImpl/DefaultPlugin of DefaultPlugin [roughlyenoughitems]/"
[09:09:37] [Server thread/DEBUG] [REI] Added display filter: me.shedaniel.rei.api.common.registry.display.DisplayConsumer$RecipeManagerConsumer$RecipeFillerBuilder$$Lambda/0x00007faba1e88df8@703e83a0
[09:09:37] [Server thread/DEBUG] [REI] Added display filter: me.shedaniel.rei.api.common.registry.display.DisplayConsumer$RecipeManagerConsumer$RecipeFillerBuilder$$Lambda/0x00007faba1e88df8@281924a6
[09:09:37] [Server thread/DEBUG] [REI] Added display filter: me.shedaniel.rei.api.common.registry.display.DisplayConsumer$RecipeManagerConsumer$RecipeFillerBuilder$$Lambda/0x00007faba1e88df8@498f0566
[09:09:37] [Server thread/DEBUG] [REI] Added display filter: me.shedaniel.rei.api.common.registry.display.DisplayConsumer$RecipeManagerConsumer$RecipeFillerBuilder$$Lambda/0x00007faba1e88df8@663f20f9
[09:09:37] [Server thread/DEBUG] [REI] Added display filter: me.shedaniel.rei.api.common.registry.display.DisplayConsumer$RecipeManagerConsumer$RecipeFillerBuilder$$Lambda/0x00007faba1e88df8@5f6d536e
[09:09:37] [Server thread/DEBUG] [REI] Added display filter: me.shedaniel.rei.api.common.registry.display.DisplayConsumer$RecipeManagerConsumer$RecipeFillerBuilder$$Lambda/0x00007faba1e88df8@577a161e
[09:09:37] [Server thread/DEBUG] [REI] Added display filter: me.shedaniel.rei.api.common.registry.display.DisplayConsumer$RecipeManagerConsumer$RecipeFillerBuilder$$Lambda/0x00007faba1e88df8@4a160e7b
[09:09:37] [Server thread/DEBUG] [REI] Added display filter: me.shedaniel.rei.api.common.registry.display.DisplayConsumer$RecipeManagerConsumer$RecipeFillerBuilder$$Lambda/0x00007faba1e8a690@40e592d9
[09:09:37] [Server thread/DEBUG] [REI] Added display filter: me.shedaniel.rei.api.common.registry.display.DisplayConsumer$RecipeManagerConsumer$RecipeFillerBuilder$$Lambda/0x00007faba1e8a690@25cac5a
[09:09:37] [Server thread/DEBUG] [REI] Added display filter: me.shedaniel.rei.api.common.registry.display.DisplayConsumer$RecipeManagerConsumer$RecipeFillerBuilder$$Lambda/0x00007faba1e8a690@2e4dbd95
[09:09:37] [Server thread/DEBUG] [REI] Added display filter: me.shedaniel.rei.api.common.registry.display.DisplayConsumer$RecipeManagerConsumer$RecipeFillerBuilder$$Lambda/0x00007faba1e8a690@456d1d09
[09:09:37] [Server thread/DEBUG] [REI] Added display filter: me.shedaniel.rei.api.common.registry.display.DisplayConsumer$RecipeManagerConsumer$RecipeFillerBuilder$$Lambda/0x00007faba1e8a690@29723c27
[09:09:37] [Server thread/DEBUG] [REI] Added display filter: me.shedaniel.rei.api.common.registry.display.DisplayConsumer$RecipeManagerConsumer$RecipeFillerBuilder$$Lambda/0x00007faba1e8a690@4e2b7b2f
[09:09:37] [Server thread/DEBUG] [REI] Added display filter: me.shedaniel.rei.api.common.registry.display.DisplayConsumer$RecipeManagerConsumer$RecipeFillerBuilder$$Lambda/0x00007faba1e8a690@d49c66a
[09:09:37] [Server thread/DEBUG] [REI] Added display filter: me.shedaniel.rei.api.common.registry.display.DisplayConsumer$RecipeManagerConsumer$RecipeFillerBuilder$$Lambda/0x00007faba1e8a690@20e1079f
[09:09:37] [Server thread/DEBUG] [REI] Added display filter: me.shedaniel.rei.api.common.registry.display.DisplayConsumer$RecipeManagerConsumer$RecipeFillerBuilder$$Lambda/0x00007faba1e8a690@18ca84a0
[09:09:37] [Server thread/TRACE] [REI] [REICommonPlugin END] Reloading Section: "reloadable-plugin/ServerDisplayRegistryImpl/DefaultPlugin of DefaultPlugin [roughlyenoughitems]/" done in 4.835 ms
[09:09:37] [Server thread/TRACE] [REI] [REICommonPlugin END] Reloading Section: "reloadable-plugin/ServerDisplayRegistryImpl/FabricFluidAPISupportPlugin/"
[09:09:37] [Server thread/TRACE] [REI] [REICommonPlugin END] Reloading Section: "reloadable-plugin/ServerDisplayRegistryImpl/FabricFluidAPISupportPlugin/" done in 25.95 μs
[09:09:37] [Server thread/TRACE] [REI] [REICommonPlugin END] Reloading Section: "reloadable-plugin/ServerDisplayRegistryImpl/DefaultRuntimePlugin of DefaultRuntimePlugin [roughlyenoughitems]/"
[09:09:37] [Server thread/TRACE] [REI] [REICommonPlugin END] Reloading Section: "reloadable-plugin/ServerDisplayRegistryImpl/DefaultRuntimePlugin of DefaultRuntimePlugin [roughlyenoughitems]/" done in 23.50 μs
[09:09:37] [Server thread/TRACE] [REI] [REICommonPlugin END] Reloading Section: "reloadable-plugin/ServerDisplayRegistryImpl/CommonREIPlugin of CommonREIPlugin [farmersdelight]/"
[09:09:37] [Server thread/DEBUG] [REI] Added display filter: me.shedaniel.rei.api.common.registry.display.DisplayConsumer$RecipeManagerConsumer$RecipeFillerBuilder$$Lambda/0x00007faba1e88df8@4e949bcc
[09:09:37] [Server thread/DEBUG] [REI] Added display filter: me.shedaniel.rei.api.common.registry.display.DisplayConsumer$RecipeManagerConsumer$RecipeFillerBuilder$$Lambda/0x00007faba1e88df8@2a42c786
[09:09:37] [Server thread/TRACE] [REI] [REICommonPlugin END] Reloading Section: "reloadable-plugin/ServerDisplayRegistryImpl/CommonREIPlugin of CommonREIPlugin [farmersdelight]/" done in 3.663 ms
[09:09:37] [Server thread/TRACE] [REI] [REICommonPlugin END] Reloading Section: "reloadable-plugin/ServerDisplayRegistryImpl/" done in 8.775 ms
[09:09:37] [Server thread/TRACE] [REI] [REICommonPlugin END] Reloading Section: "reloadable-plugin/FluidSupportProviderImpl/"
[09:09:37] [Server thread/TRACE] [REI] [REICommonPlugin END] Reloading Section: "reloadable-plugin/FluidSupportProviderImpl/DefaultPlugin of DefaultPlugin [roughlyenoughitems]/"
[09:09:37] [Server thread/TRACE] [REI] [REICommonPlugin END] Reloading Section: "reloadable-plugin/FluidSupportProviderImpl/DefaultPlugin of DefaultPlugin [roughlyenoughitems]/" done in 20.95 μs
[09:09:37] [Server thread/TRACE] [REI] [REICommonPlugin END] Reloading Section: "reloadable-plugin/FluidSupportProviderImpl/FabricFluidAPISupportPlugin/"
[09:09:37] [Server thread/TRACE] [REI] [REICommonPlugin END] Reloading Section: "reloadable-plugin/FluidSupportProviderImpl/FabricFluidAPISupportPlugin/" done in 19.53 μs
[09:09:37] [Server thread/TRACE] [REI] [REICommonPlugin END] Reloading Section: "reloadable-plugin/FluidSupportProviderImpl/DefaultRuntimePlugin of DefaultRuntimePlugin [roughlyenoughitems]/"
[09:09:37] [Server thread/TRACE] [REI] [REICommonPlugin END] Reloading Section: "reloadable-plugin/FluidSupportProviderImpl/DefaultRuntimePlugin of DefaultRuntimePlugin [roughlyenoughitems]/" done in 19.52 μs
[09:09:37] [Server thread/TRACE] [REI] [REICommonPlugin END] Reloading Section: "reloadable-plugin/FluidSupportProviderImpl/CommonREIPlugin of CommonREIPlugin [farmersdelight]/"
[09:09:37] [Server thread/TRACE] [REI] [REICommonPlugin END] Reloading Section: "reloadable-plugin/FluidSupportProviderImpl/CommonREIPlugin of CommonREIPlugin [farmersdelight]/" done in 22.09 μs
[09:09:37] [Server thread/TRACE] [REI] [REICommonPlugin END] Reloading Section: "reloadable-plugin/FluidSupportProviderImpl/" done in 264.0 μs
[09:09:37] [Server thread/DEBUG] [REI] ========================================
[09:09:37] [Server thread/DEBUG] [REI] REICommonPlugin ending main-reload for END.
[09:09:37] [Server thread/DEBUG] [REI] ========================================
[09:09:37] [Server thread/TRACE] [REI] [REICommonPlugin END] Reloading Section: "end-reload/"
[09:09:37] [Server thread/TRACE] [REI] [REICommonPlugin END] Reloading Section: "end-reload/SlotAccessorRegistryImpl/"
[09:09:37] [Server thread/DEBUG] [REI] Registered 2 slot accessor serializers
[09:09:37] [Server thread/TRACE] [REI] [REICommonPlugin END] Reloading Section: "end-reload/SlotAccessorRegistryImpl/" done in 50.98 μs
[09:09:37] [Server thread/TRACE] [REI] [REICommonPlugin END] Reloading Section: "end-reload/EntryTypeRegistryImpl/"
[09:09:37] [Server thread/TRACE] [REI] [REICommonPlugin END] Reloading Section: "end-reload/EntryTypeRegistryImpl/" done in 14.28 μs
[09:09:37] [Server thread/TRACE] [REI] [REICommonPlugin END] Reloading Section: "end-reload/EntrySettingsAdapterRegistryImpl/"
[09:09:37] [Server thread/TRACE] [REI] [REICommonPlugin END] Reloading Section: "end-reload/EntrySettingsAdapterRegistryImpl/" done in 15.11 μs
[09:09:37] [Server thread/TRACE] [REI] [REICommonPlugin END] Reloading Section: "end-reload/ItemComparatorRegistryImpl/"
[09:09:37] [Server thread/TRACE] [REI] [REICommonPlugin END] Reloading Section: "end-reload/ItemComparatorRegistryImpl/" done in 13.23 μs
[09:09:37] [Server thread/TRACE] [REI] [REICommonPlugin END] Reloading Section: "end-reload/FluidComparatorRegistryImpl/"
[09:09:37] [Server thread/TRACE] [REI] [REICommonPlugin END] Reloading Section: "end-reload/FluidComparatorRegistryImpl/" done in 12.82 μs
[09:09:37] [Server thread/TRACE] [REI] [REICommonPlugin END] Reloading Section: "end-reload/DisplaySerializerRegistryImpl/"
[09:09:37] [Server thread/TRACE] [REI] [REICommonPlugin END] Reloading Section: "end-reload/DisplaySerializerRegistryImpl/" done in 15.89 μs
[09:09:37] [Server thread/TRACE] [REI] [REICommonPlugin END] Reloading Section: "end-reload/ServerDisplayRegistryImpl/"
[09:09:37] [Server thread/DEBUG] [REI] Found preliminary 11 displays
[09:09:37] [Server thread/DEBUG] [REI] Filled 4722 displays from recipe manager in 95.57 ms
[09:09:37] [Server thread/TRACE] [REI] [REICommonPlugin END] Reloading Section: "end-reload/ServerDisplayRegistryImpl/" done in 95.79 ms
[09:09:37] [Server thread/TRACE] [REI] [REICommonPlugin END] Reloading Section: "end-reload/FluidSupportProviderImpl/"
[09:09:37] [Server thread/TRACE] [REI] [REICommonPlugin END] Reloading Section: "end-reload/FluidSupportProviderImpl/" done in 21.61 μs
[09:09:37] [Server thread/TRACE] [REI] [REICommonPlugin END] Reloading Section: "end-reload/" done in 96.29 ms
[09:09:37] [Server thread/DEBUG] [REI] ========================================
[09:09:37] [Server thread/DEBUG] [REI] REICommonPlugin ended main-reload for END in 111.6 ms.
[09:09:37] [Server thread/DEBUG] [REI] ========================================
[09:09:37] [Server thread/DEBUG] [REI] ========================================
[09:09:37] [Server thread/DEBUG] [REI] REICommonPlugin starting post-reload for END.
[09:09:37] [Server thread/DEBUG] [REI] Reloadables (8):
[09:09:37] [Server thread/DEBUG] [REI]  - SlotAccessorRegistryImpl
[09:09:37] [Server thread/DEBUG] [REI]  - EntryTypeRegistryImpl
[09:09:37] [Server thread/DEBUG] [REI]  - EntrySettingsAdapterRegistryImpl
[09:09:37] [Server thread/DEBUG] [REI]  - ItemComparatorRegistryImpl
[09:09:37] [Server thread/DEBUG] [REI]  - FluidComparatorRegistryImpl
[09:09:37] [Server thread/DEBUG] [REI]  - DisplaySerializerRegistryImpl
[09:09:37] [Server thread/DEBUG] [REI]  - ServerDisplayRegistryImpl
[09:09:37] [Server thread/DEBUG] [REI]  - FluidSupportProviderImpl
[09:09:37] [Server thread/DEBUG] [REI] Plugins (4):
[09:09:37] [Server thread/DEBUG] [REI]  - (-100.00) DefaultPlugin of DefaultPlugin [roughlyenoughitems]
[09:09:37] [Server thread/DEBUG] [REI]  - (0.00) FabricFluidAPISupportPlugin
[09:09:37] [Server thread/DEBUG] [REI]  - (0.00) DefaultRuntimePlugin of DefaultRuntimePlugin [roughlyenoughitems]
[09:09:37] [Server thread/DEBUG] [REI]  - (0.00) CommonREIPlugin of CommonREIPlugin [farmersdelight]
[09:09:37] [Server thread/DEBUG] [REI] ========================================
[09:09:37] [Server thread/TRACE] [REI] [REICommonPlugin END] Reloading Section: "post-register/"
[09:09:37] [Server thread/TRACE] [REI] [REICommonPlugin END] Reloading Section: "post-register/DefaultPlugin of DefaultPlugin [roughlyenoughitems]/"
[09:09:37] [Server thread/TRACE] [REI] [REICommonPlugin END] Reloading Section: "post-register/DefaultPlugin of DefaultPlugin [roughlyenoughitems]/" done in 24.40 μs
[09:09:37] [Server thread/TRACE] [REI] [REICommonPlugin END] Reloading Section: "post-register/FabricFluidAPISupportPlugin/"
[09:09:37] [Server thread/TRACE] [REI] [REICommonPlugin END] Reloading Section: "post-register/FabricFluidAPISupportPlugin/" done in 15.69 μs
[09:09:37] [Server thread/TRACE] [REI] [REICommonPlugin END] Reloading Section: "post-register/DefaultRuntimePlugin of DefaultRuntimePlugin [roughlyenoughitems]/"
[09:09:37] [Server thread/TRACE] [REI] [REICommonPlugin END] Reloading Section: "post-register/DefaultRuntimePlugin of DefaultRuntimePlugin [roughlyenoughitems]/" done in 30.47 μs
[09:09:37] [Server thread/TRACE] [REI] [REICommonPlugin END] Reloading Section: "post-register/CommonREIPlugin of CommonREIPlugin [farmersdelight]/"
[09:09:37] [Server thread/TRACE] [REI] [REICommonPlugin END] Reloading Section: "post-register/CommonREIPlugin of CommonREIPlugin [farmersdelight]/" done in 17.91 μs
[09:09:37] [Server thread/TRACE] [REI] [REICommonPlugin END] Reloading Section: "post-register/" done in 266.4 μs
[09:09:37] [Server thread/TRACE] [REI] [REICommonPlugin END] Reloading Section: "post-stage/"
[09:09:37] [Server thread/TRACE] [REI] [REICommonPlugin END] Reloading Section: "post-stage/SlotAccessorRegistryImpl/"
[09:09:37] [Server thread/TRACE] [REI] [REICommonPlugin END] Reloading Section: "post-stage/SlotAccessorRegistryImpl/" done in 30.06 μs
[09:09:37] [Server thread/TRACE] [REI] [REICommonPlugin END] Reloading Section: "post-stage/EntryTypeRegistryImpl/"
[09:09:37] [Server thread/TRACE] [REI] [REICommonPlugin END] Reloading Section: "post-stage/EntryTypeRegistryImpl/" done in 14.69 μs
[09:09:37] [Server thread/TRACE] [REI] [REICommonPlugin END] Reloading Section: "post-stage/EntrySettingsAdapterRegistryImpl/"
[09:09:37] [Server thread/TRACE] [REI] [REICommonPlugin END] Reloading Section: "post-stage/EntrySettingsAdapterRegistryImpl/" done in 17.15 μs
[09:09:37] [Server thread/TRACE] [REI] [REICommonPlugin END] Reloading Section: "post-stage/ItemComparatorRegistryImpl/"
[09:09:37] [Server thread/TRACE] [REI] [REICommonPlugin END] Reloading Section: "post-stage/ItemComparatorRegistryImpl/" done in 12.81 μs
[09:09:37] [Server thread/TRACE] [REI] [REICommonPlugin END] Reloading Section: "post-stage/FluidComparatorRegistryImpl/"
[09:09:37] [Server thread/TRACE] [REI] [REICommonPlugin END] Reloading Section: "post-stage/FluidComparatorRegistryImpl/" done in 11.99 μs
[09:09:37] [Server thread/TRACE] [REI] [REICommonPlugin END] Reloading Section: "post-stage/DisplaySerializerRegistryImpl/"
[09:09:37] [Server thread/TRACE] [REI] [REICommonPlugin END] Reloading Section: "post-stage/DisplaySerializerRegistryImpl/" done in 18.87 μs
[09:09:37] [Server thread/TRACE] [REI] [REICommonPlugin END] Reloading Section: "post-stage/ServerDisplayRegistryImpl/"
[09:09:37] [Server thread/TRACE] [REI] [REICommonPlugin END] Reloading Section: "post-stage/ServerDisplayRegistryImpl/" done in 31.92 μs
[09:09:37] [Server thread/TRACE] [REI] [REICommonPlugin END] Reloading Section: "post-stage/FluidSupportProviderImpl/"
[09:09:37] [Server thread/TRACE] [REI] [REICommonPlugin END] Reloading Section: "post-stage/FluidSupportProviderImpl/" done in 12.90 μs
[09:09:37] [Server thread/TRACE] [REI] [REICommonPlugin END] Reloading Section: "post-stage/" done in 489.4 μs
[09:09:37] [Server thread/DEBUG] [REI] ========================================
[09:09:37] [Server thread/INFO] [REI] REICommonPlugin finished post-reload for END in 813.8 μs, totaling 113.3 ms.
[09:09:37] [Server thread/DEBUG] [REI] ========================================
[09:09:38] [Server thread/DEBUG] [REI] Updating players with new displays version 4EAF708600000001 [from 4EAF708600000000]
